#
# There is insufficient memory for the Java Runtime Environment to continue.
# Native memory allocation (malloc) failed to allocate 537296 bytes for Chunk::new
# Possible reasons:
#   The system is out of physical RAM or swap space
#   The process is running with CompressedOops enabled, and the Java Heap may be blocking the growth of the native heap
# Possible solutions:
#   Reduce memory load on the system
#   Increase physical memory or swap space
#   Check if swap backing store is full
#   Decrease Java heap size (-Xmx/-Xms)
#   Decrease number of Java threads
#   Decrease Java thread stack sizes (-Xss)
#   Set larger code cache with -XX:ReservedCodeCacheSize=
#   JVM is running with Unscaled Compressed Oops mode in which the Java heap is
#     placed in the first 4GB address space. The Java Heap base address is the
#     maximum limit for the native heap growth. Please use -XX:HeapBaseMinAddress
#     to set the Java Heap base and to place the Java Heap above 4GB virtual address.
# This output file may be truncated or incomplete.
#
#  Out of Memory Error (arena.cpp:189), pid=2876, tid=3216
#
# JRE version: OpenJDK Runtime Environment Temurin-17.0.8.1+1 (17.0.8.1+1) (build 17.0.8.1+1)
# Java VM: OpenJDK 64-Bit Server VM Temurin-17.0.8.1+1 (17.0.8.1+1, mixed mode, tiered, compressed oops, compressed class ptrs, parallel gc, windows-amd64)
# No core dump will be written. Minidumps are not enabled by default on client versions of Windows
#

---------------  S U M M A R Y ------------

Command Line: --add-modules=ALL-SYSTEM --add-opens=java.base/java.util=ALL-UNNAMED --add-opens=java.base/java.lang=ALL-UNNAMED --add-opens=java.base/sun.nio.fs=ALL-UNNAMED -Declipse.application=org.eclipse.jdt.ls.core.id1 -Dosgi.bundles.defaultStartLevel=4 -Declipse.product=org.eclipse.jdt.ls.core.product -Djava.import.generatesMetadataFilesAtProjectRoot=false -DDetectVMInstallationsJob.disabled=true -Dfile.encoding=utf8 -XX:+UseParallelGC -XX:GCTimeRatio=4 -XX:AdaptiveSizePolicyWeight=90 -Dsun.zip.disableMemoryMapping=true -Xmx1G -Xms100m -Xlog:disable -javaagent:c:\Users\ASUS\.vscode\extensions\redhat.java-1.23.0-win32-x64\lombok\lombok-1.18.30.jar -XX:+HeapDumpOnOutOfMemoryError -XX:HeapDumpPath=c:\Users\ASUS\AppData\Roaming\Code\User\workspaceStorage\9019717e22b623e3c465c21b3d2fc438\redhat.java -Daether.dependencyCollector.impl=bf c:\Users\ASUS\.vscode\extensions\redhat.java-1.23.0-win32-x64\server\plugins\org.eclipse.equinox.launcher_1.6.500.v20230717-2134.jar -configuration c:\Users\ASUS\AppData\Roaming\Code\User\globalStorage\redhat.java\1.23.0\config_win -data c:\Users\ASUS\AppData\Roaming\Code\User\workspaceStorage\9019717e22b623e3c465c21b3d2fc438\redhat.java\jdt_ws

Host: Intel(R) Core(TM) i3-1005G1 CPU @ 1.20GHz, 4 cores, 7G,  Windows 11 , 64 bit Build 22621 (10.0.22621.2215)
Time: Thu Oct  5 09:35:26 2023 India Standard Time elapsed time: 68.488990 seconds (0d 0h 1m 8s)

---------------  T H R E A D  ---------------

Current thread (0x000001a7d5abadb0):  JavaThread "C2 CompilerThread0" daemon [_thread_in_native, id=3216, stack(0x0000002658f00000,0x0000002659000000)]


Current CompileTask:
C2:  68489 5939       4       jdk.internal.jimage.ImageReader$SharedImageReader::makeDirectories (54 bytes)

Stack: [0x0000002658f00000,0x0000002659000000]
Native frames: (J=compiled Java code, j=interpreted, Vv=VM code, C=native code)
V  [jvm.dll+0x678b0a]
V  [jvm.dll+0x835e84]
V  [jvm.dll+0x83762e]
V  [jvm.dll+0x837c93]
V  [jvm.dll+0x24746f]
V  [jvm.dll+0xac20c]
V  [jvm.dll+0xac7dc]
V  [jvm.dll+0x365c52]
V  [jvm.dll+0x1bd012]
V  [jvm.dll+0x219d49]
V  [jvm.dll+0x219011]
V  [jvm.dll+0x1a534d]
V  [jvm.dll+0x228d8a]
V  [jvm.dll+0x226dcc]
V  [jvm.dll+0x7ec09b]
V  [jvm.dll+0x7e64ca]
V  [jvm.dll+0x677955]
C  [ucrtbase.dll+0x29363]
C  [KERNEL32.DLL+0x1257d]
C  [ntdll.dll+0x5aa68]


---------------  P R O C E S S  ---------------

Threads class SMR info:
_java_thread_list=0x000001a7dccd0580, length=27, elements={
0x000001a7c1c67a50, 0x000001a7d5a88020, 0x000001a7d5a89290, 0x000001a7d5ab5f30,
0x000001a7d5ab6a00, 0x000001a7d5ab74d0, 0x000001a7d5ab7fa0, 0x000001a7d5abadb0,
0x000001a7dad00730, 0x000001a7dad147c0, 0x000001a7dadf6c30, 0x000001a7daf49ca0,
0x000001a7db55c380, 0x000001a7db572260, 0x000001a7db572cf0, 0x000001a7dba7a800,
0x000001a7db43d3e0, 0x000001a7db43c4b0, 0x000001a7db43e310, 0x000001a7db43b070,
0x000001a7db43ba90, 0x000001a7db43b580, 0x000001a7db43c9c0, 0x000001a7db43ced0,
0x000001a7db43de00, 0x000001a7db335910, 0x000001a7db333ab0
}

Java Threads: ( => current thread )
  0x000001a7c1c67a50 JavaThread "main" [_thread_blocked, id=14672, stack(0x0000002658500000,0x0000002658600000)]
  0x000001a7d5a88020 JavaThread "Reference Handler" daemon [_thread_blocked, id=15316, stack(0x0000002658900000,0x0000002658a00000)]
  0x000001a7d5a89290 JavaThread "Finalizer" daemon [_thread_blocked, id=1576, stack(0x0000002658a00000,0x0000002658b00000)]
  0x000001a7d5ab5f30 JavaThread "Signal Dispatcher" daemon [_thread_blocked, id=12144, stack(0x0000002658b00000,0x0000002658c00000)]
  0x000001a7d5ab6a00 JavaThread "Attach Listener" daemon [_thread_blocked, id=12724, stack(0x0000002658c00000,0x0000002658d00000)]
  0x000001a7d5ab74d0 JavaThread "Service Thread" daemon [_thread_blocked, id=8316, stack(0x0000002658d00000,0x0000002658e00000)]
  0x000001a7d5ab7fa0 JavaThread "Monitor Deflation Thread" daemon [_thread_blocked, id=5452, stack(0x0000002658e00000,0x0000002658f00000)]
=>0x000001a7d5abadb0 JavaThread "C2 CompilerThread0" daemon [_thread_in_native, id=3216, stack(0x0000002658f00000,0x0000002659000000)]
  0x000001a7dad00730 JavaThread "C1 CompilerThread0" daemon [_thread_in_native, id=2012, stack(0x0000002659000000,0x0000002659100000)]
  0x000001a7dad147c0 JavaThread "Sweeper thread" daemon [_thread_blocked, id=14536, stack(0x0000002659100000,0x0000002659200000)]
  0x000001a7dadf6c30 JavaThread "Common-Cleaner" daemon [_thread_blocked, id=14020, stack(0x0000002659200000,0x0000002659300000)]
  0x000001a7daf49ca0 JavaThread "Notification Thread" daemon [_thread_blocked, id=12064, stack(0x0000002659300000,0x0000002659400000)]
  0x000001a7db55c380 JavaThread "Active Thread: Equinox Container: 2f138d89-6dda-4fbf-ae96-7c598dc162e4" [_thread_blocked, id=13004, stack(0x0000002659800000,0x0000002659900000)]
  0x000001a7db572260 JavaThread "Framework Event Dispatcher: Equinox Container: 2f138d89-6dda-4fbf-ae96-7c598dc162e4" daemon [_thread_blocked, id=1196, stack(0x0000002659a00000,0x0000002659b00000)]
  0x000001a7db572cf0 JavaThread "Start Level: Equinox Container: 2f138d89-6dda-4fbf-ae96-7c598dc162e4" daemon [_thread_blocked, id=12300, stack(0x0000002659b00000,0x0000002659c00000)]
  0x000001a7dba7a800 JavaThread "Bundle File Closer" daemon [_thread_blocked, id=3028, stack(0x0000002659900000,0x0000002659a00000)]
  0x000001a7db43d3e0 JavaThread "SCR Component Actor" daemon [_thread_blocked, id=7080, stack(0x0000002659c00000,0x0000002659d00000)]
  0x000001a7db43c4b0 JavaThread "Worker-JM" [_thread_blocked, id=6936, stack(0x0000002659e00000,0x0000002659f00000)]
  0x000001a7db43e310 JavaThread "Worker-0" [_thread_blocked, id=2616, stack(0x0000002659f00000,0x000000265a000000)]
  0x000001a7db43b070 JavaThread "Worker-1" [_thread_blocked, id=7412, stack(0x000000265a000000,0x000000265a100000)]
  0x000001a7db43ba90 JavaThread "Worker-2: Initialize Workspace" [_thread_in_native, id=13000, stack(0x000000265a100000,0x000000265a200000)]
  0x000001a7db43b580 JavaThread "Java indexing" daemon [_thread_blocked, id=10748, stack(0x0000002659d00000,0x0000002659e00000)]
  0x000001a7db43c9c0 JavaThread "JNA Cleaner" daemon [_thread_blocked, id=11820, stack(0x000000265a200000,0x000000265a300000)]
  0x000001a7db43ced0 JavaThread "pool-2-thread-1" [_thread_blocked, id=14476, stack(0x000000265a300000,0x000000265a400000)]
  0x000001a7db43de00 JavaThread "WorkspaceEventsHandler" [_thread_blocked, id=1740, stack(0x0000002658600000,0x0000002658700000)]
  0x000001a7db335910 JavaThread "pool-1-thread-1" [_thread_blocked, id=800, stack(0x000000265a400000,0x000000265a500000)]
  0x000001a7db333ab0 JavaThread "Worker-3" [_thread_blocked, id=5180, stack(0x000000265a500000,0x000000265a600000)]

Other Threads:
  0x000001a7d5a72100 VMThread "VM Thread" [stack: 0x0000002658800000,0x0000002658900000] [id=11748]
  0x000001a7daf4a180 WatcherThread [stack: 0x0000002659400000,0x0000002659500000] [id=1468]
  0x000001a7c1c7ca00 GCTaskThread "GC Thread#0" [stack: 0x0000002658700000,0x0000002658800000] [id=10156]
  0x000001a7db398190 GCTaskThread "GC Thread#1" [stack: 0x0000002659500000,0x0000002659600000] [id=7576]
  0x000001a7db398450 GCTaskThread "GC Thread#2" [stack: 0x0000002659600000,0x0000002659700000] [id=14312]
  0x000001a7db398b50 GCTaskThread "GC Thread#3" [stack: 0x0000002659700000,0x0000002659800000] [id=9072]

Threads with active compile tasks:
C2 CompilerThread0    69193 5939       4       jdk.internal.jimage.ImageReader$SharedImageReader::makeDirectories (54 bytes)
C1 CompilerThread0    69193 6011       3       org.eclipse.jdt.internal.compiler.parser.Scanner::internalScanIdentifierOrKeyword (4773 bytes)

VM state: not at safepoint (normal execution)

VM Mutex/Monitor currently owned by a thread: None

Heap address: 0x00000000c0000000, size: 1024 MB, Compressed Oops mode: 32-bit

CDS archive(s) not mapped
Compressed class space mapped at: 0x0000000100000000-0x0000000140000000, reserved size: 1073741824
Narrow klass base: 0x0000000000000000, Narrow klass shift: 3, Narrow klass range: 0x140000000

GC Precious Log:
 CPUs: 4 total, 4 available
 Memory: 7932M
 Large Page Support: Disabled
 NUMA Support: Disabled
 Compressed Oops: Enabled (32-bit)
 Alignments: Space 512K, Generation 512K, Heap 2M
 Heap Min Capacity: 100M
 Heap Initial Capacity: 100M
 Heap Max Capacity: 1G
 Pre-touch: Disabled
 Parallel Workers: 4

Heap:
 PSYoungGen      total 24064K, used 23685K [0x00000000eab00000, 0x00000000ec480000, 0x0000000100000000)
  eden space 22016K, 98% used [0x00000000eab00000,0x00000000ec029598,0x00000000ec080000)
  from space 2048K, 98% used [0x00000000ec200000,0x00000000ec3f8010,0x00000000ec400000)
  to   space 512K, 0% used [0x00000000ec400000,0x00000000ec400000,0x00000000ec480000)
 ParOldGen       total 68608K, used 29060K [0x00000000c0000000, 0x00000000c4300000, 0x00000000eab00000)
  object space 68608K, 42% used [0x00000000c0000000,0x00000000c1c61208,0x00000000c4300000)
 Metaspace       used 52233K, committed 53312K, reserved 1114112K
  class space    used 5663K, committed 6144K, reserved 1048576K

Card table byte_map: [0x000001a7c15f0000,0x000001a7c1800000] _byte_map_base: 0x000001a7c0ff0000

Marking Bits: (ParMarkBitMap*) 0x00007fff052b83a0
 Begin Bits: [0x000001a7d38d0000, 0x000001a7d48d0000)
 End Bits:   [0x000001a7d48d0000, 0x000001a7d58d0000)

Polling page: 0x000001a7bfc00000

Metaspace:

Usage:
  Non-class:     45.48 MB used.
      Class:      5.53 MB used.
       Both:     51.01 MB used.

Virtual space:
  Non-class space:       64.00 MB reserved,      46.06 MB ( 72%) committed,  1 nodes.
      Class space:        1.00 GB reserved,       6.00 MB ( <1%) committed,  1 nodes.
             Both:        1.06 GB reserved,      52.06 MB (  5%) committed. 

Chunk freelists:
   Non-Class:  1.41 MB
       Class:  9.94 MB
        Both:  11.34 MB

MaxMetaspaceSize: unlimited
CompressedClassSpaceSize: 1.00 GB
Initial GC threshold: 21.00 MB
Current GC threshold: 58.38 MB
CDS: off
MetaspaceReclaimPolicy: balanced
 - commit_granule_bytes: 65536.
 - commit_granule_words: 8192.
 - virtual_space_node_default_size: 8388608.
 - enlarge_chunks_in_place: 1.
 - new_chunks_are_fully_committed: 0.
 - uncommit_free_chunks: 1.
 - use_allocation_guard: 0.
 - handle_deallocations: 1.


Internal statistics:

num_allocs_failed_limit: 6.
num_arena_births: 686.
num_arena_deaths: 14.
num_vsnodes_births: 2.
num_vsnodes_deaths: 0.
num_space_committed: 833.
num_space_uncommitted: 0.
num_chunks_returned_to_freelist: 20.
num_chunks_taken_from_freelist: 2673.
num_chunk_merges: 10.
num_chunk_splits: 1666.
num_chunks_enlarged: 965.
num_inconsistent_stats: 0.

CodeHeap 'non-profiled nmethods': size=120000Kb used=2581Kb max_used=2581Kb free=117418Kb
 bounds [0x000001a7cc3a0000, 0x000001a7cc630000, 0x000001a7d38d0000]
CodeHeap 'profiled nmethods': size=120000Kb used=10704Kb max_used=10853Kb free=109295Kb
 bounds [0x000001a7c48d0000, 0x000001a7c5370000, 0x000001a7cbe00000]
CodeHeap 'non-nmethods': size=5760Kb used=1295Kb max_used=1340Kb free=4465Kb
 bounds [0x000001a7cbe00000, 0x000001a7cc070000, 0x000001a7cc3a0000]
 total_blobs=5836 nmethods=5223 adapters=527
 compilation: enabled
              stopped_count=0, restarted_count=0
 full_count=0

Compilation events (20 events):
Event: 68.209 Thread 0x000001a7dad00730 5966       2       jdk.internal.module.SystemModuleFinders$SystemModuleReader::containsImageLocation (42 bytes)
Event: 68.210 Thread 0x000001a7dad00730 nmethod 5966 0x000001a7c4b3bf90 code [0x000001a7c4b3c180, 0x000001a7c4b3c538]
Event: 68.210 Thread 0x000001a7dad00730 5967       2       jdk.internal.jimage.BasicImageReader::verifyLocation (39 bytes)
Event: 68.210 Thread 0x000001a7dad00730 nmethod 5967 0x000001a7c4b3bb10 code [0x000001a7c4b3bcc0, 0x000001a7c4b3be88]
Event: 68.211 Thread 0x000001a7dad00730 5969       1       org.eclipse.jdt.internal.core.PackageFragmentRoot::getElementType (2 bytes)
Event: 68.211 Thread 0x000001a7dad00730 nmethod 5969 0x000001a7cc4f1710 code [0x000001a7cc4f18a0, 0x000001a7cc4f1978]
Event: 68.212 Thread 0x000001a7dad00730 5970       3       org.eclipse.jdt.internal.compiler.classfmt.ClassFileStruct::utf8At (171 bytes)
Event: 68.212 Thread 0x000001a7dad00730 nmethod 5970 0x000001a7c4b3b190 code [0x000001a7c4b3b360, 0x000001a7c4b3b8e8]
Event: 68.216 Thread 0x000001a7dad00730 5972       3       jdk.internal.jimage.ImageReader$SharedImageReader$$Lambda$349/0x00000001005f5718::<init> (15 bytes)
Event: 68.216 Thread 0x000001a7dad00730 nmethod 5972 0x000001a7c4b3ad90 code [0x000001a7c4b3af20, 0x000001a7c4b3b0b8]
Event: 68.220 Thread 0x000001a7dad00730 5974       3       org.eclipse.jdt.internal.core.Openable::<init> (6 bytes)
Event: 68.220 Thread 0x000001a7dad00730 nmethod 5974 0x000001a7c4b3a590 code [0x000001a7c4b3a760, 0x000001a7c4b3aba8]
Event: 68.228 Thread 0x000001a7dad00730 5975       1       org.eclipse.jdt.internal.core.JarPackageFragmentRoot::isArchive (2 bytes)
Event: 68.228 Thread 0x000001a7dad00730 nmethod 5975 0x000001a7cc4f1410 code [0x000001a7cc4f15a0, 0x000001a7cc4f1678]
Event: 68.229 Thread 0x000001a7dad00730 5976       3       org.eclipse.jdt.core.compiler.CharOperation::replace (35 bytes)
Event: 68.229 Thread 0x000001a7dad00730 nmethod 5976 0x000001a7c4b3a090 code [0x000001a7c4b3a240, 0x000001a7c4b3a478]
Event: 68.229 Thread 0x000001a7dad00730 5977       3       org.eclipse.core.internal.resources.Resource::hashCode (8 bytes)
Event: 68.229 Thread 0x000001a7dad00730 nmethod 5977 0x000001a7c4b39b90 code [0x000001a7c4b39d40, 0x000001a7c4b39fa8]
Event: 68.234 Thread 0x000001a7dad00730 5978       3       org.eclipse.jdt.internal.compiler.parser.Scanner::scanIdentifierOrKeywordWithBoundCheck (196 bytes)
Event: 68.235 Thread 0x000001a7dad00730 nmethod 5978 0x000001a7c4b39010 code [0x000001a7c4b39240, 0x000001a7c4b39978]

GC Heap History (20 events):
Event: 48.894 GC heap before
{Heap before GC invocations=9 (full 1):
 PSYoungGen      total 27648K, used 27582K [0x00000000eab00000, 0x00000000eca80000, 0x0000000100000000)
  eden space 24064K, 99% used [0x00000000eab00000,0x00000000ec272670,0x00000000ec280000)
  from space 3584K, 99% used [0x00000000ec300000,0x00000000ec67d4a0,0x00000000ec680000)
  to   space 4096K, 0% used [0x00000000ec680000,0x00000000ec680000,0x00000000eca80000)
 ParOldGen       total 68608K, used 10663K [0x00000000c0000000, 0x00000000c4300000, 0x00000000eab00000)
  object space 68608K, 15% used [0x00000000c0000000,0x00000000c0a69d60,0x00000000c4300000)
 Metaspace       used 33541K, committed 34240K, reserved 1114112K
  class space    used 3444K, committed 3712K, reserved 1048576K
}
Event: 48.900 GC heap after
{Heap after GC invocations=9 (full 1):
 PSYoungGen      total 26624K, used 4082K [0x00000000eab00000, 0x00000000ecd00000, 0x0000000100000000)
  eden space 22528K, 0% used [0x00000000eab00000,0x00000000eab00000,0x00000000ec100000)
  from space 4096K, 99% used [0x00000000ec680000,0x00000000eca7cb40,0x00000000eca80000)
  to   space 5632K, 0% used [0x00000000ec100000,0x00000000ec100000,0x00000000ec680000)
 ParOldGen       total 68608K, used 11729K [0x00000000c0000000, 0x00000000c4300000, 0x00000000eab00000)
  object space 68608K, 17% used [0x00000000c0000000,0x00000000c0b74578,0x00000000c4300000)
 Metaspace       used 33541K, committed 34240K, reserved 1114112K
  class space    used 3444K, committed 3712K, reserved 1048576K
}
Event: 50.026 GC heap before
{Heap before GC invocations=10 (full 1):
 PSYoungGen      total 26624K, used 25533K [0x00000000eab00000, 0x00000000ecd00000, 0x0000000100000000)
  eden space 22528K, 95% used [0x00000000eab00000,0x00000000ebff28f8,0x00000000ec100000)
  from space 4096K, 99% used [0x00000000ec680000,0x00000000eca7cb40,0x00000000eca80000)
  to   space 5632K, 0% used [0x00000000ec100000,0x00000000ec100000,0x00000000ec680000)
 ParOldGen       total 68608K, used 11729K [0x00000000c0000000, 0x00000000c4300000, 0x00000000eab00000)
  object space 68608K, 17% used [0x00000000c0000000,0x00000000c0b74578,0x00000000c4300000)
 Metaspace       used 35152K, committed 35840K, reserved 1114112K
  class space    used 3560K, committed 3840K, reserved 1048576K
}
Event: 50.033 GC heap after
{Heap after GC invocations=10 (full 1):
 PSYoungGen      total 24064K, used 1455K [0x00000000eab00000, 0x00000000ec800000, 0x0000000100000000)
  eden space 22528K, 0% used [0x00000000eab00000,0x00000000eab00000,0x00000000ec100000)
  from space 1536K, 94% used [0x00000000ec100000,0x00000000ec26bcf0,0x00000000ec280000)
  to   space 3072K, 0% used [0x00000000ec500000,0x00000000ec500000,0x00000000ec800000)
 ParOldGen       total 68608K, used 14415K [0x00000000c0000000, 0x00000000c4300000, 0x00000000eab00000)
  object space 68608K, 21% used [0x00000000c0000000,0x00000000c0e13d68,0x00000000c4300000)
 Metaspace       used 35152K, committed 35840K, reserved 1114112K
  class space    used 3560K, committed 3840K, reserved 1048576K
}
Event: 50.033 GC heap before
{Heap before GC invocations=11 (full 2):
 PSYoungGen      total 24064K, used 1455K [0x00000000eab00000, 0x00000000ec800000, 0x0000000100000000)
  eden space 22528K, 0% used [0x00000000eab00000,0x00000000eab00000,0x00000000ec100000)
  from space 1536K, 94% used [0x00000000ec100000,0x00000000ec26bcf0,0x00000000ec280000)
  to   space 3072K, 0% used [0x00000000ec500000,0x00000000ec500000,0x00000000ec800000)
 ParOldGen       total 68608K, used 14415K [0x00000000c0000000, 0x00000000c4300000, 0x00000000eab00000)
  object space 68608K, 21% used [0x00000000c0000000,0x00000000c0e13d68,0x00000000c4300000)
 Metaspace       used 35152K, committed 35840K, reserved 1114112K
  class space    used 3560K, committed 3840K, reserved 1048576K
}
Event: 50.094 GC heap after
{Heap after GC invocations=11 (full 2):
 PSYoungGen      total 24064K, used 0K [0x00000000eab00000, 0x00000000ec800000, 0x0000000100000000)
  eden space 22528K, 0% used [0x00000000eab00000,0x00000000eab00000,0x00000000ec100000)
  from space 1536K, 0% used [0x00000000ec100000,0x00000000ec100000,0x00000000ec280000)
  to   space 3072K, 0% used [0x00000000ec500000,0x00000000ec500000,0x00000000ec800000)
 ParOldGen       total 68608K, used 13537K [0x00000000c0000000, 0x00000000c4300000, 0x00000000eab00000)
  object space 68608K, 19% used [0x00000000c0000000,0x00000000c0d386f0,0x00000000c4300000)
 Metaspace       used 35152K, committed 35840K, reserved 1114112K
  class space    used 3560K, committed 3840K, reserved 1048576K
}
Event: 54.912 GC heap before
{Heap before GC invocations=12 (full 2):
 PSYoungGen      total 24064K, used 22528K [0x00000000eab00000, 0x00000000ec800000, 0x0000000100000000)
  eden space 22528K, 100% used [0x00000000eab00000,0x00000000ec100000,0x00000000ec100000)
  from space 1536K, 0% used [0x00000000ec100000,0x00000000ec100000,0x00000000ec280000)
  to   space 3072K, 0% used [0x00000000ec500000,0x00000000ec500000,0x00000000ec800000)
 ParOldGen       total 68608K, used 13537K [0x00000000c0000000, 0x00000000c4300000, 0x00000000eab00000)
  object space 68608K, 19% used [0x00000000c0000000,0x00000000c0d386f0,0x00000000c4300000)
 Metaspace       used 38154K, committed 38976K, reserved 1114112K
  class space    used 3910K, committed 4288K, reserved 1048576K
}
Event: 54.915 GC heap after
{Heap after GC invocations=12 (full 2):
 PSYoungGen      total 23552K, used 1408K [0x00000000eab00000, 0x00000000ec680000, 0x0000000100000000)
  eden space 22016K, 0% used [0x00000000eab00000,0x00000000eab00000,0x00000000ec080000)
  from space 1536K, 91% used [0x00000000ec500000,0x00000000ec660298,0x00000000ec680000)
  to   space 2048K, 0% used [0x00000000ec280000,0x00000000ec280000,0x00000000ec480000)
 ParOldGen       total 68608K, used 13545K [0x00000000c0000000, 0x00000000c4300000, 0x00000000eab00000)
  object space 68608K, 19% used [0x00000000c0000000,0x00000000c0d3a6f0,0x00000000c4300000)
 Metaspace       used 38154K, committed 38976K, reserved 1114112K
  class space    used 3910K, committed 4288K, reserved 1048576K
}
Event: 57.277 GC heap before
{Heap before GC invocations=13 (full 2):
 PSYoungGen      total 23552K, used 23420K [0x00000000eab00000, 0x00000000ec680000, 0x0000000100000000)
  eden space 22016K, 99% used [0x00000000eab00000,0x00000000ec07ef88,0x00000000ec080000)
  from space 1536K, 91% used [0x00000000ec500000,0x00000000ec660298,0x00000000ec680000)
  to   space 2048K, 0% used [0x00000000ec280000,0x00000000ec280000,0x00000000ec480000)
 ParOldGen       total 68608K, used 13545K [0x00000000c0000000, 0x00000000c4300000, 0x00000000eab00000)
  object space 68608K, 19% used [0x00000000c0000000,0x00000000c0d3a6f0,0x00000000c4300000)
 Metaspace       used 40908K, committed 41728K, reserved 1114112K
  class space    used 4234K, committed 4608K, reserved 1048576K
}
Event: 57.284 GC heap after
{Heap after GC invocations=13 (full 2):
 PSYoungGen      total 23552K, used 1358K [0x00000000eab00000, 0x00000000ec580000, 0x0000000100000000)
  eden space 22016K, 0% used [0x00000000eab00000,0x00000000eab00000,0x00000000ec080000)
  from space 1536K, 88% used [0x00000000ec280000,0x00000000ec3d3800,0x00000000ec400000)
  to   space 1536K, 0% used [0x00000000ec400000,0x00000000ec400000,0x00000000ec580000)
 ParOldGen       total 68608K, used 14831K [0x00000000c0000000, 0x00000000c4300000, 0x00000000eab00000)
  object space 68608K, 21% used [0x00000000c0000000,0x00000000c0e7bca0,0x00000000c4300000)
 Metaspace       used 40908K, committed 41728K, reserved 1114112K
  class space    used 4234K, committed 4608K, reserved 1048576K
}
Event: 60.779 GC heap before
{Heap before GC invocations=14 (full 2):
 PSYoungGen      total 23552K, used 23374K [0x00000000eab00000, 0x00000000ec580000, 0x0000000100000000)
  eden space 22016K, 100% used [0x00000000eab00000,0x00000000ec080000,0x00000000ec080000)
  from space 1536K, 88% used [0x00000000ec280000,0x00000000ec3d3800,0x00000000ec400000)
  to   space 1536K, 0% used [0x00000000ec400000,0x00000000ec400000,0x00000000ec580000)
 ParOldGen       total 68608K, used 14831K [0x00000000c0000000, 0x00000000c4300000, 0x00000000eab00000)
  object space 68608K, 21% used [0x00000000c0000000,0x00000000c0e7bca0,0x00000000c4300000)
 Metaspace       used 43632K, committed 44480K, reserved 1114112K
  class space    used 4603K, committed 4992K, reserved 1048576K
}
Event: 60.784 GC heap after
{Heap after GC invocations=14 (full 2):
 PSYoungGen      total 23040K, used 736K [0x00000000eab00000, 0x00000000ec500000, 0x0000000100000000)
  eden space 22016K, 0% used [0x00000000eab00000,0x00000000eab00000,0x00000000ec080000)
  from space 1024K, 71% used [0x00000000ec400000,0x00000000ec4b8000,0x00000000ec500000)
  to   space 1024K, 0% used [0x00000000ec300000,0x00000000ec300000,0x00000000ec400000)
 ParOldGen       total 68608K, used 16057K [0x00000000c0000000, 0x00000000c4300000, 0x00000000eab00000)
  object space 68608K, 23% used [0x00000000c0000000,0x00000000c0fae5f0,0x00000000c4300000)
 Metaspace       used 43632K, committed 44480K, reserved 1114112K
  class space    used 4603K, committed 4992K, reserved 1048576K
}
Event: 62.622 GC heap before
{Heap before GC invocations=15 (full 2):
 PSYoungGen      total 23040K, used 22718K [0x00000000eab00000, 0x00000000ec500000, 0x0000000100000000)
  eden space 22016K, 99% used [0x00000000eab00000,0x00000000ec077840,0x00000000ec080000)
  from space 1024K, 71% used [0x00000000ec400000,0x00000000ec4b8000,0x00000000ec500000)
  to   space 1024K, 0% used [0x00000000ec300000,0x00000000ec300000,0x00000000ec400000)
 ParOldGen       total 68608K, used 16057K [0x00000000c0000000, 0x00000000c4300000, 0x00000000eab00000)
  object space 68608K, 23% used [0x00000000c0000000,0x00000000c0fae5f0,0x00000000c4300000)
 Metaspace       used 46456K, committed 47488K, reserved 1114112K
  class space    used 4962K, committed 5440K, reserved 1048576K
}
Event: 62.625 GC heap after
{Heap after GC invocations=15 (full 2):
 PSYoungGen      total 23040K, used 1015K [0x00000000eab00000, 0x00000000ec680000, 0x0000000100000000)
  eden space 22016K, 0% used [0x00000000eab00000,0x00000000eab00000,0x00000000ec080000)
  from space 1024K, 99% used [0x00000000ec300000,0x00000000ec3fdf40,0x00000000ec400000)
  to   space 2560K, 0% used [0x00000000ec400000,0x00000000ec400000,0x00000000ec680000)
 ParOldGen       total 68608K, used 17475K [0x00000000c0000000, 0x00000000c4300000, 0x00000000eab00000)
  object space 68608K, 25% used [0x00000000c0000000,0x00000000c1110f08,0x00000000c4300000)
 Metaspace       used 46456K, committed 47488K, reserved 1114112K
  class space    used 4962K, committed 5440K, reserved 1048576K
}
Event: 64.943 GC heap before
{Heap before GC invocations=16 (full 2):
 PSYoungGen      total 23040K, used 23031K [0x00000000eab00000, 0x00000000ec680000, 0x0000000100000000)
  eden space 22016K, 100% used [0x00000000eab00000,0x00000000ec080000,0x00000000ec080000)
  from space 1024K, 99% used [0x00000000ec300000,0x00000000ec3fdf40,0x00000000ec400000)
  to   space 2560K, 0% used [0x00000000ec400000,0x00000000ec400000,0x00000000ec680000)
 ParOldGen       total 68608K, used 17475K [0x00000000c0000000, 0x00000000c4300000, 0x00000000eab00000)
  object space 68608K, 25% used [0x00000000c0000000,0x00000000c1110f08,0x00000000c4300000)
 Metaspace       used 49111K, committed 50112K, reserved 1114112K
  class space    used 5319K, committed 5760K, reserved 1048576K
}
Event: 64.946 GC heap after
{Heap after GC invocations=16 (full 2):
 PSYoungGen      total 24064K, used 1728K [0x00000000eab00000, 0x00000000ec600000, 0x0000000100000000)
  eden space 22016K, 0% used [0x00000000eab00000,0x00000000eab00000,0x00000000ec080000)
  from space 2048K, 84% used [0x00000000ec400000,0x00000000ec5b0000,0x00000000ec600000)
  to   space 2048K, 0% used [0x00000000ec200000,0x00000000ec200000,0x00000000ec400000)
 ParOldGen       total 68608K, used 18468K [0x00000000c0000000, 0x00000000c4300000, 0x00000000eab00000)
  object space 68608K, 26% used [0x00000000c0000000,0x00000000c1209390,0x00000000c4300000)
 Metaspace       used 49111K, committed 50112K, reserved 1114112K
  class space    used 5319K, committed 5760K, reserved 1048576K
}
Event: 67.662 GC heap before
{Heap before GC invocations=17 (full 2):
 PSYoungGen      total 24064K, used 23744K [0x00000000eab00000, 0x00000000ec600000, 0x0000000100000000)
  eden space 22016K, 100% used [0x00000000eab00000,0x00000000ec080000,0x00000000ec080000)
  from space 2048K, 84% used [0x00000000ec400000,0x00000000ec5b0000,0x00000000ec600000)
  to   space 2048K, 0% used [0x00000000ec200000,0x00000000ec200000,0x00000000ec400000)
 ParOldGen       total 68608K, used 18468K [0x00000000c0000000, 0x00000000c4300000, 0x00000000eab00000)
  object space 68608K, 26% used [0x00000000c0000000,0x00000000c1209390,0x00000000c4300000)
 Metaspace       used 51496K, committed 52544K, reserved 1114112K
  class space    used 5574K, committed 6016K, reserved 1048576K
}
Event: 67.669 GC heap after
{Heap after GC invocations=17 (full 2):
 PSYoungGen      total 24064K, used 1608K [0x00000000eab00000, 0x00000000ec480000, 0x0000000100000000)
  eden space 22016K, 0% used [0x00000000eab00000,0x00000000eab00000,0x00000000ec080000)
  from space 2048K, 78% used [0x00000000ec200000,0x00000000ec392328,0x00000000ec400000)
  to   space 512K, 0% used [0x00000000ec400000,0x00000000ec400000,0x00000000ec480000)
 ParOldGen       total 68608K, used 20145K [0x00000000c0000000, 0x00000000c4300000, 0x00000000eab00000)
  object space 68608K, 29% used [0x00000000c0000000,0x00000000c13ac5c0,0x00000000c4300000)
 Metaspace       used 51496K, committed 52544K, reserved 1114112K
  class space    used 5574K, committed 6016K, reserved 1048576K
}
Event: 68.236 GC heap before
{Heap before GC invocations=18 (full 2):
 PSYoungGen      total 24064K, used 23624K [0x00000000eab00000, 0x00000000ec480000, 0x0000000100000000)
  eden space 22016K, 100% used [0x00000000eab00000,0x00000000ec080000,0x00000000ec080000)
  from space 2048K, 78% used [0x00000000ec200000,0x00000000ec392328,0x00000000ec400000)
  to   space 512K, 0% used [0x00000000ec400000,0x00000000ec400000,0x00000000ec480000)
 ParOldGen       total 68608K, used 20145K [0x00000000c0000000, 0x00000000c4300000, 0x00000000eab00000)
  object space 68608K, 29% used [0x00000000c0000000,0x00000000c13ac5c0,0x00000000c4300000)
 Metaspace       used 52031K, committed 53120K, reserved 1114112K
  class space    used 5643K, committed 6144K, reserved 1048576K
}
Event: 68.243 GC heap after
{Heap after GC invocations=18 (full 2):
 PSYoungGen      total 22528K, used 480K [0x00000000eab00000, 0x00000000ec480000, 0x0000000100000000)
  eden space 22016K, 0% used [0x00000000eab00000,0x00000000eab00000,0x00000000ec080000)
  from space 512K, 93% used [0x00000000ec400000,0x00000000ec478010,0x00000000ec480000)
  to   space 2048K, 0% used [0x00000000ec200000,0x00000000ec200000,0x00000000ec400000)
 ParOldGen       total 68608K, used 23248K [0x00000000c0000000, 0x00000000c4300000, 0x00000000eab00000)
  object space 68608K, 33% used [0x00000000c0000000,0x00000000c16b42e8,0x00000000c4300000)
 Metaspace       used 52031K, committed 53120K, reserved 1114112K
  class space    used 5643K, committed 6144K, reserved 1048576K
}

Dll operation events (10 events):
Event: 0.015 Loaded shared library c:\Users\ASUS\.vscode\extensions\redhat.java-1.23.0-win32-x64\jre\17.0.8.1-win32-x86_64\bin\java.dll
Event: 0.903 Loaded shared library c:\Users\ASUS\.vscode\extensions\redhat.java-1.23.0-win32-x64\jre\17.0.8.1-win32-x86_64\bin\zip.dll
Event: 0.908 Loaded shared library C:\Users\ASUS\.vscode\extensions\redhat.java-1.23.0-win32-x64\jre\17.0.8.1-win32-x86_64\bin\instrument.dll
Event: 0.958 Loaded shared library C:\Users\ASUS\.vscode\extensions\redhat.java-1.23.0-win32-x64\jre\17.0.8.1-win32-x86_64\bin\net.dll
Event: 0.961 Loaded shared library C:\Users\ASUS\.vscode\extensions\redhat.java-1.23.0-win32-x64\jre\17.0.8.1-win32-x86_64\bin\nio.dll
Event: 0.977 Loaded shared library C:\Users\ASUS\.vscode\extensions\redhat.java-1.23.0-win32-x64\jre\17.0.8.1-win32-x86_64\bin\zip.dll
Event: 1.031 Loaded shared library C:\Users\ASUS\.vscode\extensions\redhat.java-1.23.0-win32-x64\jre\17.0.8.1-win32-x86_64\bin\jimage.dll
Event: 1.231 Loaded shared library c:\Users\ASUS\.vscode\extensions\redhat.java-1.23.0-win32-x64\jre\17.0.8.1-win32-x86_64\bin\verify.dll
Event: 8.310 Loaded shared library C:\Users\ASUS\AppData\Roaming\Code\User\globalStorage\redhat.java\1.23.0\config_win\org.eclipse.equinox.launcher\org.eclipse.equinox.launcher.win32.win32.x86_64_1.2.700.v20221108-1024\eclipse_11801.dll
Event: 56.609 Loaded shared library C:\Users\ASUS\AppData\Local\Temp\jna-2018896\jna18062165529669846211.dll

Deoptimization events (20 events):
Event: 66.858 Thread 0x000001a7db43ba90 Uncommon trap: trap_request=0xffffffde fr.pc=0x000001a7cc3cbab8 relative=0x00000000000004d8
Event: 66.858 Thread 0x000001a7db43ba90 Uncommon trap: reason=class_check action=maybe_recompile pc=0x000001a7cc3cbab8 method=java.util.HashMap.removeNode(ILjava/lang/Object;Ljava/lang/Object;ZZ)Ljava/util/HashMap$Node; @ 68 c2
Event: 66.858 Thread 0x000001a7db43ba90 DEOPT PACKING pc=0x000001a7cc3cbab8 sp=0x000000265a1fe810
Event: 66.858 Thread 0x000001a7db43ba90 DEOPT UNPACKING pc=0x000001a7cbe59ea3 sp=0x000000265a1fe7b8 mode 2
Event: 67.644 Thread 0x000001a7db43ba90 Uncommon trap: trap_request=0xffffff45 fr.pc=0x000001a7cc51d394 relative=0x00000000000007f4
Event: 67.644 Thread 0x000001a7db43ba90 Uncommon trap: reason=unstable_if action=reinterpret pc=0x000001a7cc51d394 method=jdk.internal.jimage.ImageReader$SharedImageReader.findNode(Ljava/lang/String;)Ljdk/internal/jimage/ImageReader$Node; @ 25 c2
Event: 67.644 Thread 0x000001a7db43ba90 DEOPT PACKING pc=0x000001a7cc51d394 sp=0x000000265a1fe640
Event: 67.644 Thread 0x000001a7db43ba90 DEOPT UNPACKING pc=0x000001a7cbe59ea3 sp=0x000000265a1fe618 mode 2
Event: 67.648 Thread 0x000001a7db43ba90 Uncommon trap: trap_request=0xffffff45 fr.pc=0x000001a7cc3d0f58 relative=0x0000000000000138
Event: 67.648 Thread 0x000001a7db43ba90 Uncommon trap: reason=unstable_if action=reinterpret pc=0x000001a7cc3d0f58 method=jdk.internal.jrtfs.JrtPath.normalize(Ljava/lang/String;)Ljava/lang/String; @ 78 c2
Event: 67.648 Thread 0x000001a7db43ba90 DEOPT PACKING pc=0x000001a7cc3d0f58 sp=0x000000265a1fe290
Event: 67.648 Thread 0x000001a7db43ba90 DEOPT UNPACKING pc=0x000001a7cbe59ea3 sp=0x000000265a1fe210 mode 2
Event: 68.214 Thread 0x000001a7db43ba90 Uncommon trap: trap_request=0xffffffc6 fr.pc=0x000001a7cc48feac relative=0x00000000000007ac
Event: 68.214 Thread 0x000001a7db43ba90 Uncommon trap: reason=bimorphic_or_optimized_type_check action=maybe_recompile pc=0x000001a7cc48feac method=java.util.HashMap.putVal(ILjava/lang/Object;Ljava/lang/Object;ZZ)Ljava/lang/Object; @ 203 c2
Event: 68.214 Thread 0x000001a7db43ba90 DEOPT PACKING pc=0x000001a7cc48feac sp=0x000000265a1fe570
Event: 68.214 Thread 0x000001a7db43ba90 DEOPT UNPACKING pc=0x000001a7cbe59ea3 sp=0x000000265a1fe4e0 mode 2
Event: 68.214 Thread 0x000001a7db43ba90 Uncommon trap: trap_request=0xffffffc6 fr.pc=0x000001a7cc48feac relative=0x00000000000007ac
Event: 68.214 Thread 0x000001a7db43ba90 Uncommon trap: reason=bimorphic_or_optimized_type_check action=maybe_recompile pc=0x000001a7cc48feac method=java.util.HashMap.putVal(ILjava/lang/Object;Ljava/lang/Object;ZZ)Ljava/lang/Object; @ 203 c2
Event: 68.214 Thread 0x000001a7db43ba90 DEOPT PACKING pc=0x000001a7cc48feac sp=0x000000265a1fe4d0
Event: 68.214 Thread 0x000001a7db43ba90 DEOPT UNPACKING pc=0x000001a7cbe59ea3 sp=0x000000265a1fe440 mode 2

Classes unloaded (7 events):
Event: 39.588 Thread 0x000001a7d5a72100 Unloading class 0x0000000100254000 'java/lang/invoke/LambdaForm$MH+0x0000000100254000'
Event: 39.588 Thread 0x000001a7d5a72100 Unloading class 0x0000000100253c00 'java/lang/invoke/LambdaForm$MH+0x0000000100253c00'
Event: 39.588 Thread 0x000001a7d5a72100 Unloading class 0x0000000100253800 'java/lang/invoke/LambdaForm$MH+0x0000000100253800'
Event: 39.588 Thread 0x000001a7d5a72100 Unloading class 0x0000000100253400 'java/lang/invoke/LambdaForm$MH+0x0000000100253400'
Event: 39.588 Thread 0x000001a7d5a72100 Unloading class 0x0000000100253000 'java/lang/invoke/LambdaForm$BMH+0x0000000100253000'
Event: 39.588 Thread 0x000001a7d5a72100 Unloading class 0x0000000100252c00 'java/lang/invoke/LambdaForm$DMH+0x0000000100252c00'
Event: 39.588 Thread 0x000001a7d5a72100 Unloading class 0x0000000100250000 'java/lang/invoke/LambdaForm$DMH+0x0000000100250000'

Classes redefined (0 events):
No events

Internal exceptions (20 events):
Event: 57.746 Thread 0x000001a7c1c67a50 Exception <a 'java/lang/NoSuchMethodError'{0x00000000eaec7568}: 'java.lang.Object java.lang.invoke.DirectMethodHandle$Holder.invokeStaticInit(java.lang.Object, java.lang.Object, long, java.lang.Object)'> (0x00000000eaec7568) 
thrown [s\src\hotspot\share\interpreter\linkResolver.cpp, line 759]
Event: 57.747 Thread 0x000001a7c1c67a50 Exception <a 'java/lang/NoSuchMethodError'{0x00000000eaecdb78}: 'java.lang.Object java.lang.invoke.DirectMethodHandle$Holder.newInvokeSpecial(java.lang.Object, java.lang.Object, long)'> (0x00000000eaecdb78) 
thrown [s\src\hotspot\share\interpreter\linkResolver.cpp, line 759]
Event: 58.178 Thread 0x000001a7c1c67a50 Exception <a 'java/lang/NoSuchMethodError'{0x00000000eb30aef0}: 'void java.lang.invoke.DirectMethodHandle$Holder.invokeStatic(java.lang.Object, java.lang.Object, java.lang.Object, java.lang.Object)'> (0x00000000eb30aef0) 
thrown [s\src\hotspot\share\interpreter\linkResolver.cpp, line 759]
Event: 60.822 Thread 0x000001a7c1c67a50 Exception <a 'java/lang/NoSuchMethodError'{0x00000000eac98008}: 'void java.lang.invoke.DirectMethodHandle$Holder.invokeSpecial(java.lang.Object, java.lang.Object, java.lang.Object, java.lang.Object, java.lang.Object, java.lang.Object)'> (0x00000000eac98008) 
thrown [s\src\hotspot\share\interpreter\linkResolver.cpp, line 759]
Event: 60.826 Thread 0x000001a7c1c67a50 Exception <a 'java/lang/IncompatibleClassChangeError'{0x00000000eaca1808}: Found class java.lang.Object, but interface was expected> (0x00000000eaca1808) 
thrown [s\src\hotspot\share\interpreter\linkResolver.cpp, line 826]
Event: 62.012 Thread 0x000001a7db43b070 Exception <a 'java/lang/NoSuchMethodError'{0x00000000ebaa78e8}: 'void java.lang.invoke.DirectMethodHandle$Holder.invokeStaticInit(java.lang.Object, java.lang.Object, java.lang.Object)'> (0x00000000ebaa78e8) 
thrown [s\src\hotspot\share\interpreter\linkResolver.cpp, line 759]
Event: 62.054 Thread 0x000001a7db43b070 Exception <a 'java/lang/ExceptionInInitializerError'{0x00000000ebadbe28}> (0x00000000ebadbe28) 
thrown [s\src\hotspot\share\oops\instanceKlass.cpp, line 1218]
Event: 62.259 Thread 0x000001a7db43b070 Implicit null exception at 0x000001a7cc4a81b0 to 0x000001a7cc4a836c
Event: 62.259 Thread 0x000001a7db43b070 Implicit null exception at 0x000001a7cc432be9 to 0x000001a7cc433fb0
Event: 62.262 Thread 0x000001a7db43b070 Exception <a 'java/lang/NoSuchMethodError'{0x00000000ebd39f30}: 'java.lang.Object java.lang.invoke.Invokers$Holder.invokeExact_MT(java.lang.Object, int, java.lang.Object)'> (0x00000000ebd39f30) 
thrown [s\src\hotspot\share\interpreter\linkResolver.cpp, line 759]
Event: 62.705 Thread 0x000001a7db43b070 Exception <a 'java/lang/NoSuchMethodError'{0x00000000eab6acf8}: 'int java.lang.invoke.DirectMethodHandle$Holder.invokeSpecial(java.lang.Object, java.lang.Object, java.lang.Object, java.lang.Object)'> (0x00000000eab6acf8) 
thrown [s\src\hotspot\share\interpreter\linkResolver.cpp, line 759]
Event: 63.147 Thread 0x000001a7db335910 Exception <a 'java/io/FileNotFoundException'{0x00000000eb42f290}> (0x00000000eb42f290) 
thrown [s\src\hotspot\share\prims\jni.cpp, line 516]
Event: 64.451 Thread 0x000001a7db43b070 Exception <a 'java/lang/NoClassDefFoundError'{0x00000000ebc98238}: com/google/inject/servlet/ServletModuleTargetVisitor> (0x00000000ebc98238) 
thrown [s\src\hotspot\share\classfile\systemDictionary.cpp, line 245]
Event: 65.113 Thread 0x000001a7db43ba90 Exception <a 'java/lang/NoSuchMethodError'{0x00000000ead0b040}: 'int java.lang.invoke.DirectMethodHandle$Holder.invokeSpecialIFC(java.lang.Object, java.lang.Object, java.lang.Object, java.lang.Object)'> (0x00000000ead0b040) 
thrown [s\src\hotspot\share\interpreter\linkResolver.cpp, line 759]
Event: 65.976 Thread 0x000001a7db55c380 Implicit null exception at 0x000001a7cc447368 to 0x000001a7cc447654
Event: 66.291 Thread 0x000001a7db43ba90 Exception <a 'java/lang/NoSuchMethodError'{0x00000000eb673e50}: 'int java.lang.invoke.DirectMethodHandle$Holder.invokeInterface(java.lang.Object, java.lang.Object)'> (0x00000000eb673e50) 
thrown [s\src\hotspot\share\interpreter\linkResolver.cpp, line 759]
Event: 66.291 Thread 0x000001a7db43ba90 Exception <a 'java/lang/IncompatibleClassChangeError'{0x00000000eb677138}: Found class java.lang.Object, but interface was expected> (0x00000000eb677138) 
thrown [s\src\hotspot\share\interpreter\linkResolver.cpp, line 826]
Event: 67.078 Thread 0x000001a7db43ba90 Exception <a 'java/lang/NoSuchMethodError'{0x00000000eba6bfe8}: 'java.lang.Object java.lang.invoke.Invokers$Holder.invoke_MT(java.lang.Object, java.lang.Object, java.lang.Object)'> (0x00000000eba6bfe8) 
thrown [s\src\hotspot\share\interpreter\linkResolver.cpp, line 759]
Event: 68.187 Thread 0x000001a7db43ba90 Exception <a 'java/io/FileNotFoundException'{0x00000000ebb49b80}> (0x00000000ebb49b80) 
thrown [s\src\hotspot\share\prims\jni.cpp, line 516]
Event: 68.188 Thread 0x000001a7db43ba90 Exception <a 'java/io/FileNotFoundException'{0x00000000ebb4b0e0}> (0x00000000ebb4b0e0) 
thrown [s\src\hotspot\share\prims\jni.cpp, line 516]

VM Operations (20 events):
Event: 65.154 Executing VM operation: HandshakeAllThreads
Event: 65.154 Executing VM operation: HandshakeAllThreads done
Event: 66.134 Executing VM operation: ICBufferFull
Event: 66.134 Executing VM operation: ICBufferFull done
Event: 66.134 Executing VM operation: ICBufferFull
Event: 66.134 Executing VM operation: ICBufferFull done
Event: 67.023 Executing VM operation: HandshakeAllThreads
Event: 67.023 Executing VM operation: HandshakeAllThreads done
Event: 67.121 Executing VM operation: HandshakeAllThreads
Event: 67.121 Executing VM operation: HandshakeAllThreads done
Event: 67.128 Executing VM operation: HandshakeAllThreads
Event: 67.128 Executing VM operation: HandshakeAllThreads done
Event: 67.246 Executing VM operation: HandshakeAllThreads
Event: 67.246 Executing VM operation: HandshakeAllThreads done
Event: 67.246 Executing VM operation: Cleanup
Event: 67.247 Executing VM operation: Cleanup done
Event: 67.662 Executing VM operation: ParallelGCFailedAllocation
Event: 67.669 Executing VM operation: ParallelGCFailedAllocation done
Event: 68.236 Executing VM operation: ParallelGCFailedAllocation
Event: 68.243 Executing VM operation: ParallelGCFailedAllocation done

Events (20 events):
Event: 67.246 loading class java/nio/file/FileTreeWalker$DirectoryNode
Event: 67.250 loading class java/nio/file/FileTreeWalker$DirectoryNode done
Event: 67.250 loading class java/nio/file/FileTreeWalker$Event
Event: 67.251 loading class java/nio/file/FileTreeWalker$Event done
Event: 67.251 loading class java/nio/file/FileTreeWalker$EventType
Event: 67.252 loading class java/nio/file/FileTreeWalker$EventType done
Event: 67.252 loading class java/nio/file/Files$3
Event: 67.252 loading class java/nio/file/Files$3 done
Event: 67.252 loading class java/nio/file/FileVisitResult
Event: 67.252 loading class java/nio/file/FileVisitResult done
Event: 67.650 loading class java/util/regex/Pattern$BackRef
Event: 67.650 loading class java/util/regex/Pattern$BackRef done
Event: 67.660 loading class java/lang/ThreadLocal$SuppliedThreadLocal
Event: 67.660 loading class java/lang/ThreadLocal$SuppliedThreadLocal done
Event: 67.971 loading class java/nio/channels/Channels$ReadableByteChannelImpl
Event: 67.972 loading class java/nio/channels/Channels$ReadableByteChannelImpl done
Event: 67.973 loading class java/nio/channels/NonWritableChannelException
Event: 67.973 loading class java/nio/channels/NonWritableChannelException done
Event: 67.973 loading class sun/nio/ch/ChannelInputStream
Event: 67.973 loading class sun/nio/ch/ChannelInputStream done


Dynamic libraries:
0x00007ff763da0000 - 0x00007ff763dae000 	c:\Users\ASUS\.vscode\extensions\redhat.java-1.23.0-win32-x64\jre\17.0.8.1-win32-x86_64\bin\java.exe
0x00007fff6e9d0000 - 0x00007fff6ebe4000 	C:\WINDOWS\SYSTEM32\ntdll.dll
0x00007fff6d700000 - 0x00007fff6d7c4000 	C:\WINDOWS\System32\KERNEL32.DLL
0x00007fff6bd80000 - 0x00007fff6c124000 	C:\WINDOWS\System32\KERNELBASE.dll
0x00007fff68d10000 - 0x00007fff68da7000 	C:\WINDOWS\SYSTEM32\apphelp.dll
0x00007fff6c130000 - 0x00007fff6c241000 	C:\WINDOWS\System32\ucrtbase.dll
0x00007fff54a40000 - 0x00007fff54a57000 	c:\Users\ASUS\.vscode\extensions\redhat.java-1.23.0-win32-x64\jre\17.0.8.1-win32-x86_64\bin\jli.dll
0x00007fff6da60000 - 0x00007fff6dc0e000 	C:\WINDOWS\System32\USER32.dll
0x00007fff6c4b0000 - 0x00007fff6c4d6000 	C:\WINDOWS\System32\win32u.dll
0x00007fff6d5b0000 - 0x00007fff6d5d9000 	C:\WINDOWS\System32\GDI32.dll
0x00007fff6c310000 - 0x00007fff6c428000 	C:\WINDOWS\System32\gdi32full.dll
0x00007fff6c4e0000 - 0x00007fff6c57a000 	C:\WINDOWS\System32\msvcp_win.dll
0x00007fff545c0000 - 0x00007fff545d9000 	c:\Users\ASUS\.vscode\extensions\redhat.java-1.23.0-win32-x64\jre\17.0.8.1-win32-x86_64\bin\VCRUNTIME140.dll
0x00007fff61b10000 - 0x00007fff61da3000 	C:\WINDOWS\WinSxS\amd64_microsoft.windows.common-controls_6595b64144ccf1df_6.0.22621.2215_none_270d72677387dfc3\COMCTL32.dll
0x00007fff6cf20000 - 0x00007fff6cfc7000 	C:\WINDOWS\System32\msvcrt.dll
0x00007fff6cbe0000 - 0x00007fff6cc11000 	C:\WINDOWS\System32\IMM32.DLL
0x00007fff68b00000 - 0x00007fff68b0c000 	c:\Users\ASUS\.vscode\extensions\redhat.java-1.23.0-win32-x64\jre\17.0.8.1-win32-x86_64\bin\vcruntime140_1.dll
0x00007fff0c0f0000 - 0x00007fff0c181000 	c:\Users\ASUS\.vscode\extensions\redhat.java-1.23.0-win32-x64\jre\17.0.8.1-win32-x86_64\bin\msvcp140.dll
0x00007fff04730000 - 0x00007fff0537c000 	c:\Users\ASUS\.vscode\extensions\redhat.java-1.23.0-win32-x64\jre\17.0.8.1-win32-x86_64\bin\server\jvm.dll
0x00007fff6d920000 - 0x00007fff6d9d0000 	C:\WINDOWS\System32\ADVAPI32.dll
0x00007fff6ce50000 - 0x00007fff6cef6000 	C:\WINDOWS\System32\sechost.dll
0x00007fff6d5e0000 - 0x00007fff6d6f7000 	C:\WINDOWS\System32\RPCRT4.dll
0x00007fff6bc50000 - 0x00007fff6bc9d000 	C:\WINDOWS\SYSTEM32\POWRPROF.dll
0x00007fff41890000 - 0x00007fff41899000 	C:\WINDOWS\SYSTEM32\WSOCK32.dll
0x00007fff6cc20000 - 0x00007fff6cc91000 	C:\WINDOWS\System32\WS2_32.dll
0x00007fff657c0000 - 0x00007fff657f4000 	C:\WINDOWS\SYSTEM32\WINMM.dll
0x00007fff64a60000 - 0x00007fff64a6a000 	C:\WINDOWS\SYSTEM32\VERSION.dll
0x00007fff6bc30000 - 0x00007fff6bc43000 	C:\WINDOWS\SYSTEM32\UMPDC.dll
0x00007fff6ad40000 - 0x00007fff6ad58000 	C:\WINDOWS\SYSTEM32\kernel.appcore.dll
0x00007fff61a90000 - 0x00007fff61a9a000 	c:\Users\ASUS\.vscode\extensions\redhat.java-1.23.0-win32-x64\jre\17.0.8.1-win32-x86_64\bin\jimage.dll
0x00007fff69100000 - 0x00007fff6932e000 	C:\WINDOWS\SYSTEM32\DBGHELP.DLL
0x00007fff6dc10000 - 0x00007fff6df9a000 	C:\WINDOWS\System32\combase.dll
0x00007fff6d4c0000 - 0x00007fff6d597000 	C:\WINDOWS\System32\OLEAUT32.dll
0x00007fff57470000 - 0x00007fff574a2000 	C:\WINDOWS\SYSTEM32\dbgcore.DLL
0x00007fff6c430000 - 0x00007fff6c4aa000 	C:\WINDOWS\System32\bcryptPrimitives.dll
0x00007fff61a80000 - 0x00007fff61a8e000 	c:\Users\ASUS\.vscode\extensions\redhat.java-1.23.0-win32-x64\jre\17.0.8.1-win32-x86_64\bin\instrument.dll
0x00007fff2ae10000 - 0x00007fff2ae35000 	c:\Users\ASUS\.vscode\extensions\redhat.java-1.23.0-win32-x64\jre\17.0.8.1-win32-x86_64\bin\java.dll
0x00007fff14e00000 - 0x00007fff14e18000 	c:\Users\ASUS\.vscode\extensions\redhat.java-1.23.0-win32-x64\jre\17.0.8.1-win32-x86_64\bin\zip.dll
0x00007fff6e160000 - 0x00007fff6e983000 	C:\WINDOWS\System32\SHELL32.dll
0x00007fff69cc0000 - 0x00007fff6a5aa000 	C:\WINDOWS\SYSTEM32\windows.storage.dll
0x00007fff69b80000 - 0x00007fff69cbe000 	C:\WINDOWS\SYSTEM32\wintypes.dll
0x00007fff6cd50000 - 0x00007fff6ce43000 	C:\WINDOWS\System32\SHCORE.dll
0x00007fff6d8c0000 - 0x00007fff6d91e000 	C:\WINDOWS\System32\shlwapi.dll
0x00007fff6bcb0000 - 0x00007fff6bcd6000 	C:\WINDOWS\SYSTEM32\profapi.dll
0x00007fff0c370000 - 0x00007fff0c389000 	C:\Users\ASUS\.vscode\extensions\redhat.java-1.23.0-win32-x64\jre\17.0.8.1-win32-x86_64\bin\net.dll
0x00007fff64370000 - 0x00007fff644a7000 	C:\WINDOWS\SYSTEM32\WINHTTP.dll
0x00007fff6b210000 - 0x00007fff6b279000 	C:\WINDOWS\system32\mswsock.dll
0x00007fff0c350000 - 0x00007fff0c365000 	C:\Users\ASUS\.vscode\extensions\redhat.java-1.23.0-win32-x64\jre\17.0.8.1-win32-x86_64\bin\nio.dll
0x00007fff49300000 - 0x00007fff49310000 	c:\Users\ASUS\.vscode\extensions\redhat.java-1.23.0-win32-x64\jre\17.0.8.1-win32-x86_64\bin\verify.dll
0x00007fff0c200000 - 0x00007fff0c23e000 	C:\Users\ASUS\AppData\Roaming\Code\User\globalStorage\redhat.java\1.23.0\config_win\org.eclipse.equinox.launcher\org.eclipse.equinox.launcher.win32.win32.x86_64_1.2.700.v20221108-1024\eclipse_11801.dll
0x00007fff6dfa0000 - 0x00007fff6e13e000 	C:\WINDOWS\System32\ole32.dll
0x00007fff6b440000 - 0x00007fff6b45b000 	C:\WINDOWS\SYSTEM32\CRYPTSP.dll
0x00007fff6ad00000 - 0x00007fff6ad35000 	C:\WINDOWS\system32\rsaenh.dll
0x00007fff6b2d0000 - 0x00007fff6b2fc000 	C:\WINDOWS\SYSTEM32\USERENV.dll
0x00007fff6b660000 - 0x00007fff6b688000 	C:\WINDOWS\SYSTEM32\bcrypt.dll
0x00007fff6b430000 - 0x00007fff6b43c000 	C:\WINDOWS\SYSTEM32\CRYPTBASE.dll
0x00007fff6a810000 - 0x00007fff6a83d000 	C:\WINDOWS\SYSTEM32\IPHLPAPI.DLL
0x00007fff6d5a0000 - 0x00007fff6d5a9000 	C:\WINDOWS\System32\NSI.dll
0x00007fff64270000 - 0x00007fff64289000 	C:\WINDOWS\SYSTEM32\dhcpcsvc6.DLL
0x00007fff64250000 - 0x00007fff6426f000 	C:\WINDOWS\SYSTEM32\dhcpcsvc.DLL
0x00007fff6a8d0000 - 0x00007fff6a9c2000 	C:\WINDOWS\SYSTEM32\DNSAPI.dll
0x00007fff044b0000 - 0x00007fff044f5000 	C:\Users\ASUS\AppData\Local\Temp\jna-2018896\jna18062165529669846211.dll
0x00007fff6cf00000 - 0x00007fff6cf08000 	C:\WINDOWS\System32\PSAPI.DLL

dbghelp: loaded successfully - version: 4.0.5 - missing functions: none
symbol engine: initialized successfully - sym options: 0x614 - pdb path: .;c:\Users\ASUS\.vscode\extensions\redhat.java-1.23.0-win32-x64\jre\17.0.8.1-win32-x86_64\bin;C:\WINDOWS\SYSTEM32;C:\WINDOWS\WinSxS\amd64_microsoft.windows.common-controls_6595b64144ccf1df_6.0.22621.2215_none_270d72677387dfc3;c:\Users\ASUS\.vscode\extensions\redhat.java-1.23.0-win32-x64\jre\17.0.8.1-win32-x86_64\bin\server;C:\Users\ASUS\AppData\Roaming\Code\User\globalStorage\redhat.java\1.23.0\config_win\org.eclipse.equinox.launcher\org.eclipse.equinox.launcher.win32.win32.x86_64_1.2.700.v20221108-1024;C:\Users\ASUS\AppData\Local\Temp\jna-2018896

VM Arguments:
jvm_args: --add-modules=ALL-SYSTEM --add-opens=java.base/java.util=ALL-UNNAMED --add-opens=java.base/java.lang=ALL-UNNAMED --add-opens=java.base/sun.nio.fs=ALL-UNNAMED -Declipse.application=org.eclipse.jdt.ls.core.id1 -Dosgi.bundles.defaultStartLevel=4 -Declipse.product=org.eclipse.jdt.ls.core.product -Djava.import.generatesMetadataFilesAtProjectRoot=false -DDetectVMInstallationsJob.disabled=true -Dfile.encoding=utf8 -XX:+UseParallelGC -XX:GCTimeRatio=4 -XX:AdaptiveSizePolicyWeight=90 -Dsun.zip.disableMemoryMapping=true -Xmx1G -Xms100m -Xlog:disable -javaagent:c:\Users\ASUS\.vscode\extensions\redhat.java-1.23.0-win32-x64\lombok\lombok-1.18.30.jar -XX:+HeapDumpOnOutOfMemoryError -XX:HeapDumpPath=c:\Users\ASUS\AppData\Roaming\Code\User\workspaceStorage\9019717e22b623e3c465c21b3d2fc438\redhat.java -Daether.dependencyCollector.impl=bf 
java_command: c:\Users\ASUS\.vscode\extensions\redhat.java-1.23.0-win32-x64\server\plugins\org.eclipse.equinox.launcher_1.6.500.v20230717-2134.jar -configuration c:\Users\ASUS\AppData\Roaming\Code\User\globalStorage\redhat.java\1.23.0\config_win -data c:\Users\ASUS\AppData\Roaming\Code\User\workspaceStorage\9019717e22b623e3c465c21b3d2fc438\redhat.java\jdt_ws
java_class_path (initial): c:\Users\ASUS\.vscode\extensions\redhat.java-1.23.0-win32-x64\server\plugins\org.eclipse.equinox.launcher_1.6.500.v20230717-2134.jar
Launcher Type: SUN_STANDARD

[Global flags]
    uintx AdaptiveSizePolicyWeight                 = 90                                        {product} {command line}
     intx CICompilerCount                          = 3                                         {product} {ergonomic}
    uintx GCTimeRatio                              = 4                                         {product} {command line}
     bool HeapDumpOnOutOfMemoryError               = true                                   {manageable} {command line}
    ccstr HeapDumpPath                             = c:\Users\ASUS\AppData\Roaming\Code\User\workspaceStorage\9019717e22b623e3c465c21b3d2fc438\redhat.java         {manageable} {command line}
   size_t InitialHeapSize                          = 104857600                                 {product} {command line}
   size_t MaxHeapSize                              = 1073741824                                {product} {command line}
   size_t MaxNewSize                               = 357564416                                 {product} {ergonomic}
   size_t MinHeapDeltaBytes                        = 524288                                    {product} {ergonomic}
   size_t MinHeapSize                              = 104857600                                 {product} {command line}
   size_t NewSize                                  = 34603008                                  {product} {ergonomic}
    uintx NonNMethodCodeHeapSize                   = 5832780                                {pd product} {ergonomic}
    uintx NonProfiledCodeHeapSize                  = 122912730                              {pd product} {ergonomic}
   size_t OldSize                                  = 70254592                                  {product} {ergonomic}
    uintx ProfiledCodeHeapSize                     = 122912730                              {pd product} {ergonomic}
    uintx ReservedCodeCacheSize                    = 251658240                              {pd product} {ergonomic}
     bool SegmentedCodeCache                       = true                                      {product} {ergonomic}
   size_t SoftMaxHeapSize                          = 1073741824                             {manageable} {ergonomic}
     bool UseCompressedClassPointers               = true                           {product lp64_product} {ergonomic}
     bool UseCompressedOops                        = true                           {product lp64_product} {ergonomic}
     bool UseLargePagesIndividualAllocation        = false                                  {pd product} {ergonomic}
     bool UseParallelGC                            = true                                      {product} {command line}

Logging:
Log output configuration:
 #0: stdout all=off uptime,level,tags
 #1: stderr all=off uptime,level,tags

Environment Variables:
JAVA_HOME=C:\Program Files\Eclipse Adoptium\jdk-17.0.4.101-hotspot\
PATH=C:\Program Files\Eclipse Adoptium\jdk-17.0.4.101-hotspot\bin;C:\Program Files\Python310\Scripts\;C:\Program Files\Python310\;C:\WINDOWS\system32;C:\WINDOWS;C:\WINDOWS\System32\Wbem;C:\WINDOWS\System32\WindowsPowerShell\v1.0\;C:\WINDOWS\System32\OpenSSH\;C:\Program Files\Git\cmd;C:\Users\ASUS\AppData\Roaming\Python\Python310\Scripts;C:\Users\ASUS\Downloads\jdk-11.0.16.1_windows-x64_bin\jdk-11.0.16.1\bin;C:\Program Files\nodejs\;C:\Program Files\PowerShell\7\;C:\Program Files\MySQL\MySQL Shell 8.0\bin\;C:\Users\ASUS\AppData\Local\Microsoft\WindowsApps;C:\Users\ASUS\AppData\Roaming\Python\Python310\Scripts;C:\Users\ASUS\Downloads\jdk-11.0.16.1_windows-x64_bin\jdk-11.0.16.1\bin;C:\Users\ASUS\AppData\Roaming\npm;D:\IntelliJ IDEA Community Edition 2023.2\bin;
USERNAME=ASUS
OS=Windows_NT
PROCESSOR_IDENTIFIER=Intel64 Family 6 Model 126 Stepping 5, GenuineIntel
TMP=C:\Users\ASUS\AppData\Local\Temp
TEMP=C:\Users\ASUS\AppData\Local\Temp



---------------  S Y S T E M  ---------------

OS:
 Windows 11 , 64 bit Build 22621 (10.0.22621.2215)
OS uptime: 0 days 9:47 hours
Hyper-V role detected

CPU: total 4 (initial active 4) (2 cores per cpu, 2 threads per core) family 6 model 126 stepping 5 microcode 0xa6, cx8, cmov, fxsr, ht, mmx, 3dnowpref, sse, sse2, sse3, ssse3, sse4.1, sse4.2, popcnt, lzcnt, tsc, tscinvbit, avx, avx2, aes, erms, clmul, bmi1, bmi2, adx, avx512f, avx512dq, avx512cd, avx512bw, avx512vl, sha, fma, vzeroupper, avx512_vpopcntdq, avx512_vpclmulqdq, avx512_vaes, avx512_vnni, clflush, clflushopt, avx512_vbmi2, avx512_vbmi, hv
Processor Information for all 4 processors :
  Max Mhz: 1201, Current Mhz: 1201, Mhz Limit: 1201

Memory: 4k page, system-wide physical 7932M (304M free)
TotalPageFile size 9980M (AvailPageFile size 34M)
current process WorkingSet (physical memory assigned to process): 197M, peak: 197M
current process commit charge ("private bytes"): 269M, peak: 276M

vm_info: OpenJDK 64-Bit Server VM (17.0.8.1+1) for windows-amd64 JRE (17.0.8.1+1), built on Aug 23 2023 15:29:17 by "admin" with MS VC++ 16.7 (VS2019)

END.
