#
# There is insufficient memory for the Java Runtime Environment to continue.
# Native memory allocation (malloc) failed to allocate 1052336 bytes for Chunk::new
# Possible reasons:
#   The system is out of physical RAM or swap space
#   The process is running with CompressedOops enabled, and the Java Heap may be blocking the growth of the native heap
# Possible solutions:
#   Reduce memory load on the system
#   Increase physical memory or swap space
#   Check if swap backing store is full
#   Decrease Java heap size (-Xmx/-Xms)
#   Decrease number of Java threads
#   Decrease Java thread stack sizes (-Xss)
#   Set larger code cache with -XX:ReservedCodeCacheSize=
#   JVM is running with Unscaled Compressed Oops mode in which the Java heap is
#     placed in the first 4GB address space. The Java Heap base address is the
#     maximum limit for the native heap growth. Please use -XX:HeapBaseMinAddress
#     to set the Java Heap base and to place the Java Heap above 4GB virtual address.
# This output file may be truncated or incomplete.
#
#  Out of Memory Error (arena.cpp:189), pid=9864, tid=14548
#
# JRE version: OpenJDK Runtime Environment Temurin-17.0.4.1+1 (17.0.4.1+1) (build 17.0.4.1+1)
# Java VM: OpenJDK 64-Bit Server VM Temurin-17.0.4.1+1 (17.0.4.1+1, mixed mode, sharing, tiered, compressed oops, compressed class ptrs, g1 gc, windows-amd64)
# No core dump will be written. Minidumps are not enabled by default on client versions of Windows
#

---------------  S U M M A R Y ------------

Command Line: -XX:+ShowCodeDetailsInExceptionMessages com.store.backend.BackendApplication

Host: Intel(R) Core(TM) i3-1005G1 CPU @ 1.20GHz, 4 cores, 7G,  Windows 11 , 64 bit Build 22621 (10.0.22621.2215)
Time: Thu Oct  5 22:40:28 2023 India Standard Time elapsed time: 23.763348 seconds (0d 0h 0m 23s)

---------------  T H R E A D  ---------------

Current thread (0x000001b37da2b390):  JavaThread "C2 CompilerThread0" daemon [_thread_in_native, id=14548, stack(0x00000002ef500000,0x00000002ef600000)]


Current CompileTask:
C2:  23763 5251       4       jdk.internal.org.objectweb.asm.MethodWriter::computeAllFrames (510 bytes)

Stack: [0x00000002ef500000,0x00000002ef600000]
Native frames: (J=compiled Java code, j=interpreted, Vv=VM code, C=native code)
V  [jvm.dll+0x67731a]
V  [jvm.dll+0x832284]
V  [jvm.dll+0x833a2e]
V  [jvm.dll+0x834093]
V  [jvm.dll+0x245775]
V  [jvm.dll+0xabd7b]
V  [jvm.dll+0xac30c]
V  [jvm.dll+0x363a42]
V  [jvm.dll+0x32e011]
V  [jvm.dll+0x32d4ba]
V  [jvm.dll+0x218681]
V  [jvm.dll+0x217aa1]
V  [jvm.dll+0x1a3f8d]
V  [jvm.dll+0x227498]
V  [jvm.dll+0x2255e5]
V  [jvm.dll+0x7e7e9b]
V  [jvm.dll+0x7e240a]
V  [jvm.dll+0x6761a5]
C  [ucrtbase.dll+0x29363]
C  [KERNEL32.DLL+0x1257d]
C  [ntdll.dll+0x5aa68]


---------------  P R O C E S S  ---------------

Threads class SMR info:
_java_thread_list=0x000001b312a84540, length=20, elements={
0x000001b36d15e360, 0x000001b37da07770, 0x000001b37da08120, 0x000001b37da1d970,
0x000001b37da1e320, 0x000001b37da20ce0, 0x000001b37da21690, 0x000001b37da2b390,
0x000001b37da32260, 0x000001b37da44b50, 0x000001b37e4f2920, 0x000001b37e4fd1b0,
0x000001b37eea0660, 0x000001b30f000890, 0x000001b312331010, 0x000001b310448030,
0x000001b310514220, 0x000001b310513880, 0x000001b3105146f0, 0x000001b310484d40
}

Java Threads: ( => current thread )
  0x000001b36d15e360 JavaThread "main" [_thread_blocked, id=9912, stack(0x00000002ee800000,0x00000002ee900000)]
  0x000001b37da07770 JavaThread "Reference Handler" daemon [_thread_blocked, id=8352, stack(0x00000002eef00000,0x00000002ef000000)]
  0x000001b37da08120 JavaThread "Finalizer" daemon [_thread_blocked, id=5436, stack(0x00000002ef000000,0x00000002ef100000)]
  0x000001b37da1d970 JavaThread "Signal Dispatcher" daemon [_thread_blocked, id=15180, stack(0x00000002ef100000,0x00000002ef200000)]
  0x000001b37da1e320 JavaThread "Attach Listener" daemon [_thread_blocked, id=15208, stack(0x00000002ef200000,0x00000002ef300000)]
  0x000001b37da20ce0 JavaThread "Service Thread" daemon [_thread_blocked, id=1476, stack(0x00000002ef300000,0x00000002ef400000)]
  0x000001b37da21690 JavaThread "Monitor Deflation Thread" daemon [_thread_blocked, id=3384, stack(0x00000002ef400000,0x00000002ef500000)]
=>0x000001b37da2b390 JavaThread "C2 CompilerThread0" daemon [_thread_in_native, id=14548, stack(0x00000002ef500000,0x00000002ef600000)]
  0x000001b37da32260 JavaThread "C1 CompilerThread0" daemon [_thread_blocked, id=7524, stack(0x00000002ef600000,0x00000002ef700000)]
  0x000001b37da44b50 JavaThread "Sweeper thread" daemon [_thread_blocked, id=3416, stack(0x00000002ef700000,0x00000002ef800000)]
  0x000001b37e4f2920 JavaThread "Notification Thread" daemon [_thread_blocked, id=8604, stack(0x00000002ef800000,0x00000002ef900000)]
  0x000001b37e4fd1b0 JavaThread "Common-Cleaner" daemon [_thread_blocked, id=15268, stack(0x00000002efa00000,0x00000002efb00000)]
  0x000001b37eea0660 JavaThread "Thread-0" [_thread_blocked, id=13920, stack(0x00000002efb00000,0x00000002efc00000)]
  0x000001b30f000890 JavaThread "restartedMain" [_thread_in_vm, id=3676, stack(0x00000002eff00000,0x00000002f0000000)]
  0x000001b312331010 JavaThread "Catalina-utility-1" [_thread_blocked, id=14920, stack(0x00000002f0200000,0x00000002f0300000)]
  0x000001b310448030 JavaThread "Catalina-utility-2" [_thread_blocked, id=14956, stack(0x00000002f0300000,0x00000002f0400000)]
  0x000001b310514220 JavaThread "container-0" [_thread_blocked, id=14944, stack(0x00000002f0400000,0x00000002f0500000)]
  0x000001b310513880 JavaThread "mysql-cj-abandoned-connection-cleanup" daemon [_thread_blocked, id=14904, stack(0x00000002f0500000,0x00000002f0600000)]
  0x000001b3105146f0 JavaThread "HikariPool-1 housekeeper" daemon [_thread_blocked, id=1484, stack(0x00000002f0600000,0x00000002f0700000)]
  0x000001b310484d40 JavaThread "C2 CompilerThread1" daemon [_thread_in_native, id=14256, stack(0x00000002f0700000,0x00000002f0800000)]

Other Threads:
  0x000001b37da01dd0 VMThread "VM Thread" [stack: 0x00000002eee00000,0x00000002eef00000] [id=4192]
  0x000001b37da0bad0 WatcherThread [stack: 0x00000002ef900000,0x00000002efa00000] [id=15260]
  0x000001b36d1bfdd0 GCTaskThread "GC Thread#0" [stack: 0x00000002ee900000,0x00000002eea00000] [id=11764]
  0x000001b37ebc1c00 GCTaskThread "GC Thread#1" [stack: 0x00000002efc00000,0x00000002efd00000] [id=1680]
  0x000001b37ebbff20 GCTaskThread "GC Thread#2" [stack: 0x00000002efd00000,0x00000002efe00000] [id=7836]
  0x000001b37ee17080 GCTaskThread "GC Thread#3" [stack: 0x00000002efe00000,0x00000002eff00000] [id=12172]
  0x000001b36d1d1520 ConcurrentGCThread "G1 Main Marker" [stack: 0x00000002eea00000,0x00000002eeb00000] [id=8512]
  0x000001b36d1d1f30 ConcurrentGCThread "G1 Conc#0" [stack: 0x00000002eeb00000,0x00000002eec00000] [id=13096]
  0x000001b36d22e770 ConcurrentGCThread "G1 Refine#0" [stack: 0x00000002eec00000,0x00000002eed00000] [id=11612]
  0x000001b30f997620 ConcurrentGCThread "G1 Refine#1" [stack: 0x00000002f0000000,0x00000002f0100000] [id=2960]
  0x000001b37d8bb780 ConcurrentGCThread "G1 Service" [stack: 0x00000002eed00000,0x00000002eee00000] [id=14500]

Threads with active compile tasks:
C2 CompilerThread0    25662 5251       4       jdk.internal.org.objectweb.asm.MethodWriter::computeAllFrames (510 bytes)
C2 CompilerThread1    25662 5279       4       java.util.function.BiPredicate$$Lambda$113/0x0000000800cc5878::test (16 bytes)

VM state: not at safepoint (normal execution)

VM Mutex/Monitor currently owned by a thread: None

Heap address: 0x0000000084000000, size: 1984 MB, Compressed Oops mode: 32-bit

CDS archive(s) mapped at: [0x0000000800000000-0x0000000800bc0000-0x0000000800bc0000), size 12320768, SharedBaseAddress: 0x0000000800000000, ArchiveRelocationMode: 0.
Compressed class space mapped at: 0x0000000800c00000-0x0000000840c00000, reserved size: 1073741824
Narrow klass base: 0x0000000800000000, Narrow klass shift: 0, Narrow klass range: 0x100000000

GC Precious Log:
 CPUs: 4 total, 4 available
 Memory: 7932M
 Large Page Support: Disabled
 NUMA Support: Disabled
 Compressed Oops: Enabled (32-bit)
 Heap Region Size: 1M
 Heap Min Capacity: 8M
 Heap Initial Capacity: 124M
 Heap Max Capacity: 1984M
 Pre-touch: Disabled
 Parallel Workers: 4
 Concurrent Workers: 1
 Concurrent Refinement Workers: 4
 Periodic GC: Disabled

Heap:
 garbage-first heap   total 48128K, used 37043K [0x0000000084000000, 0x0000000100000000)
  region size 1024K, 17 young (17408K), 3 survivors (3072K)
 Metaspace       used 55680K, committed 56192K, reserved 1097728K
  class space    used 7570K, committed 7808K, reserved 1048576K

Heap Regions: E=young(eden), S=young(survivor), O=old, HS=humongous(starts), HC=humongous(continues), CS=collection set, F=free, OA=open archive, CA=closed archive, TAMS=top-at-mark-start (previous, next)
|   0|0x0000000084000000, 0x0000000084100000, 0x0000000084100000|100%|HS|  |TAMS 0x0000000084100000, 0x0000000084000000| Complete 
|   1|0x0000000084100000, 0x0000000084200000, 0x0000000084200000|100%| O|  |TAMS 0x0000000084200000, 0x0000000084100000| Untracked 
|   2|0x0000000084200000, 0x0000000084300000, 0x0000000084300000|100%| O|  |TAMS 0x0000000084300000, 0x0000000084200000| Untracked 
|   3|0x0000000084300000, 0x0000000084400000, 0x0000000084400000|100%| O|  |TAMS 0x0000000084400000, 0x0000000084300000| Untracked 
|   4|0x0000000084400000, 0x0000000084500000, 0x0000000084500000|100%| O|  |TAMS 0x0000000084500000, 0x0000000084400000| Untracked 
|   5|0x0000000084500000, 0x0000000084600000, 0x0000000084600000|100%| O|  |TAMS 0x0000000084556600, 0x0000000084500000| Untracked 
|   6|0x0000000084600000, 0x0000000084700000, 0x0000000084700000|100%| O|  |TAMS 0x0000000084700000, 0x0000000084600000| Untracked 
|   7|0x0000000084700000, 0x0000000084800000, 0x0000000084800000|100%| O|  |TAMS 0x0000000084800000, 0x0000000084700000| Untracked 
|   8|0x0000000084800000, 0x0000000084900000, 0x0000000084900000|100%| O|  |TAMS 0x0000000084900000, 0x0000000084800000| Untracked 
|   9|0x0000000084900000, 0x0000000084a00000, 0x0000000084a00000|100%| O|  |TAMS 0x0000000084a00000, 0x0000000084900000| Untracked 
|  10|0x0000000084a00000, 0x0000000084b00000, 0x0000000084b00000|100%| O|  |TAMS 0x0000000084b00000, 0x0000000084a00000| Untracked 
|  11|0x0000000084b00000, 0x0000000084c00000, 0x0000000084c00000|100%| O|  |TAMS 0x0000000084c00000, 0x0000000084b00000| Untracked 
|  12|0x0000000084c00000, 0x0000000084d00000, 0x0000000084d00000|100%| O|  |TAMS 0x0000000084d00000, 0x0000000084c00000| Untracked 
|  13|0x0000000084d00000, 0x0000000084e00000, 0x0000000084e00000|100%| O|  |TAMS 0x0000000084e00000, 0x0000000084d00000| Untracked 
|  14|0x0000000084e00000, 0x0000000084f00000, 0x0000000084f00000|100%| O|  |TAMS 0x0000000084f00000, 0x0000000084e00000| Untracked 
|  15|0x0000000084f00000, 0x0000000084f72000, 0x0000000085000000| 44%| O|  |TAMS 0x0000000084f00000, 0x0000000084f00000| Untracked 
|  16|0x0000000085000000, 0x0000000085100000, 0x0000000085100000|100%| O|  |TAMS 0x0000000085000000, 0x0000000085000000| Untracked 
|  17|0x0000000085100000, 0x0000000085200000, 0x0000000085200000|100%| O|  |TAMS 0x0000000085100000, 0x0000000085100000| Untracked 
|  18|0x0000000085200000, 0x0000000085300000, 0x0000000085300000|100%| O|  |TAMS 0x0000000085200000, 0x0000000085200000| Untracked 
|  19|0x0000000085300000, 0x0000000085400000, 0x0000000085400000|100%| O|  |TAMS 0x0000000085300000, 0x0000000085300000| Untracked 
|  20|0x0000000085400000, 0x0000000085500000, 0x0000000085500000|100%| O|  |TAMS 0x0000000085400000, 0x0000000085400000| Untracked 
|  21|0x0000000085500000, 0x0000000085500000, 0x0000000085600000|  0%| F|  |TAMS 0x0000000085500000, 0x0000000085500000| Untracked 
|  22|0x0000000085600000, 0x0000000085600000, 0x0000000085700000|  0%| F|  |TAMS 0x0000000085600000, 0x0000000085600000| Untracked 
|  23|0x0000000085700000, 0x0000000085700000, 0x0000000085800000|  0%| F|  |TAMS 0x0000000085700000, 0x0000000085700000| Untracked 
|  24|0x0000000085800000, 0x0000000085800000, 0x0000000085900000|  0%| F|  |TAMS 0x0000000085800000, 0x0000000085800000| Untracked 
|  25|0x0000000085900000, 0x0000000085900000, 0x0000000085a00000|  0%| F|  |TAMS 0x0000000085900000, 0x0000000085900000| Untracked 
|  26|0x0000000085a00000, 0x0000000085a00000, 0x0000000085b00000|  0%| F|  |TAMS 0x0000000085a00000, 0x0000000085a00000| Untracked 
|  27|0x0000000085b00000, 0x0000000085b00000, 0x0000000085c00000|  0%| F|  |TAMS 0x0000000085b00000, 0x0000000085b00000| Untracked 
|  28|0x0000000085c00000, 0x0000000085cbae18, 0x0000000085d00000| 73%| S|CS|TAMS 0x0000000085c00000, 0x0000000085c00000| Complete 
|  29|0x0000000085d00000, 0x0000000085e00000, 0x0000000085e00000|100%| S|CS|TAMS 0x0000000085d00000, 0x0000000085d00000| Complete 
|  30|0x0000000085e00000, 0x0000000085e00000, 0x0000000085f00000|  0%| F|  |TAMS 0x0000000085e00000, 0x0000000085e00000| Untracked 
|  31|0x0000000085f00000, 0x0000000086000000, 0x0000000086000000|100%| S|CS|TAMS 0x0000000085f00000, 0x0000000085f00000| Complete 
|  32|0x0000000086000000, 0x0000000086000000, 0x0000000086100000|  0%| F|  |TAMS 0x0000000086000000, 0x0000000086000000| Untracked 
|  33|0x0000000086100000, 0x00000000861daf08, 0x0000000086200000| 85%| E|  |TAMS 0x0000000086100000, 0x0000000086100000| Complete 
|  34|0x0000000086200000, 0x0000000086300000, 0x0000000086300000|100%| E|CS|TAMS 0x0000000086200000, 0x0000000086200000| Complete 
|  35|0x0000000086300000, 0x0000000086400000, 0x0000000086400000|100%| E|CS|TAMS 0x0000000086300000, 0x0000000086300000| Complete 
|  36|0x0000000086400000, 0x0000000086500000, 0x0000000086500000|100%| E|CS|TAMS 0x0000000086400000, 0x0000000086400000| Complete 
|  37|0x0000000086500000, 0x0000000086600000, 0x0000000086600000|100%| E|CS|TAMS 0x0000000086500000, 0x0000000086500000| Complete 
|  38|0x0000000086600000, 0x0000000086700000, 0x0000000086700000|100%| E|CS|TAMS 0x0000000086600000, 0x0000000086600000| Complete 
|  59|0x0000000087b00000, 0x0000000087c00000, 0x0000000087c00000|100%| E|CS|TAMS 0x0000000087b00000, 0x0000000087b00000| Complete 
|  60|0x0000000087c00000, 0x0000000087d00000, 0x0000000087d00000|100%| E|CS|TAMS 0x0000000087c00000, 0x0000000087c00000| Complete 
|  61|0x0000000087d00000, 0x0000000087e00000, 0x0000000087e00000|100%| E|CS|TAMS 0x0000000087d00000, 0x0000000087d00000| Complete 
|  62|0x0000000087e00000, 0x0000000087f00000, 0x0000000087f00000|100%| E|CS|TAMS 0x0000000087e00000, 0x0000000087e00000| Complete 
|  63|0x0000000087f00000, 0x0000000088000000, 0x0000000088000000|100%| E|CS|TAMS 0x0000000087f00000, 0x0000000087f00000| Complete 
|  64|0x0000000088000000, 0x0000000088100000, 0x0000000088100000|100%| E|CS|TAMS 0x0000000088000000, 0x0000000088000000| Complete 
|  65|0x0000000088100000, 0x0000000088200000, 0x0000000088200000|100%| E|CS|TAMS 0x0000000088100000, 0x0000000088100000| Complete 
| 123|0x000000008bb00000, 0x000000008bc00000, 0x000000008bc00000|100%| E|CS|TAMS 0x000000008bb00000, 0x000000008bb00000| Complete 

Card table byte_map: [0x000001b376e20000,0x000001b377200000] _byte_map_base: 0x000001b376a00000

Marking Bits (Prev, Next): (CMBitMap*) 0x000001b36d1c03e0, (CMBitMap*) 0x000001b36d1c0420
 Prev Bits: [0x000001b3775e0000, 0x000001b3794e0000)
 Next Bits: [0x000001b3794e0000, 0x000001b37b3e0000)

Polling page: 0x000001b36d230000

Metaspace:

Usage:
  Non-class:     46.98 MB used.
      Class:      7.39 MB used.
       Both:     54.38 MB used.

Virtual space:
  Non-class space:       48.00 MB reserved,      47.25 MB ( 98%) committed,  6 nodes.
      Class space:        1.00 GB reserved,       7.62 MB ( <1%) committed,  1 nodes.
             Both:        1.05 GB reserved,      54.88 MB (  5%) committed. 

Chunk freelists:
   Non-Class:  96.00 KB
       Class:  399.00 KB
        Both:  495.00 KB

MaxMetaspaceSize: unlimited
CompressedClassSpaceSize: 1.00 GB
Initial GC threshold: 21.00 MB
Current GC threshold: 59.06 MB
CDS: on
MetaspaceReclaimPolicy: balanced
 - commit_granule_bytes: 65536.
 - commit_granule_words: 8192.
 - virtual_space_node_default_size: 1048576.
 - enlarge_chunks_in_place: 1.
 - new_chunks_are_fully_committed: 0.
 - uncommit_free_chunks: 1.
 - use_allocation_guard: 0.
 - handle_deallocations: 1.


Internal statistics:

num_allocs_failed_limit: 6.
num_arena_births: 670.
num_arena_deaths: 0.
num_vsnodes_births: 7.
num_vsnodes_deaths: 0.
num_space_committed: 878.
num_space_uncommitted: 0.
num_chunks_returned_to_freelist: 6.
num_chunks_taken_from_freelist: 2713.
num_chunk_merges: 6.
num_chunk_splits: 1960.
num_chunks_enlarged: 1543.
num_purges: 0.
num_inconsistent_stats: 0.

CodeHeap 'non-profiled nmethods': size=120000Kb used=3073Kb max_used=3155Kb free=116926Kb
 bounds [0x000001b307ad0000, 0x000001b307e00000, 0x000001b30f000000]
CodeHeap 'profiled nmethods': size=120000Kb used=8936Kb max_used=10111Kb free=111064Kb
 bounds [0x000001b3005a0000, 0x000001b300f80000, 0x000001b307ad0000]
CodeHeap 'non-nmethods': size=5760Kb used=1315Kb max_used=1355Kb free=4444Kb
 bounds [0x000001b300000000, 0x000001b300270000, 0x000001b3005a0000]
 total_blobs=5259 nmethods=4629 adapters=542
 compilation: enabled
              stopped_count=0, restarted_count=0
 full_count=0

Compilation events (20 events):
Event: 23.254 Thread 0x000001b37da32260 5304       3       java.util.TreeMap$PrivateEntryIterator::hasNext (13 bytes)
Event: 23.254 Thread 0x000001b37da32260 nmethod 5304 0x000001b300decc90 code [0x000001b300dece20, 0x000001b300decf98]
Event: 23.254 Thread 0x000001b37da32260 5303   !   3       java.beans.PropertyDescriptor::findPropertyType (145 bytes)
Event: 23.258 Thread 0x000001b37da32260 nmethod 5303 0x000001b3005bda90 code [0x000001b3005be0c0, 0x000001b3005c1688]
Event: 23.258 Thread 0x000001b37da32260 5305       3       org.springframework.beans.factory.support.DefaultListableBeanFactory::getBeanNamesForType (101 bytes)
Event: 23.259 Thread 0x000001b37da32260 nmethod 5305 0x000001b3006be990 code [0x000001b3006bebe0, 0x000001b3006bf6a8]
Event: 23.259 Thread 0x000001b37da32260 5306       3       org.springframework.util.ClassUtils::isAssignableValue (34 bytes)
Event: 23.259 Thread 0x000001b37da32260 nmethod 5306 0x000001b300bb2710 code [0x000001b300bb28e0, 0x000001b300bb2c78]
Event: 23.259 Thread 0x000001b37da32260 5307   !   3       jdk.proxy2.$Proxy2::annotationType (29 bytes)
Event: 23.260 Thread 0x000001b37da32260 nmethod 5307 0x000001b300bb1f90 code [0x000001b300bb2160, 0x000001b300bb2558]
Event: 23.264 Thread 0x000001b37da32260 5308       3       org.springframework.beans.factory.support.AbstractBeanDefinition::getPropertyValues (24 bytes)
Event: 23.265 Thread 0x000001b37da32260 nmethod 5308 0x000001b300db1590 code [0x000001b300db1760, 0x000001b300db1b28]
Event: 23.265 Thread 0x000001b37da32260 5310       3       java.util.HashSet::<init> (17 bytes)
Event: 23.265 Thread 0x000001b37da32260 nmethod 5310 0x000001b300db0e90 code [0x000001b300db1080, 0x000001b300db1408]
Event: 23.265 Thread 0x000001b37da32260 5309   !   3       jdk.proxy2.$Proxy39::annotationType (29 bytes)
Event: 23.265 Thread 0x000001b37da32260 nmethod 5309 0x000001b300913910 code [0x000001b300913ae0, 0x000001b300913ed8]
Event: 23.275 Thread 0x000001b37da32260 5311       1       org.springframework.context.annotation.CommonAnnotationBeanPostProcessor::postProcessBeforeInstantiation (2 bytes)
Event: 23.276 Thread 0x000001b37da32260 nmethod 5311 0x000001b307b1dd90 code [0x000001b307b1df20, 0x000001b307b1dff8]
Event: 23.280 Thread 0x000001b37da32260 5312       3       org.springframework.core.annotation.AnnotationAwareOrderComparator::findOrderFromAnnotation (69 bytes)
Event: 23.280 Thread 0x000001b37da32260 nmethod 5312 0x000001b300912b10 code [0x000001b300912d40, 0x000001b300913678]

GC Heap History (20 events):
Event: 7.864 GC heap before
{Heap before GC invocations=6 (full 0):
 garbage-first heap   total 48128K, used 16179K [0x0000000084000000, 0x0000000100000000)
  region size 1024K, 4 young (4096K), 3 survivors (3072K)
 Metaspace       used 26040K, committed 26496K, reserved 1073152K
  class space    used 3331K, committed 3520K, reserved 1048576K
}
Event: 7.871 GC heap after
{Heap after GC invocations=7 (full 0):
 garbage-first heap   total 48128K, used 16202K [0x0000000084000000, 0x0000000100000000)
  region size 1024K, 1 young (1024K), 1 survivors (1024K)
 Metaspace       used 26040K, committed 26496K, reserved 1073152K
  class space    used 3331K, committed 3520K, reserved 1048576K
}
Event: 9.355 GC heap before
{Heap before GC invocations=7 (full 0):
 garbage-first heap   total 48128K, used 32586K [0x0000000084000000, 0x0000000100000000)
  region size 1024K, 18 young (18432K), 1 survivors (1024K)
 Metaspace       used 28148K, committed 28544K, reserved 1081344K
  class space    used 3619K, committed 3776K, reserved 1048576K
}
Event: 9.359 GC heap after
{Heap after GC invocations=8 (full 0):
 garbage-first heap   total 48128K, used 16973K [0x0000000084000000, 0x0000000100000000)
  region size 1024K, 2 young (2048K), 2 survivors (2048K)
 Metaspace       used 28148K, committed 28544K, reserved 1081344K
  class space    used 3619K, committed 3776K, reserved 1048576K
}
Event: 10.844 GC heap before
{Heap before GC invocations=8 (full 0):
 garbage-first heap   total 48128K, used 34381K [0x0000000084000000, 0x0000000100000000)
  region size 1024K, 19 young (19456K), 2 survivors (2048K)
 Metaspace       used 32791K, committed 33344K, reserved 1081344K
  class space    used 4285K, committed 4544K, reserved 1048576K
}
Event: 10.848 GC heap after
{Heap after GC invocations=9 (full 0):
 garbage-first heap   total 48128K, used 17753K [0x0000000084000000, 0x0000000100000000)
  region size 1024K, 2 young (2048K), 2 survivors (2048K)
 Metaspace       used 32791K, committed 33344K, reserved 1081344K
  class space    used 4285K, committed 4544K, reserved 1048576K
}
Event: 11.595 GC heap before
{Heap before GC invocations=9 (full 0):
 garbage-first heap   total 48128K, used 25945K [0x0000000084000000, 0x0000000100000000)
  region size 1024K, 11 young (11264K), 2 survivors (2048K)
 Metaspace       used 35571K, committed 35968K, reserved 1081344K
  class space    used 4626K, committed 4800K, reserved 1048576K
}
Event: 11.604 GC heap after
{Heap after GC invocations=10 (full 0):
 garbage-first heap   total 48128K, used 18695K [0x0000000084000000, 0x0000000100000000)
  region size 1024K, 2 young (2048K), 2 survivors (2048K)
 Metaspace       used 35571K, committed 35968K, reserved 1081344K
  class space    used 4626K, committed 4800K, reserved 1048576K
}
Event: 13.832 GC heap before
{Heap before GC invocations=11 (full 0):
 garbage-first heap   total 48128K, used 35079K [0x0000000084000000, 0x0000000100000000)
  region size 1024K, 19 young (19456K), 2 survivors (2048K)
 Metaspace       used 39989K, committed 40512K, reserved 1089536K
  class space    used 5254K, committed 5504K, reserved 1048576K
}
Event: 13.838 GC heap after
{Heap after GC invocations=12 (full 0):
 garbage-first heap   total 48128K, used 20405K [0x0000000084000000, 0x0000000100000000)
  region size 1024K, 3 young (3072K), 3 survivors (3072K)
 Metaspace       used 39989K, committed 40512K, reserved 1089536K
  class space    used 5254K, committed 5504K, reserved 1048576K
}
Event: 13.901 GC heap before
{Heap before GC invocations=12 (full 0):
 garbage-first heap   total 48128K, used 21429K [0x0000000084000000, 0x0000000100000000)
  region size 1024K, 4 young (4096K), 3 survivors (3072K)
 Metaspace       used 40381K, committed 40896K, reserved 1089536K
  class space    used 5277K, committed 5504K, reserved 1048576K
}
Event: 13.904 GC heap after
{Heap after GC invocations=13 (full 0):
 garbage-first heap   total 48128K, used 20066K [0x0000000084000000, 0x0000000100000000)
  region size 1024K, 1 young (1024K), 1 survivors (1024K)
 Metaspace       used 40381K, committed 40896K, reserved 1089536K
  class space    used 5277K, committed 5504K, reserved 1048576K
}
Event: 15.255 GC heap before
{Heap before GC invocations=13 (full 0):
 garbage-first heap   total 48128K, used 34402K [0x0000000084000000, 0x0000000100000000)
  region size 1024K, 16 young (16384K), 1 survivors (1024K)
 Metaspace       used 45485K, committed 45952K, reserved 1089536K
  class space    used 6122K, committed 6336K, reserved 1048576K
}
Event: 15.258 GC heap after
{Heap after GC invocations=14 (full 0):
 garbage-first heap   total 48128K, used 20502K [0x0000000084000000, 0x0000000100000000)
  region size 1024K, 1 young (1024K), 1 survivors (1024K)
 Metaspace       used 45485K, committed 45952K, reserved 1089536K
  class space    used 6122K, committed 6336K, reserved 1048576K
}
Event: 16.263 GC heap before
{Heap before GC invocations=14 (full 0):
 garbage-first heap   total 48128K, used 35862K [0x0000000084000000, 0x0000000100000000)
  region size 1024K, 17 young (17408K), 1 survivors (1024K)
 Metaspace       used 48489K, committed 49024K, reserved 1097728K
  class space    used 6596K, committed 6848K, reserved 1048576K
}
Event: 16.266 GC heap after
{Heap after GC invocations=15 (full 0):
 garbage-first heap   total 48128K, used 21018K [0x0000000084000000, 0x0000000100000000)
  region size 1024K, 2 young (2048K), 2 survivors (2048K)
 Metaspace       used 48489K, committed 49024K, reserved 1097728K
  class space    used 6596K, committed 6848K, reserved 1048576K
}
Event: 21.952 GC heap before
{Heap before GC invocations=15 (full 0):
 garbage-first heap   total 48128K, used 37402K [0x0000000084000000, 0x0000000100000000)
  region size 1024K, 18 young (18432K), 2 survivors (2048K)
 Metaspace       used 52204K, committed 52736K, reserved 1097728K
  class space    used 7054K, committed 7296K, reserved 1048576K
}
Event: 21.957 GC heap after
{Heap after GC invocations=16 (full 0):
 garbage-first heap   total 48128K, used 22378K [0x0000000084000000, 0x0000000100000000)
  region size 1024K, 3 young (3072K), 3 survivors (3072K)
 Metaspace       used 52204K, committed 52736K, reserved 1097728K
  class space    used 7054K, committed 7296K, reserved 1048576K
}
Event: 23.140 GC heap before
{Heap before GC invocations=16 (full 0):
 garbage-first heap   total 48128K, used 37738K [0x0000000084000000, 0x0000000100000000)
  region size 1024K, 18 young (18432K), 3 survivors (3072K)
 Metaspace       used 54156K, committed 54720K, reserved 1097728K
  class space    used 7354K, committed 7616K, reserved 1048576K
}
Event: 23.146 GC heap after
{Heap after GC invocations=17 (full 0):
 garbage-first heap   total 48128K, used 23731K [0x0000000084000000, 0x0000000100000000)
  region size 1024K, 3 young (3072K), 3 survivors (3072K)
 Metaspace       used 54156K, committed 54720K, reserved 1097728K
  class space    used 7354K, committed 7616K, reserved 1048576K
}

Deoptimization events (20 events):
Event: 23.209 Thread 0x000001b30f000890 Uncommon trap: trap_request=0xffffff45 fr.pc=0x000001b307c5ee40 relative=0x0000000000000ce0
Event: 23.209 Thread 0x000001b30f000890 Uncommon trap: reason=unstable_if action=reinterpret pc=0x000001b307c5ee40 method=sun.reflect.annotation.AnnotationInvocationHandler.invoke(Ljava/lang/Object;Ljava/lang/reflect/Method;[Ljava/lang/Object;)Ljava/lang/Object; @ 76 c2
Event: 23.209 Thread 0x000001b30f000890 DEOPT PACKING pc=0x000001b307c5ee40 sp=0x00000002efffaf80
Event: 23.209 Thread 0x000001b30f000890 DEOPT UNPACKING pc=0x000001b300055c23 sp=0x00000002efffaf40 mode 2
Event: 23.279 Thread 0x000001b30f000890 Uncommon trap: trap_request=0xffffffde fr.pc=0x000001b307da91dc relative=0x000000000000013c
Event: 23.279 Thread 0x000001b30f000890 Uncommon trap: reason=class_check action=maybe_recompile pc=0x000001b307da91dc method=java.lang.reflect.Method.equals(Ljava/lang/Object;)Z @ 1 c2
Event: 23.279 Thread 0x000001b30f000890 DEOPT PACKING pc=0x000001b307da91dc sp=0x00000002efffc9e0
Event: 23.279 Thread 0x000001b30f000890 DEOPT UNPACKING pc=0x000001b300055c23 sp=0x00000002efffc968 mode 2
Event: 23.279 Thread 0x000001b30f000890 Uncommon trap: trap_request=0xffffffde fr.pc=0x000001b307da91dc relative=0x000000000000013c
Event: 23.279 Thread 0x000001b30f000890 Uncommon trap: reason=class_check action=maybe_recompile pc=0x000001b307da91dc method=java.lang.reflect.Method.equals(Ljava/lang/Object;)Z @ 1 c2
Event: 23.279 Thread 0x000001b30f000890 DEOPT PACKING pc=0x000001b307da91dc sp=0x00000002efffc9e0
Event: 23.279 Thread 0x000001b30f000890 DEOPT UNPACKING pc=0x000001b300055c23 sp=0x00000002efffc968 mode 2
Event: 23.283 Thread 0x000001b30f000890 Uncommon trap: trap_request=0xffffffde fr.pc=0x000001b307de9528 relative=0x0000000000003f68
Event: 23.283 Thread 0x000001b30f000890 Uncommon trap: reason=class_check action=maybe_recompile pc=0x000001b307de9528 method=org.springframework.core.annotation.AnnotationsScanner.processMethodHierarchy(Ljava/lang/Object;[ILjava/lang/Class;Lorg/springframework/core/annotation/AnnotationsProces
Event: 23.283 Thread 0x000001b30f000890 DEOPT PACKING pc=0x000001b307de9528 sp=0x00000002efffd6d0
Event: 23.283 Thread 0x000001b30f000890 DEOPT UNPACKING pc=0x000001b300055c23 sp=0x00000002efffd6e8 mode 2
Event: 23.286 Thread 0x000001b30f000890 Uncommon trap: trap_request=0xffffffde fr.pc=0x000001b307de9528 relative=0x0000000000003f68
Event: 23.286 Thread 0x000001b30f000890 Uncommon trap: reason=class_check action=maybe_recompile pc=0x000001b307de9528 method=org.springframework.core.annotation.AnnotationsScanner.processMethodHierarchy(Ljava/lang/Object;[ILjava/lang/Class;Lorg/springframework/core/annotation/AnnotationsProces
Event: 23.286 Thread 0x000001b30f000890 DEOPT PACKING pc=0x000001b307de9528 sp=0x00000002efffcb30
Event: 23.286 Thread 0x000001b30f000890 DEOPT UNPACKING pc=0x000001b300055c23 sp=0x00000002efffcb48 mode 2

Classes unloaded (0 events):
No events

Classes redefined (0 events):
No events

Internal exceptions (20 events):
Event: 16.366 Thread 0x000001b30f000890 Exception <a 'java/lang/NoSuchMethodError'{0x00000000881afae8}: 'java.lang.Object java.lang.invoke.DirectMethodHandle$Holder.invokeSpecial(java.lang.Object, java.lang.Object, java.lang.Object, java.lang.Object, java.lang.Object, java.lang.Object, java.lang.Object, java.lang.Object, int)'> (0x00000000881afae8) 
thrown [s\src\hotspot\share\interpreter\linkResolver.cpp, line 759]
Event: 16.366 Thread 0x000001b30f000890 Exception <a 'java/lang/NoSuchMethodError'{0x00000000881b45b0}: 'java.lang.Object java.lang.invoke.Invokers$Holder.linkToTargetMethod(java.lang.Object, java.lang.Object, java.lang.Object, java.lang.Object, java.lang.Object, java.lang.Object, int, java.lang.Object)'> (0x00000000881b45b0) 
thrown [s\src\hotspot\share\interpreter\linkResolver.cpp, line 759]
Event: 16.416 Thread 0x000001b30f000890 Exception <a 'java/lang/NoSuchMethodError'{0x00000000880890e8}: 'void java.lang.invoke.DirectMethodHandle$Holder.invokeInterface(java.lang.Object, java.lang.Object)'> (0x00000000880890e8) 
thrown [s\src\hotspot\share\interpreter\linkResolver.cpp, line 759]
Event: 20.680 Thread 0x000001b30f000890 Exception <a 'java/lang/IncompatibleClassChangeError'{0x000000008648d598}: Found class java.lang.Object, but interface was expected> (0x000000008648d598) 
thrown [s\src\hotspot\share\interpreter\linkResolver.cpp, line 826]
Event: 20.895 Thread 0x000001b30f000890 Exception <a 'java/lang/IncompatibleClassChangeError'{0x000000008630d3c8}: Found class java.lang.Object, but interface was expected> (0x000000008630d3c8) 
thrown [s\src\hotspot\share\interpreter\linkResolver.cpp, line 826]
Event: 21.200 Thread 0x000001b30f000890 Exception <a 'java/lang/IncompatibleClassChangeError'{0x0000000086279068}: Found class java.lang.Object, but interface was expected> (0x0000000086279068) 
thrown [s\src\hotspot\share\interpreter\linkResolver.cpp, line 826]
Event: 22.229 Thread 0x000001b30f000890 Exception <a 'java/lang/IncompatibleClassChangeError'{0x00000000880ff230}: Found class java.lang.Object, but interface was expected> (0x00000000880ff230) 
thrown [s\src\hotspot\share\interpreter\linkResolver.cpp, line 826]
Event: 22.577 Thread 0x000001b30f000890 Exception <a 'java/lang/reflect/InvocationTargetException'{0x0000000087d6e9d0}> (0x0000000087d6e9d0) 
thrown [s\src\hotspot\share\runtime\reflection.cpp, line 1121]
Event: 22.685 Thread 0x000001b30f000890 Exception <a 'java/lang/NoSuchMethodError'{0x0000000087dcf118}: 'int java.lang.invoke.DirectMethodHandle$Holder.invokeStatic(java.lang.Object, java.lang.Object, int)'> (0x0000000087dcf118) 
thrown [s\src\hotspot\share\interpreter\linkResolver.cpp, line 759]
Event: 22.689 Thread 0x000001b30f000890 Exception <a 'java/lang/NoSuchMethodError'{0x0000000087debb30}: 'java.lang.Object java.lang.invoke.DirectMethodHandle$Holder.newInvokeSpecial(java.lang.Object, java.lang.Object, int)'> (0x0000000087debb30) 
thrown [s\src\hotspot\share\interpreter\linkResolver.cpp, line 759]
Event: 22.694 Thread 0x000001b30f000890 Exception <a 'java/lang/NoSuchMethodError'{0x0000000087c0c540}: 'java.lang.Object java.lang.invoke.Invokers$Holder.invoke_MT(java.lang.Object, java.lang.Object, java.lang.Object, java.lang.Object, java.lang.Object, java.lang.Object, java.lang.Object, java.lang.Object, java.lang.Object)'> (0x0000000087c0c540) 
thrown [s\src\hotspot\share\interpreter\linkResolver.cpp, line 759]
Event: 22.702 Thread 0x000001b30f000890 Exception <a 'java/lang/IncompatibleClassChangeError'{0x0000000087c34c18}: Found class java.lang.Object, but interface was expected> (0x0000000087c34c18) 
thrown [s\src\hotspot\share\interpreter\linkResolver.cpp, line 826]
Event: 22.816 Thread 0x000001b30f000890 Exception <a 'java/lang/NoSuchMethodError'{0x0000000087bb2490}: 'java.lang.Object java.lang.invoke.DirectMethodHandle$Holder.invokeStatic(java.lang.Object, int, java.lang.Object)'> (0x0000000087bb2490) 
thrown [s\src\hotspot\share\interpreter\linkResolver.cpp, line 759]
Event: 22.953 Thread 0x000001b30f000890 Exception <a 'java/lang/reflect/InvocationTargetException'{0x0000000086420dd8}> (0x0000000086420dd8) 
thrown [s\src\hotspot\share\runtime\reflection.cpp, line 1121]
Event: 22.965 Thread 0x000001b30f000890 Exception <a 'java/lang/reflect/InvocationTargetException'{0x000000008642b860}> (0x000000008642b860) 
thrown [s\src\hotspot\share\runtime\reflection.cpp, line 1121]
Event: 22.975 Thread 0x000001b30f000890 Exception <a 'java/lang/reflect/InvocationTargetException'{0x0000000086449dc8}> (0x0000000086449dc8) 
thrown [s\src\hotspot\share\runtime\reflection.cpp, line 1121]
Event: 23.027 Thread 0x000001b30f000890 Exception <a 'java/lang/reflect/InvocationTargetException'{0x0000000086239ab0}> (0x0000000086239ab0) 
thrown [s\src\hotspot\share\runtime\reflection.cpp, line 1121]
Event: 23.034 Thread 0x000001b30f000890 Exception <a 'java/lang/reflect/InvocationTargetException'{0x0000000086247a70}> (0x0000000086247a70) 
thrown [s\src\hotspot\share\runtime\reflection.cpp, line 1121]
Event: 23.081 Thread 0x000001b30f000890 Exception <a 'java/lang/reflect/InvocationTargetException'{0x0000000086194c18}> (0x0000000086194c18) 
thrown [s\src\hotspot\share\runtime\reflection.cpp, line 1121]
Event: 23.157 Thread 0x000001b30f000890 Exception <a 'java/lang/reflect/InvocationTargetException'{0x000000008bbe5fd8}> (0x000000008bbe5fd8) 
thrown [s\src\hotspot\share\runtime\reflection.cpp, line 1121]

VM Operations (20 events):
Event: 17.644 Executing VM operation: Cleanup
Event: 17.644 Executing VM operation: Cleanup done
Event: 19.660 Executing VM operation: Cleanup
Event: 19.660 Executing VM operation: Cleanup done
Event: 20.668 Executing VM operation: Cleanup
Event: 20.680 Executing VM operation: Cleanup done
Event: 21.689 Executing VM operation: Cleanup
Event: 21.699 Executing VM operation: Cleanup done
Event: 21.951 Executing VM operation: G1CollectForAllocation
Event: 21.957 Executing VM operation: G1CollectForAllocation done
Event: 22.019 Executing VM operation: HandshakeAllThreads
Event: 22.019 Executing VM operation: HandshakeAllThreads done
Event: 22.427 Executing VM operation: HandshakeAllThreads
Event: 22.427 Executing VM operation: HandshakeAllThreads done
Event: 22.428 Executing VM operation: HandshakeAllThreads
Event: 22.428 Executing VM operation: HandshakeAllThreads done
Event: 23.039 Executing VM operation: ICBufferFull
Event: 23.039 Executing VM operation: ICBufferFull done
Event: 23.140 Executing VM operation: G1CollectForAllocation
Event: 23.147 Executing VM operation: G1CollectForAllocation done

Events (20 events):
Event: 22.484 loading class java/util/stream/ReduceOps$CountingSink$OfRef
Event: 22.485 loading class java/util/stream/ReduceOps$CountingSink
Event: 22.485 loading class java/util/stream/ReduceOps$CountingSink done
Event: 22.485 loading class java/util/stream/ReduceOps$CountingSink$OfRef done
Event: 22.684 Thread 0x000001b310485c70 Thread exited: 0x000001b310485c70
Event: 22.699 loading class java/util/regex/Pattern$1
Event: 22.699 loading class java/util/regex/Pattern$1 done
Event: 22.775 loading class java/util/regex/Pattern$Bound
Event: 22.775 loading class java/util/regex/Pattern$Bound done
Event: 22.775 loading class java/util/regex/Pattern$SliceI
Event: 22.775 loading class java/util/regex/Pattern$SliceI done
Event: 22.777 loading class java/util/regex/Pattern$LookBehindEndNode
Event: 22.777 loading class java/util/regex/Pattern$LookBehindEndNode done
Event: 22.777 loading class java/util/regex/Pattern$NotBehind
Event: 22.781 loading class java/util/regex/Pattern$NotBehind done
Event: 22.782 loading class java/util/regex/Pattern$Behind
Event: 22.782 loading class java/util/regex/Pattern$Behind done
Event: 22.891 Thread 0x000001b310484d40 Thread added: 0x000001b310484d40
Event: 23.209 loading class java/time/DurationEditor
Event: 23.209 loading class java/time/DurationEditor done


Dynamic libraries:
0x00007ff6c93f0000 - 0x00007ff6c93fe000 	C:\Program Files\Eclipse Adoptium\jdk-17.0.4.101-hotspot\bin\java.exe
0x00007ff84bc90000 - 0x00007ff84bea4000 	C:\WINDOWS\SYSTEM32\ntdll.dll
0x00007ff84acf0000 - 0x00007ff84adb4000 	C:\WINDOWS\System32\KERNEL32.DLL
0x00007ff849040000 - 0x00007ff8493e4000 	C:\WINDOWS\System32\KERNELBASE.dll
0x00007ff8494c0000 - 0x00007ff8495d1000 	C:\WINDOWS\System32\ucrtbase.dll
0x00007ffff2610000 - 0x00007ffff2629000 	C:\Program Files\Eclipse Adoptium\jdk-17.0.4.101-hotspot\bin\VCRUNTIME140.dll
0x00007ff81f340000 - 0x00007ff81f358000 	C:\Program Files\Eclipse Adoptium\jdk-17.0.4.101-hotspot\bin\jli.dll
0x00007ff84b9a0000 - 0x00007ff84bb4e000 	C:\WINDOWS\System32\USER32.dll
0x00007ff8323e0000 - 0x00007ff832673000 	C:\WINDOWS\WinSxS\amd64_microsoft.windows.common-controls_6595b64144ccf1df_6.0.22621.2215_none_270d72677387dfc3\COMCTL32.dll
0x00007ff849a20000 - 0x00007ff849ac7000 	C:\WINDOWS\System32\msvcrt.dll
0x00007ff849490000 - 0x00007ff8494b6000 	C:\WINDOWS\System32\win32u.dll
0x00007ff84adc0000 - 0x00007ff84ade9000 	C:\WINDOWS\System32\GDI32.dll
0x00007ff849840000 - 0x00007ff849958000 	C:\WINDOWS\System32\gdi32full.dll
0x00007ff8493f0000 - 0x00007ff84948a000 	C:\WINDOWS\System32\msvcp_win.dll
0x00007ff84b540000 - 0x00007ff84b571000 	C:\WINDOWS\System32\IMM32.DLL
0x00007ffff2600000 - 0x00007ffff260c000 	C:\Program Files\Eclipse Adoptium\jdk-17.0.4.101-hotspot\bin\vcruntime140_1.dll
0x00007fffba0b0000 - 0x00007fffba141000 	C:\Program Files\Eclipse Adoptium\jdk-17.0.4.101-hotspot\bin\msvcp140.dll
0x00007fffb9460000 - 0x00007fffba0a6000 	C:\Program Files\Eclipse Adoptium\jdk-17.0.4.101-hotspot\bin\server\jvm.dll
0x00007ff84b580000 - 0x00007ff84b630000 	C:\WINDOWS\System32\ADVAPI32.dll
0x00007ff84b8f0000 - 0x00007ff84b996000 	C:\WINDOWS\System32\sechost.dll
0x00007ff84adf0000 - 0x00007ff84af07000 	C:\WINDOWS\System32\RPCRT4.dll
0x00007ff849ad0000 - 0x00007ff849ad8000 	C:\WINDOWS\System32\PSAPI.DLL
0x00007ff840ec0000 - 0x00007ff840ef4000 	C:\WINDOWS\SYSTEM32\WINMM.dll
0x00007ffff28b0000 - 0x00007ffff28b9000 	C:\WINDOWS\SYSTEM32\WSOCK32.dll
0x00007ff84a0c0000 - 0x00007ff84a131000 	C:\WINDOWS\System32\WS2_32.dll
0x00007ff844df0000 - 0x00007ff844dfa000 	C:\WINDOWS\SYSTEM32\VERSION.dll
0x00007ff848000000 - 0x00007ff848018000 	C:\WINDOWS\SYSTEM32\kernel.appcore.dll
0x00007ffff25f0000 - 0x00007ffff25fa000 	C:\Program Files\Eclipse Adoptium\jdk-17.0.4.101-hotspot\bin\jimage.dll
0x00007ff846bb0000 - 0x00007ff846dde000 	C:\WINDOWS\SYSTEM32\DBGHELP.DLL
0x00007ff84af10000 - 0x00007ff84b29a000 	C:\WINDOWS\System32\combase.dll
0x00007ff84b6e0000 - 0x00007ff84b7b7000 	C:\WINDOWS\System32\OLEAUT32.dll
0x00007ff830290000 - 0x00007ff8302c2000 	C:\WINDOWS\SYSTEM32\dbgcore.DLL
0x00007ff849650000 - 0x00007ff8496ca000 	C:\WINDOWS\System32\bcryptPrimitives.dll
0x00007fffdc850000 - 0x00007fffdc875000 	C:\Program Files\Eclipse Adoptium\jdk-17.0.4.101-hotspot\bin\java.dll
0x00007fffb9380000 - 0x00007fffb9456000 	C:\Program Files\Eclipse Adoptium\jdk-17.0.4.101-hotspot\bin\jsvml.dll
0x00007ff84a310000 - 0x00007ff84ab33000 	C:\WINDOWS\System32\SHELL32.dll
0x00007ff846de0000 - 0x00007ff8476ca000 	C:\WINDOWS\SYSTEM32\windows.storage.dll
0x00007ff846a70000 - 0x00007ff846bae000 	C:\WINDOWS\SYSTEM32\wintypes.dll
0x00007ff849fc0000 - 0x00007ff84a0b3000 	C:\WINDOWS\System32\SHCORE.dll
0x00007ff849f60000 - 0x00007ff849fbe000 	C:\WINDOWS\System32\shlwapi.dll
0x00007ff848f70000 - 0x00007ff848f96000 	C:\WINDOWS\SYSTEM32\profapi.dll
0x00007fffdc830000 - 0x00007fffdc849000 	C:\Program Files\Eclipse Adoptium\jdk-17.0.4.101-hotspot\bin\net.dll
0x00007ff840d80000 - 0x00007ff840eb7000 	C:\WINDOWS\SYSTEM32\WINHTTP.dll
0x00007ff8484c0000 - 0x00007ff848529000 	C:\WINDOWS\system32\mswsock.dll
0x00007fffba480000 - 0x00007fffba495000 	C:\Program Files\Eclipse Adoptium\jdk-17.0.4.101-hotspot\bin\nio.dll
0x00007fffba460000 - 0x00007fffba478000 	C:\Program Files\Eclipse Adoptium\jdk-17.0.4.101-hotspot\bin\zip.dll
0x00007fffc04d0000 - 0x00007fffc04d9000 	C:\Program Files\Eclipse Adoptium\jdk-17.0.4.101-hotspot\bin\management.dll
0x00007fffba450000 - 0x00007fffba45b000 	C:\Program Files\Eclipse Adoptium\jdk-17.0.4.101-hotspot\bin\management_ext.dll
0x00007ff848820000 - 0x00007ff84883b000 	C:\WINDOWS\SYSTEM32\CRYPTSP.dll
0x00007ff847fc0000 - 0x00007ff847ff5000 	C:\WINDOWS\system32\rsaenh.dll
0x00007ff848560000 - 0x00007ff84858c000 	C:\WINDOWS\SYSTEM32\USERENV.dll
0x00007ff848890000 - 0x00007ff8488b8000 	C:\WINDOWS\SYSTEM32\bcrypt.dll
0x00007ff8486c0000 - 0x00007ff8486cc000 	C:\WINDOWS\SYSTEM32\CRYPTBASE.dll
0x00007ff847ad0000 - 0x00007ff847afd000 	C:\WINDOWS\SYSTEM32\IPHLPAPI.DLL
0x00007ff84a300000 - 0x00007ff84a309000 	C:\WINDOWS\System32\NSI.dll
0x00007ff840c40000 - 0x00007ff840c59000 	C:\WINDOWS\SYSTEM32\dhcpcsvc6.DLL
0x00007ff840ae0000 - 0x00007ff840aff000 	C:\WINDOWS\SYSTEM32\dhcpcsvc.DLL
0x00007ff847b00000 - 0x00007ff847bf2000 	C:\WINDOWS\SYSTEM32\DNSAPI.dll
0x00007fffba440000 - 0x00007fffba44e000 	C:\Program Files\Eclipse Adoptium\jdk-17.0.4.101-hotspot\bin\sunmscapi.dll
0x00007ff8496d0000 - 0x00007ff849836000 	C:\WINDOWS\System32\CRYPT32.dll
0x00007ff848840000 - 0x00007ff84886e000 	C:\WINDOWS\SYSTEM32\ncrypt.dll
0x00007ff8487e0000 - 0x00007ff848817000 	C:\WINDOWS\SYSTEM32\NTASN1.dll
0x00007fffba430000 - 0x00007fffba440000 	C:\Program Files\Eclipse Adoptium\jdk-17.0.4.101-hotspot\bin\verify.dll
0x00007ff83a5d0000 - 0x00007ff83a5da000 	C:\Windows\System32\rasadhlp.dll
0x00007ff83fa00000 - 0x00007ff83fa84000 	C:\WINDOWS\System32\fwpuclnt.dll

dbghelp: loaded successfully - version: 4.0.5 - missing functions: none
symbol engine: initialized successfully - sym options: 0x614 - pdb path: .;C:\Program Files\Eclipse Adoptium\jdk-17.0.4.101-hotspot\bin;C:\WINDOWS\SYSTEM32;C:\WINDOWS\WinSxS\amd64_microsoft.windows.common-controls_6595b64144ccf1df_6.0.22621.2215_none_270d72677387dfc3;C:\Program Files\Eclipse Adoptium\jdk-17.0.4.101-hotspot\bin\server

VM Arguments:
jvm_args: -XX:+ShowCodeDetailsInExceptionMessages 
java_command: com.store.backend.BackendApplication
java_class_path (initial): F:\Vinsys\Angular\ShoppingStoreAngSpring\backend\target\classes;C:\Users\ASUS\.m2\repository\org\springframework\boot\spring-boot-starter-data-jpa\3.1.4\spring-boot-starter-data-jpa-3.1.4.jar;C:\Users\ASUS\.m2\repository\org\springframework\boot\spring-boot-starter-aop\3.1.4\spring-boot-starter-aop-3.1.4.jar;C:\Users\ASUS\.m2\repository\org\springframework\spring-aop\6.0.12\spring-aop-6.0.12.jar;C:\Users\ASUS\.m2\repository\org\aspectj\aspectjweaver\1.9.20\aspectjweaver-1.9.20.jar;C:\Users\ASUS\.m2\repository\org\springframework\boot\spring-boot-starter-jdbc\3.1.4\spring-boot-starter-jdbc-3.1.4.jar;C:\Users\ASUS\.m2\repository\com\zaxxer\HikariCP\5.0.1\HikariCP-5.0.1.jar;C:\Users\ASUS\.m2\repository\org\springframework\spring-jdbc\6.0.12\spring-jdbc-6.0.12.jar;C:\Users\ASUS\.m2\repository\org\hibernate\orm\hibernate-core\6.2.9.Final\hibernate-core-6.2.9.Final.jar;C:\Users\ASUS\.m2\repository\jakarta\persistence\jakarta.persistence-api\3.1.0\jakarta.persistence-api-3.1.0.jar;C:\Users\ASUS\.m2\repository\jakarta\transaction\jakarta.transaction-api\2.0.1\jakarta.transaction-api-2.0.1.jar;C:\Users\ASUS\.m2\repository\org\jboss\logging\jboss-logging\3.5.3.Final\jboss-logging-3.5.3.Final.jar;C:\Users\ASUS\.m2\repository\org\hibernate\common\hibernate-commons-annotations\6.0.6.Final\hibernate-commons-annotations-6.0.6.Final.jar;C:\Users\ASUS\.m2\repository\io\smallrye\jandex\3.0.5\jandex-3.0.5.jar;C:\Users\ASUS\.m2\repository\com\fasterxml\classmate\1.5.1\classmate-1.5.1.jar;C:\Users\ASUS\.m2\repository\net\bytebuddy\byte-buddy\1.14.8\byte-buddy-1.14.8.jar;C:\Users\ASUS\.m2\repository\org\glassfish\jaxb\jaxb-runtime\4.0.3\jaxb-runtime-4.0.3.jar;C:\Users\ASUS\.m2\repository\org\glassfish\jaxb\jaxb-core\4.0.3\jaxb-core-4.0.3.jar;C:\Users\ASUS\.m2\repository\org\eclipse\angus\angus-activation\2.0.1\angus-activation-2.0.1.jar;C:\Users\ASUS\.m2\repository\org\glassfish\jaxb\txw2\4.0.3\txw2-4.0.3.jar;C:\Users\ASUS\.m2\repository\com\sun\istack\istack
Launcher Type: SUN_STANDARD

[Global flags]
     intx CICompilerCount                          = 3                                         {product} {ergonomic}
     uint ConcGCThreads                            = 1                                         {product} {ergonomic}
     uint G1ConcRefinementThreads                  = 4                                         {product} {ergonomic}
   size_t G1HeapRegionSize                         = 1048576                                   {product} {ergonomic}
    uintx GCDrainStackTargetSize                   = 64                                        {product} {ergonomic}
   size_t InitialHeapSize                          = 130023424                                 {product} {ergonomic}
   size_t MarkStackSize                            = 4194304                                   {product} {ergonomic}
   size_t MaxHeapSize                              = 2080374784                                {product} {ergonomic}
   size_t MaxNewSize                               = 1247805440                                {product} {ergonomic}
   size_t MinHeapDeltaBytes                        = 1048576                                   {product} {ergonomic}
   size_t MinHeapSize                              = 8388608                                   {product} {ergonomic}
    uintx NonNMethodCodeHeapSize                   = 5832780                                {pd product} {ergonomic}
    uintx NonProfiledCodeHeapSize                  = 122912730                              {pd product} {ergonomic}
    uintx ProfiledCodeHeapSize                     = 122912730                              {pd product} {ergonomic}
    uintx ReservedCodeCacheSize                    = 251658240                              {pd product} {ergonomic}
     bool SegmentedCodeCache                       = true                                      {product} {ergonomic}
     bool ShowCodeDetailsInExceptionMessages       = true                                   {manageable} {command line}
   size_t SoftMaxHeapSize                          = 2080374784                             {manageable} {ergonomic}
     bool UseCompressedClassPointers               = true                           {product lp64_product} {ergonomic}
     bool UseCompressedOops                        = true                           {product lp64_product} {ergonomic}
     bool UseG1GC                                  = true                                      {product} {ergonomic}
     bool UseLargePagesIndividualAllocation        = false                                  {pd product} {ergonomic}

Logging:
Log output configuration:
 #0: stdout all=warning uptime,level,tags
 #1: stderr all=off uptime,level,tags

Environment Variables:
JAVA_HOME=C:\Program Files\Eclipse Adoptium\jdk-17.0.4.101-hotspot\
PATH=C:\Program Files\PowerShell\7;C:\Program Files\Eclipse Adoptium\jdk-17.0.4.101-hotspot\bin;C:\WINDOWS\system32;C:\WINDOWS;C:\WINDOWS\System32\Wbem;C:\WINDOWS\System32\WindowsPowerShell\v1.0\;C:\WINDOWS\System32\OpenSSH\;C:\Program Files\Git\cmd;C:\Users\ASUS\AppData\Roaming\Python\Python310\Scripts;C:\Users\ASUS\Downloads\jdk-11.0.16.1_windows-x64_bin\jdk-11.0.16.1\bin;C:\Program Files\nodejs\;C:\Program Files\PowerShell\7\;C:\Program Files\MySQL\MySQL Shell 8.0\bin\;C:\Users\ASUS\AppData\Local\Microsoft\WindowsApps;C:\Users\ASUS\AppData\Roaming\Python\Python310\Scripts;C:\Users\ASUS\Downloads\jdk-11.0.16.1_windows-x64_bin\jdk-11.0.16.1\bin;C:\Users\ASUS\AppData\Roaming\npm;D:\IntelliJ IDEA Community Edition 2023.2\bin;
USERNAME=ASUS
LANG=en_US.UTF-8
OS=Windows_NT
PROCESSOR_IDENTIFIER=Intel64 Family 6 Model 126 Stepping 5, GenuineIntel
TMP=C:\Users\ASUS\AppData\Local\Temp
TEMP=C:\Users\ASUS\AppData\Local\Temp



---------------  S Y S T E M  ---------------

OS:
 Windows 11 , 64 bit Build 22621 (10.0.22621.2215)
OS uptime: 0 days 0:48 hours
Hyper-V role detected

CPU: total 4 (initial active 4) (2 cores per cpu, 2 threads per core) family 6 model 126 stepping 5 microcode 0xa6, cx8, cmov, fxsr, ht, mmx, 3dnowpref, sse, sse2, sse3, ssse3, sse4.1, sse4.2, popcnt, lzcnt, tsc, tscinvbit, avx, avx2, aes, erms, clmul, bmi1, bmi2, adx, avx512f, avx512dq, avx512cd, avx512bw, avx512vl, sha, fma, vzeroupper, avx512_vpopcntdq, avx512_vpclmulqdq, avx512_vaes, avx512_vnni, clflush, clflushopt, avx512_vbmi2, avx512_vbmi, hv

Memory: 4k page, system-wide physical 7932M (1159M free)
TotalPageFile size 9980M (AvailPageFile size 388M)
current process WorkingSet (physical memory assigned to process): 217M, peak: 217M
current process commit charge ("private bytes"): 245M, peak: 264M

vm_info: OpenJDK 64-Bit Server VM (17.0.4.1+1) for windows-amd64 JRE (17.0.4.1+1), built on Aug 17 2022 07:42:43 by "temurin" with MS VC++ 16.7 (VS2019)

END.
