#
# There is insufficient memory for the Java Runtime Environment to continue.
# Native memory allocation (malloc) failed to allocate 1206256 bytes for Chunk::new
# Possible reasons:
#   The system is out of physical RAM or swap space
#   The process is running with CompressedOops enabled, and the Java Heap may be blocking the growth of the native heap
# Possible solutions:
#   Reduce memory load on the system
#   Increase physical memory or swap space
#   Check if swap backing store is full
#   Decrease Java heap size (-Xmx/-Xms)
#   Decrease number of Java threads
#   Decrease Java thread stack sizes (-Xss)
#   Set larger code cache with -XX:ReservedCodeCacheSize=
#   JVM is running with Unscaled Compressed Oops mode in which the Java heap is
#     placed in the first 4GB address space. The Java Heap base address is the
#     maximum limit for the native heap growth. Please use -XX:HeapBaseMinAddress
#     to set the Java Heap base and to place the Java Heap above 4GB virtual address.
# This output file may be truncated or incomplete.
#
#  Out of Memory Error (arena.cpp:189), pid=11964, tid=14016
#
# JRE version: OpenJDK Runtime Environment Temurin-17.0.8.1+1 (17.0.8.1+1) (build 17.0.8.1+1)
# Java VM: OpenJDK 64-Bit Server VM Temurin-17.0.8.1+1 (17.0.8.1+1, mixed mode, tiered, compressed oops, compressed class ptrs, parallel gc, windows-amd64)
# No core dump will be written. Minidumps are not enabled by default on client versions of Windows
#

---------------  S U M M A R Y ------------

Command Line: --add-modules=ALL-SYSTEM --add-opens=java.base/java.util=ALL-UNNAMED --add-opens=java.base/java.lang=ALL-UNNAMED --add-opens=java.base/sun.nio.fs=ALL-UNNAMED -Declipse.application=org.eclipse.jdt.ls.core.id1 -Dosgi.bundles.defaultStartLevel=4 -Declipse.product=org.eclipse.jdt.ls.core.product -Djava.import.generatesMetadataFilesAtProjectRoot=false -DDetectVMInstallationsJob.disabled=true -Dfile.encoding=utf8 -XX:+UseParallelGC -XX:GCTimeRatio=4 -XX:AdaptiveSizePolicyWeight=90 -Dsun.zip.disableMemoryMapping=true -Xmx1G -Xms100m -Xlog:disable -javaagent:c:\Users\ASUS\.vscode\extensions\redhat.java-1.23.0-win32-x64\lombok\lombok-1.18.30.jar -XX:+HeapDumpOnOutOfMemoryError -XX:HeapDumpPath=c:\Users\ASUS\AppData\Roaming\Code\User\workspaceStorage\59a8f471ec710ae8468369d5717800e7\redhat.java -Daether.dependencyCollector.impl=bf c:\Users\ASUS\.vscode\extensions\redhat.java-1.23.0-win32-x64\server\plugins\org.eclipse.equinox.launcher_1.6.500.v20230717-2134.jar -configuration c:\Users\ASUS\AppData\Roaming\Code\User\globalStorage\redhat.java\1.23.0\config_win -data c:\Users\ASUS\AppData\Roaming\Code\User\workspaceStorage\59a8f471ec710ae8468369d5717800e7\redhat.java\jdt_ws

Host: Intel(R) Core(TM) i3-1005G1 CPU @ 1.20GHz, 4 cores, 7G,  Windows 11 , 64 bit Build 22621 (10.0.22621.2215)
Time: Thu Oct  5 09:35:26 2023 India Standard Time elapsed time: 61.923214 seconds (0d 0h 1m 1s)

---------------  T H R E A D  ---------------

Current thread (0x00000174a7a63340):  JavaThread "C2 CompilerThread0" daemon [_thread_in_native, id=14016, stack(0x0000000a3ac00000,0x0000000a3ad00000)]


Current CompileTask:
C2:  61923 5324       4       java.lang.invoke.MethodType::makeImpl (109 bytes)

Stack: [0x0000000a3ac00000,0x0000000a3ad00000]
Native frames: (J=compiled Java code, j=interpreted, Vv=VM code, C=native code)
V  [jvm.dll+0x678b0a]
V  [jvm.dll+0x835e84]
V  [jvm.dll+0x83762e]
V  [jvm.dll+0x837c93]
V  [jvm.dll+0x24746f]
V  [jvm.dll+0xac20c]
V  [jvm.dll+0xac7dc]
V  [jvm.dll+0x365c52]
V  [jvm.dll+0x3301a1]
V  [jvm.dll+0x32f64a]
V  [jvm.dll+0x219bf1]
V  [jvm.dll+0x219011]
V  [jvm.dll+0x1a534d]
V  [jvm.dll+0x228d8a]
V  [jvm.dll+0x226dcc]
V  [jvm.dll+0x7ec09b]
V  [jvm.dll+0x7e64ca]
V  [jvm.dll+0x677955]
C  [ucrtbase.dll+0x29363]
C  [KERNEL32.DLL+0x1257d]
C  [ntdll.dll+0x5aa68]


---------------  P R O C E S S  ---------------

Threads class SMR info:
_java_thread_list=0x00000174af3d1400, length=27, elements={
0x0000017491c9ad60, 0x00000174a7a30200, 0x00000174a7a30cd0, 0x00000174acbbe030,
0x00000174acbbeb00, 0x00000174acbbf5d0, 0x00000174acbc1eb0, 0x00000174a7a63340,
0x00000174a7a7e9d0, 0x00000174acc116a0, 0x00000174acd1b010, 0x00000174acfc9910,
0x00000174ad539ce0, 0x00000174ad54d800, 0x00000174ad8fbfc0, 0x00000174adbd23b0,
0x00000174ad4598d0, 0x00000174ad457f80, 0x00000174ad45b220, 0x00000174ad458490,
0x00000174ad458eb0, 0x00000174ad4589a0, 0x00000174ad459de0, 0x00000174ad45a2f0,
0x00000174adc33b70, 0x00000174adc35ee0, 0x00000174adc37830
}

Java Threads: ( => current thread )
  0x0000017491c9ad60 JavaThread "main" [_thread_blocked, id=15112, stack(0x0000000a3a200000,0x0000000a3a300000)]
  0x00000174a7a30200 JavaThread "Reference Handler" daemon [_thread_blocked, id=14688, stack(0x0000000a3a600000,0x0000000a3a700000)]
  0x00000174a7a30cd0 JavaThread "Finalizer" daemon [_thread_blocked, id=13788, stack(0x0000000a3a700000,0x0000000a3a800000)]
  0x00000174acbbe030 JavaThread "Signal Dispatcher" daemon [_thread_blocked, id=14836, stack(0x0000000a3a800000,0x0000000a3a900000)]
  0x00000174acbbeb00 JavaThread "Attach Listener" daemon [_thread_blocked, id=14048, stack(0x0000000a3a900000,0x0000000a3aa00000)]
  0x00000174acbbf5d0 JavaThread "Service Thread" daemon [_thread_blocked, id=13160, stack(0x0000000a3aa00000,0x0000000a3ab00000)]
  0x00000174acbc1eb0 JavaThread "Monitor Deflation Thread" daemon [_thread_blocked, id=3052, stack(0x0000000a3ab00000,0x0000000a3ac00000)]
=>0x00000174a7a63340 JavaThread "C2 CompilerThread0" daemon [_thread_in_native, id=14016, stack(0x0000000a3ac00000,0x0000000a3ad00000)]
  0x00000174a7a7e9d0 JavaThread "C1 CompilerThread0" daemon [_thread_blocked, id=8384, stack(0x0000000a3ad00000,0x0000000a3ae00000)]
  0x00000174acc116a0 JavaThread "Sweeper thread" daemon [_thread_blocked, id=7932, stack(0x0000000a3ae00000,0x0000000a3af00000)]
  0x00000174acd1b010 JavaThread "Common-Cleaner" daemon [_thread_blocked, id=11984, stack(0x0000000a3af00000,0x0000000a3b000000)]
  0x00000174acfc9910 JavaThread "Notification Thread" daemon [_thread_blocked, id=5732, stack(0x0000000a3b000000,0x0000000a3b100000)]
  0x00000174ad539ce0 JavaThread "Active Thread: Equinox Container: da38ae6d-3d63-426c-b861-0a24da3da2b7" [_thread_in_native, id=12052, stack(0x0000000a3b500000,0x0000000a3b600000)]
  0x00000174ad54d800 JavaThread "Framework Event Dispatcher: Equinox Container: da38ae6d-3d63-426c-b861-0a24da3da2b7" daemon [_thread_blocked, id=6128, stack(0x0000000a3b600000,0x0000000a3b700000)]
  0x00000174ad8fbfc0 JavaThread "Start Level: Equinox Container: da38ae6d-3d63-426c-b861-0a24da3da2b7" daemon [_thread_blocked, id=3968, stack(0x0000000a3b700000,0x0000000a3b800000)]
  0x00000174adbd23b0 JavaThread "Bundle File Closer" daemon [_thread_blocked, id=5756, stack(0x0000000a3b800000,0x0000000a3b900000)]
  0x00000174ad4598d0 JavaThread "SCR Component Actor" daemon [_thread_blocked, id=13056, stack(0x0000000a3b900000,0x0000000a3ba00000)]
  0x00000174ad457f80 JavaThread "Worker-JM" [_thread_blocked, id=14920, stack(0x0000000a3bb00000,0x0000000a3bc00000)]
  0x00000174ad45b220 JavaThread "Worker-0: Initialize Workspace" [_thread_in_Java, id=11548, stack(0x0000000a3bc00000,0x0000000a3bd00000)]
  0x00000174ad458490 JavaThread "Worker-1" [_thread_blocked, id=3032, stack(0x0000000a3bd00000,0x0000000a3be00000)]
  0x00000174ad458eb0 JavaThread "Worker-2" [_thread_blocked, id=2692, stack(0x0000000a3be00000,0x0000000a3bf00000)]
  0x00000174ad4589a0 JavaThread "Worker-3" [_thread_blocked, id=11628, stack(0x0000000a3bf00000,0x0000000a3c000000)]
  0x00000174ad459de0 JavaThread "Java indexing" daemon [_thread_blocked, id=5972, stack(0x0000000a3c000000,0x0000000a3c100000)]
  0x00000174ad45a2f0 JavaThread "JNA Cleaner" daemon [_thread_blocked, id=12644, stack(0x0000000a3ba00000,0x0000000a3bb00000)]
  0x00000174adc33b70 JavaThread "pool-2-thread-1" [_thread_blocked, id=8140, stack(0x0000000a3c100000,0x0000000a3c200000)]
  0x00000174adc35ee0 JavaThread "WorkspaceEventsHandler" [_thread_blocked, id=14292, stack(0x0000000a3c200000,0x0000000a3c300000)]
  0x00000174adc37830 JavaThread "pool-1-thread-1" [_thread_blocked, id=6604, stack(0x0000000a3c300000,0x0000000a3c400000)]

Other Threads:
  0x0000017491d23360 VMThread "VM Thread" [stack: 0x0000000a3a500000,0x0000000a3a600000] [id=14344]
  0x00000174acec97a0 WatcherThread [stack: 0x0000000a3b100000,0x0000000a3b200000] [id=11832]
  0x0000017491cae8b0 GCTaskThread "GC Thread#0" [stack: 0x0000000a3a400000,0x0000000a3a500000] [id=9056]
  0x00000174ad1cb900 GCTaskThread "GC Thread#1" [stack: 0x0000000a3b200000,0x0000000a3b300000] [id=3276]
  0x00000174ad1cbbc0 GCTaskThread "GC Thread#2" [stack: 0x0000000a3b300000,0x0000000a3b400000] [id=7288]
  0x00000174ad1cbe80 GCTaskThread "GC Thread#3" [stack: 0x0000000a3b400000,0x0000000a3b500000] [id=52]

Threads with active compile tasks:
C2 CompilerThread0    63130 5324       4       java.lang.invoke.MethodType::makeImpl (109 bytes)

VM state: not at safepoint (normal execution)

VM Mutex/Monitor currently owned by a thread: None

Heap address: 0x00000000c0000000, size: 1024 MB, Compressed Oops mode: 32-bit

CDS archive(s) not mapped
Compressed class space mapped at: 0x0000000100000000-0x0000000140000000, reserved size: 1073741824
Narrow klass base: 0x0000000000000000, Narrow klass shift: 3, Narrow klass range: 0x140000000

GC Precious Log:
 CPUs: 4 total, 4 available
 Memory: 7932M
 Large Page Support: Disabled
 NUMA Support: Disabled
 Compressed Oops: Enabled (32-bit)
 Alignments: Space 512K, Generation 512K, Heap 2M
 Heap Min Capacity: 100M
 Heap Initial Capacity: 100M
 Heap Max Capacity: 1G
 Pre-touch: Disabled
 Parallel Workers: 4

Heap:
 PSYoungGen      total 19968K, used 12025K [0x00000000eab00000, 0x00000000ec180000, 0x0000000100000000)
  eden space 17408K, 56% used [0x00000000eab00000,0x00000000eb4a65f8,0x00000000ebc00000)
  from space 2560K, 83% used [0x00000000ebf00000,0x00000000ec118010,0x00000000ec180000)
  to   space 2560K, 0% used [0x00000000ebc80000,0x00000000ebc80000,0x00000000ebf00000)
 ParOldGen       total 68608K, used 28549K [0x00000000c0000000, 0x00000000c4300000, 0x00000000eab00000)
  object space 68608K, 41% used [0x00000000c0000000,0x00000000c1be1740,0x00000000c4300000)
 Metaspace       used 51819K, committed 52736K, reserved 1114112K
  class space    used 5621K, committed 6080K, reserved 1048576K

Card table byte_map: [0x00000174a5310000,0x00000174a5520000] _byte_map_base: 0x00000174a4d10000

Marking Bits: (ParMarkBitMap*) 0x00007fff052b83a0
 Begin Bits: [0x00000174a5680000, 0x00000174a6680000)
 End Bits:   [0x00000174a6680000, 0x00000174a7680000)

Polling page: 0x0000017491b00000

Metaspace:

Usage:
  Non-class:     45.12 MB used.
      Class:      5.49 MB used.
       Both:     50.61 MB used.

Virtual space:
  Non-class space:       64.00 MB reserved,      45.56 MB ( 71%) committed,  1 nodes.
      Class space:        1.00 GB reserved,       5.94 MB ( <1%) committed,  1 nodes.
             Both:        1.06 GB reserved,      51.50 MB (  5%) committed. 

Chunk freelists:
   Non-Class:  1.69 MB
       Class:  10.03 MB
        Both:  11.72 MB

MaxMetaspaceSize: unlimited
CompressedClassSpaceSize: 1.00 GB
Initial GC threshold: 21.00 MB
Current GC threshold: 58.38 MB
CDS: off
MetaspaceReclaimPolicy: balanced
 - commit_granule_bytes: 65536.
 - commit_granule_words: 8192.
 - virtual_space_node_default_size: 8388608.
 - enlarge_chunks_in_place: 1.
 - new_chunks_are_fully_committed: 0.
 - uncommit_free_chunks: 1.
 - use_allocation_guard: 0.
 - handle_deallocations: 1.


Internal statistics:

num_allocs_failed_limit: 6.
num_arena_births: 438.
num_arena_deaths: 14.
num_vsnodes_births: 2.
num_vsnodes_deaths: 0.
num_space_committed: 824.
num_space_uncommitted: 0.
num_chunks_returned_to_freelist: 20.
num_chunks_taken_from_freelist: 2364.
num_chunk_merges: 7.
num_chunk_splits: 1478.
num_chunks_enlarged: 918.
num_inconsistent_stats: 0.

CodeHeap 'non-profiled nmethods': size=120000Kb used=2209Kb max_used=2499Kb free=117790Kb
 bounds [0x000001749dc00000, 0x000001749de80000, 0x00000174a5130000]
CodeHeap 'profiled nmethods': size=120000Kb used=10208Kb max_used=11045Kb free=109791Kb
 bounds [0x0000017496130000, 0x0000017496c00000, 0x000001749d660000]
CodeHeap 'non-nmethods': size=5760Kb used=1293Kb max_used=1337Kb free=4466Kb
 bounds [0x000001749d660000, 0x000001749d8d0000, 0x000001749dc00000]
 total_blobs=5658 nmethods=5045 adapters=526
 compilation: enabled
              stopped_count=0, restarted_count=0
 full_count=0

Compilation events (20 events):
Event: 61.821 Thread 0x00000174a7a7e9d0 5344       3       sun.nio.fs.WindowsPath::toWindowsPath (32 bytes)
Event: 61.822 Thread 0x00000174a7a7e9d0 nmethod 5344 0x000001749632ce90 code [0x000001749632d060, 0x000001749632d4d8]
Event: 61.859 Thread 0x00000174a7a7e9d0 5345       3       java.net.URI::isOpaque (13 bytes)
Event: 61.860 Thread 0x00000174a7a7e9d0 nmethod 5345 0x0000017496ab7010 code [0x0000017496ab71a0, 0x0000017496ab7318]
Event: 61.860 Thread 0x00000174a7a7e9d0 5346       3       org.eclipse.core.runtime.Path::segmentCount (6 bytes)
Event: 61.860 Thread 0x00000174a7a7e9d0 nmethod 5346 0x00000174966c6890 code [0x00000174966c6a20, 0x00000174966c6b38]
Event: 61.876 Thread 0x00000174a7a7e9d0 5347       3       sun.invoke.util.VerifyAccess::isModuleAccessible (97 bytes)
Event: 61.877 Thread 0x00000174a7a7e9d0 nmethod 5347 0x0000017496143190 code [0x0000017496143460, 0x0000017496144148]
Event: 61.889 Thread 0x00000174a7a7e9d0 5348       1       sun.nio.fs.WindowsNativeDispatcher$FirstFile::handle (5 bytes)
Event: 61.889 Thread 0x00000174a7a7e9d0 nmethod 5348 0x000001749dd96c90 code [0x000001749dd96e20, 0x000001749dd96ef8]
Event: 61.889 Thread 0x00000174a7a7e9d0 5349       1       sun.nio.fs.WindowsNativeDispatcher$FirstFile::name (5 bytes)
Event: 61.889 Thread 0x00000174a7a7e9d0 nmethod 5349 0x000001749dd96990 code [0x000001749dd96b20, 0x000001749dd96bf8]
Event: 61.892 Thread 0x00000174a7a7e9d0 5350       1       org.eclipse.core.internal.dtree.AbstractDataTreeNode::isDelta (2 bytes)
Event: 61.892 Thread 0x00000174a7a7e9d0 nmethod 5350 0x000001749dd96690 code [0x000001749dd96820, 0x000001749dd968f8]
Event: 61.893 Thread 0x00000174a7a7e9d0 5351       3       com.google.gson.stream.JsonWriter::replaceTop (13 bytes)
Event: 61.893 Thread 0x00000174a7a7e9d0 nmethod 5351 0x00000174966edf10 code [0x00000174966ee0a0, 0x00000174966ee1d8]
Event: 61.893 Thread 0x00000174a7a7e9d0 5352       3       java.util.regex.CharPredicates$$Lambda$26/0x00000001000b8d28::is (5 bytes)
Event: 61.894 Thread 0x00000174a7a7e9d0 nmethod 5352 0x00000174962d2f90 code [0x00000174962d3140, 0x00000174962d3418]
Event: 61.894 Thread 0x00000174a7a7e9d0 5353       3       java.util.regex.CharPredicates::lambda$ASCII_DIGIT$18 (20 bytes)
Event: 61.894 Thread 0x00000174a7a7e9d0 nmethod 5353 0x0000017496244f90 code [0x0000017496245140, 0x0000017496245398]

GC Heap History (20 events):
Event: 37.345 GC heap before
{Heap before GC invocations=7 (full 1):
 PSYoungGen      total 27648K, used 27385K [0x00000000eab00000, 0x00000000ecb80000, 0x0000000100000000)
  eden space 25088K, 99% used [0x00000000eab00000,0x00000000ec367040,0x00000000ec380000)
  from space 2560K, 93% used [0x00000000ec400000,0x00000000ec6575c0,0x00000000ec680000)
  to   space 4096K, 0% used [0x00000000ec780000,0x00000000ec780000,0x00000000ecb80000)
 ParOldGen       total 68608K, used 10333K [0x00000000c0000000, 0x00000000c4300000, 0x00000000eab00000)
  object space 68608K, 15% used [0x00000000c0000000,0x00000000c0a17468,0x00000000c4300000)
 Metaspace       used 26779K, committed 27328K, reserved 1114112K
  class space    used 2727K, committed 2944K, reserved 1048576K
}
Event: 37.350 GC heap after
{Heap after GC invocations=7 (full 1):
 PSYoungGen      total 28160K, used 4093K [0x00000000eab00000, 0x00000000ecd00000, 0x0000000100000000)
  eden space 24064K, 0% used [0x00000000eab00000,0x00000000eab00000,0x00000000ec280000)
  from space 4096K, 99% used [0x00000000ec780000,0x00000000ecb7f760,0x00000000ecb80000)
  to   space 5120K, 0% used [0x00000000ec280000,0x00000000ec280000,0x00000000ec780000)
 ParOldGen       total 68608K, used 10805K [0x00000000c0000000, 0x00000000c4300000, 0x00000000eab00000)
  object space 68608K, 15% used [0x00000000c0000000,0x00000000c0a8d498,0x00000000c4300000)
 Metaspace       used 26779K, committed 27328K, reserved 1114112K
  class space    used 2727K, committed 2944K, reserved 1048576K
}
Event: 38.962 GC heap before
{Heap before GC invocations=8 (full 1):
 PSYoungGen      total 28160K, used 28157K [0x00000000eab00000, 0x00000000ecd00000, 0x0000000100000000)
  eden space 24064K, 100% used [0x00000000eab00000,0x00000000ec280000,0x00000000ec280000)
  from space 4096K, 99% used [0x00000000ec780000,0x00000000ecb7f760,0x00000000ecb80000)
  to   space 5120K, 0% used [0x00000000ec280000,0x00000000ec280000,0x00000000ec780000)
 ParOldGen       total 68608K, used 10805K [0x00000000c0000000, 0x00000000c4300000, 0x00000000eab00000)
  object space 68608K, 15% used [0x00000000c0000000,0x00000000c0a8d498,0x00000000c4300000)
 Metaspace       used 30456K, committed 31040K, reserved 1114112K
  class space    used 3025K, committed 3264K, reserved 1048576K
}
Event: 38.968 GC heap after
{Heap after GC invocations=8 (full 1):
 PSYoungGen      total 27648K, used 3783K [0x00000000eab00000, 0x00000000eca00000, 0x0000000100000000)
  eden space 23552K, 0% used [0x00000000eab00000,0x00000000eab00000,0x00000000ec200000)
  from space 4096K, 92% used [0x00000000ec280000,0x00000000ec631fd0,0x00000000ec680000)
  to   space 3584K, 0% used [0x00000000ec680000,0x00000000ec680000,0x00000000eca00000)
 ParOldGen       total 68608K, used 10805K [0x00000000c0000000, 0x00000000c4300000, 0x00000000eab00000)
  object space 68608K, 15% used [0x00000000c0000000,0x00000000c0a8d498,0x00000000c4300000)
 Metaspace       used 30456K, committed 31040K, reserved 1114112K
  class space    used 3025K, committed 3264K, reserved 1048576K
}
Event: 39.775 GC heap before
{Heap before GC invocations=9 (full 1):
 PSYoungGen      total 27648K, used 27335K [0x00000000eab00000, 0x00000000eca00000, 0x0000000100000000)
  eden space 23552K, 100% used [0x00000000eab00000,0x00000000ec200000,0x00000000ec200000)
  from space 4096K, 92% used [0x00000000ec280000,0x00000000ec631fd0,0x00000000ec680000)
  to   space 3584K, 0% used [0x00000000ec680000,0x00000000ec680000,0x00000000eca00000)
 ParOldGen       total 68608K, used 10805K [0x00000000c0000000, 0x00000000c4300000, 0x00000000eab00000)
  object space 68608K, 15% used [0x00000000c0000000,0x00000000c0a8d498,0x00000000c4300000)
 Metaspace       used 32556K, committed 33152K, reserved 1114112K
  class space    used 3207K, committed 3456K, reserved 1048576K
}
Event: 39.780 GC heap after
{Heap after GC invocations=9 (full 1):
 PSYoungGen      total 26624K, used 3558K [0x00000000eab00000, 0x00000000eca00000, 0x0000000100000000)
  eden space 23040K, 0% used [0x00000000eab00000,0x00000000eab00000,0x00000000ec180000)
  from space 3584K, 99% used [0x00000000ec680000,0x00000000ec9f98d0,0x00000000eca00000)
  to   space 4096K, 0% used [0x00000000ec200000,0x00000000ec200000,0x00000000ec600000)
 ParOldGen       total 68608K, used 11047K [0x00000000c0000000, 0x00000000c4300000, 0x00000000eab00000)
  object space 68608K, 16% used [0x00000000c0000000,0x00000000c0ac9ff8,0x00000000c4300000)
 Metaspace       used 32556K, committed 33152K, reserved 1114112K
  class space    used 3207K, committed 3456K, reserved 1048576K
}
Event: 46.323 GC heap before
{Heap before GC invocations=10 (full 1):
 PSYoungGen      total 26624K, used 24607K [0x00000000eab00000, 0x00000000eca00000, 0x0000000100000000)
  eden space 23040K, 91% used [0x00000000eab00000,0x00000000ebf8e4e8,0x00000000ec180000)
  from space 3584K, 99% used [0x00000000ec680000,0x00000000ec9f98d0,0x00000000eca00000)
  to   space 4096K, 0% used [0x00000000ec200000,0x00000000ec200000,0x00000000ec600000)
 ParOldGen       total 68608K, used 11047K [0x00000000c0000000, 0x00000000c4300000, 0x00000000eab00000)
  object space 68608K, 16% used [0x00000000c0000000,0x00000000c0ac9ff8,0x00000000c4300000)
 Metaspace       used 35235K, committed 35840K, reserved 1114112K
  class space    used 3544K, committed 3840K, reserved 1048576K
}
Event: 46.330 GC heap after
{Heap after GC invocations=10 (full 1):
 PSYoungGen      total 25088K, used 1812K [0x00000000eab00000, 0x00000000ec700000, 0x0000000100000000)
  eden space 23040K, 0% used [0x00000000eab00000,0x00000000eab00000,0x00000000ec180000)
  from space 2048K, 88% used [0x00000000ec200000,0x00000000ec3c5338,0x00000000ec400000)
  to   space 2560K, 0% used [0x00000000ec480000,0x00000000ec480000,0x00000000ec700000)
 ParOldGen       total 68608K, used 14115K [0x00000000c0000000, 0x00000000c4300000, 0x00000000eab00000)
  object space 68608K, 20% used [0x00000000c0000000,0x00000000c0dc8d40,0x00000000c4300000)
 Metaspace       used 35235K, committed 35840K, reserved 1114112K
  class space    used 3544K, committed 3840K, reserved 1048576K
}
Event: 46.330 GC heap before
{Heap before GC invocations=11 (full 2):
 PSYoungGen      total 25088K, used 1812K [0x00000000eab00000, 0x00000000ec700000, 0x0000000100000000)
  eden space 23040K, 0% used [0x00000000eab00000,0x00000000eab00000,0x00000000ec180000)
  from space 2048K, 88% used [0x00000000ec200000,0x00000000ec3c5338,0x00000000ec400000)
  to   space 2560K, 0% used [0x00000000ec480000,0x00000000ec480000,0x00000000ec700000)
 ParOldGen       total 68608K, used 14115K [0x00000000c0000000, 0x00000000c4300000, 0x00000000eab00000)
  object space 68608K, 20% used [0x00000000c0000000,0x00000000c0dc8d40,0x00000000c4300000)
 Metaspace       used 35235K, committed 35840K, reserved 1114112K
  class space    used 3544K, committed 3840K, reserved 1048576K
}
Event: 46.384 GC heap after
{Heap after GC invocations=11 (full 2):
 PSYoungGen      total 25088K, used 0K [0x00000000eab00000, 0x00000000ec700000, 0x0000000100000000)
  eden space 23040K, 0% used [0x00000000eab00000,0x00000000eab00000,0x00000000ec180000)
  from space 2048K, 0% used [0x00000000ec200000,0x00000000ec200000,0x00000000ec400000)
  to   space 2560K, 0% used [0x00000000ec480000,0x00000000ec480000,0x00000000ec700000)
 ParOldGen       total 68608K, used 13537K [0x00000000c0000000, 0x00000000c4300000, 0x00000000eab00000)
  object space 68608K, 19% used [0x00000000c0000000,0x00000000c0d385b8,0x00000000c4300000)
 Metaspace       used 35235K, committed 35840K, reserved 1114112K
  class space    used 3544K, committed 3840K, reserved 1048576K
}
Event: 49.052 GC heap before
{Heap before GC invocations=12 (full 2):
 PSYoungGen      total 25088K, used 23040K [0x00000000eab00000, 0x00000000ec700000, 0x0000000100000000)
  eden space 23040K, 100% used [0x00000000eab00000,0x00000000ec180000,0x00000000ec180000)
  from space 2048K, 0% used [0x00000000ec200000,0x00000000ec200000,0x00000000ec400000)
  to   space 2560K, 0% used [0x00000000ec480000,0x00000000ec480000,0x00000000ec700000)
 ParOldGen       total 68608K, used 13537K [0x00000000c0000000, 0x00000000c4300000, 0x00000000eab00000)
  object space 68608K, 19% used [0x00000000c0000000,0x00000000c0d385b8,0x00000000c4300000)
 Metaspace       used 38134K, committed 38912K, reserved 1114112K
  class space    used 3895K, committed 4288K, reserved 1048576K
}
Event: 49.055 GC heap after
{Heap after GC invocations=12 (full 2):
 PSYoungGen      total 23552K, used 832K [0x00000000eab00000, 0x00000000ec580000, 0x0000000100000000)
  eden space 22528K, 0% used [0x00000000eab00000,0x00000000eab00000,0x00000000ec100000)
  from space 1024K, 81% used [0x00000000ec480000,0x00000000ec550000,0x00000000ec580000)
  to   space 1536K, 0% used [0x00000000ec280000,0x00000000ec280000,0x00000000ec400000)
 ParOldGen       total 68608K, used 13545K [0x00000000c0000000, 0x00000000c4300000, 0x00000000eab00000)
  object space 68608K, 19% used [0x00000000c0000000,0x00000000c0d3a5b8,0x00000000c4300000)
 Metaspace       used 38134K, committed 38912K, reserved 1114112K
  class space    used 3895K, committed 4288K, reserved 1048576K
}
Event: 51.625 GC heap before
{Heap before GC invocations=13 (full 2):
 PSYoungGen      total 23552K, used 23360K [0x00000000eab00000, 0x00000000ec580000, 0x0000000100000000)
  eden space 22528K, 100% used [0x00000000eab00000,0x00000000ec100000,0x00000000ec100000)
  from space 1024K, 81% used [0x00000000ec480000,0x00000000ec550000,0x00000000ec580000)
  to   space 1536K, 0% used [0x00000000ec280000,0x00000000ec280000,0x00000000ec400000)
 ParOldGen       total 68608K, used 13545K [0x00000000c0000000, 0x00000000c4300000, 0x00000000eab00000)
  object space 68608K, 19% used [0x00000000c0000000,0x00000000c0d3a5b8,0x00000000c4300000)
 Metaspace       used 40844K, committed 41728K, reserved 1114112K
  class space    used 4233K, committed 4608K, reserved 1048576K
}
Event: 51.627 GC heap after
{Heap after GC invocations=13 (full 2):
 PSYoungGen      total 23552K, used 1042K [0x00000000eab00000, 0x00000000ec500000, 0x0000000100000000)
  eden space 22016K, 0% used [0x00000000eab00000,0x00000000eab00000,0x00000000ec080000)
  from space 1536K, 67% used [0x00000000ec280000,0x00000000ec3849c8,0x00000000ec400000)
  to   space 1024K, 0% used [0x00000000ec400000,0x00000000ec400000,0x00000000ec500000)
 ParOldGen       total 68608K, used 14269K [0x00000000c0000000, 0x00000000c4300000, 0x00000000eab00000)
  object space 68608K, 20% used [0x00000000c0000000,0x00000000c0def588,0x00000000c4300000)
 Metaspace       used 40844K, committed 41728K, reserved 1114112K
  class space    used 4233K, committed 4608K, reserved 1048576K
}
Event: 55.075 GC heap before
{Heap before GC invocations=14 (full 2):
 PSYoungGen      total 23552K, used 23058K [0x00000000eab00000, 0x00000000ec500000, 0x0000000100000000)
  eden space 22016K, 100% used [0x00000000eab00000,0x00000000ec080000,0x00000000ec080000)
  from space 1536K, 67% used [0x00000000ec280000,0x00000000ec3849c8,0x00000000ec400000)
  to   space 1024K, 0% used [0x00000000ec400000,0x00000000ec400000,0x00000000ec500000)
 ParOldGen       total 68608K, used 14269K [0x00000000c0000000, 0x00000000c4300000, 0x00000000eab00000)
  object space 68608K, 20% used [0x00000000c0000000,0x00000000c0def588,0x00000000c4300000)
 Metaspace       used 43541K, committed 44352K, reserved 1114112K
  class space    used 4604K, committed 4992K, reserved 1048576K
}
Event: 55.079 GC heap after
{Heap after GC invocations=14 (full 2):
 PSYoungGen      total 23040K, used 1024K [0x00000000eab00000, 0x00000000ec580000, 0x0000000100000000)
  eden space 22016K, 0% used [0x00000000eab00000,0x00000000eab00000,0x00000000ec080000)
  from space 1024K, 100% used [0x00000000ec400000,0x00000000ec500000,0x00000000ec500000)
  to   space 2560K, 0% used [0x00000000ec080000,0x00000000ec080000,0x00000000ec300000)
 ParOldGen       total 68608K, used 15196K [0x00000000c0000000, 0x00000000c4300000, 0x00000000eab00000)
  object space 68608K, 22% used [0x00000000c0000000,0x00000000c0ed71f8,0x00000000c4300000)
 Metaspace       used 43541K, committed 44352K, reserved 1114112K
  class space    used 4604K, committed 4992K, reserved 1048576K
}
Event: 58.088 GC heap before
{Heap before GC invocations=15 (full 2):
 PSYoungGen      total 23040K, used 23040K [0x00000000eab00000, 0x00000000ec580000, 0x0000000100000000)
  eden space 22016K, 100% used [0x00000000eab00000,0x00000000ec080000,0x00000000ec080000)
  from space 1024K, 100% used [0x00000000ec400000,0x00000000ec500000,0x00000000ec500000)
  to   space 2560K, 0% used [0x00000000ec080000,0x00000000ec080000,0x00000000ec300000)
 ParOldGen       total 68608K, used 15196K [0x00000000c0000000, 0x00000000c4300000, 0x00000000eab00000)
  object space 68608K, 22% used [0x00000000c0000000,0x00000000c0ed71f8,0x00000000c4300000)
 Metaspace       used 46418K, committed 47296K, reserved 1114112K
  class space    used 4977K, committed 5376K, reserved 1048576K
}
Event: 58.093 GC heap after
{Heap after GC invocations=15 (full 2):
 PSYoungGen      total 23552K, used 1344K [0x00000000eab00000, 0x00000000ec480000, 0x0000000100000000)
  eden space 22016K, 0% used [0x00000000eab00000,0x00000000eab00000,0x00000000ec080000)
  from space 1536K, 87% used [0x00000000ec080000,0x00000000ec1d0000,0x00000000ec200000)
  to   space 2048K, 0% used [0x00000000ec280000,0x00000000ec280000,0x00000000ec480000)
 ParOldGen       total 68608K, used 16137K [0x00000000c0000000, 0x00000000c4300000, 0x00000000eab00000)
  object space 68608K, 23% used [0x00000000c0000000,0x00000000c0fc2758,0x00000000c4300000)
 Metaspace       used 46418K, committed 47296K, reserved 1114112K
  class space    used 4977K, committed 5376K, reserved 1048576K
}
Event: 61.053 GC heap before
{Heap before GC invocations=16 (full 2):
 PSYoungGen      total 23552K, used 23360K [0x00000000eab00000, 0x00000000ec480000, 0x0000000100000000)
  eden space 22016K, 100% used [0x00000000eab00000,0x00000000ec080000,0x00000000ec080000)
  from space 1536K, 87% used [0x00000000ec080000,0x00000000ec1d0000,0x00000000ec200000)
  to   space 2048K, 0% used [0x00000000ec280000,0x00000000ec280000,0x00000000ec480000)
 ParOldGen       total 68608K, used 16137K [0x00000000c0000000, 0x00000000c4300000, 0x00000000eab00000)
  object space 68608K, 23% used [0x00000000c0000000,0x00000000c0fc2758,0x00000000c4300000)
 Metaspace       used 48992K, committed 49920K, reserved 1114112K
  class space    used 5314K, committed 5760K, reserved 1048576K
}
Event: 61.056 GC heap after
{Heap after GC invocations=16 (full 2):
 PSYoungGen      total 22016K, used 2029K [0x00000000eab00000, 0x00000000ec880000, 0x0000000100000000)
  eden space 19968K, 0% used [0x00000000eab00000,0x00000000eab00000,0x00000000ebe80000)
  from space 2048K, 99% used [0x00000000ec280000,0x00000000ec47b530,0x00000000ec480000)
  to   space 4096K, 0% used [0x00000000ebe80000,0x00000000ebe80000,0x00000000ec280000)
 ParOldGen       total 68608K, used 17425K [0x00000000c0000000, 0x00000000c4300000, 0x00000000eab00000)
  object space 68608K, 25% used [0x00000000c0000000,0x00000000c1104458,0x00000000c4300000)
 Metaspace       used 48992K, committed 49920K, reserved 1114112K
  class space    used 5314K, committed 5760K, reserved 1048576K
}

Dll operation events (12 events):
Event: 0.025 Loaded shared library c:\Users\ASUS\.vscode\extensions\redhat.java-1.23.0-win32-x64\jre\17.0.8.1-win32-x86_64\bin\java.dll
Event: 0.605 Loaded shared library c:\Users\ASUS\.vscode\extensions\redhat.java-1.23.0-win32-x64\jre\17.0.8.1-win32-x86_64\bin\zip.dll
Event: 0.609 Loaded shared library C:\Users\ASUS\.vscode\extensions\redhat.java-1.23.0-win32-x64\jre\17.0.8.1-win32-x86_64\bin\instrument.dll
Event: 0.670 Loaded shared library C:\Users\ASUS\.vscode\extensions\redhat.java-1.23.0-win32-x64\jre\17.0.8.1-win32-x86_64\bin\net.dll
Event: 0.673 Loaded shared library C:\Users\ASUS\.vscode\extensions\redhat.java-1.23.0-win32-x64\jre\17.0.8.1-win32-x86_64\bin\nio.dll
Event: 0.688 Loaded shared library C:\Users\ASUS\.vscode\extensions\redhat.java-1.23.0-win32-x64\jre\17.0.8.1-win32-x86_64\bin\zip.dll
Event: 0.772 Loaded shared library C:\Users\ASUS\.vscode\extensions\redhat.java-1.23.0-win32-x64\jre\17.0.8.1-win32-x86_64\bin\jimage.dll
Event: 0.905 Loaded shared library c:\Users\ASUS\.vscode\extensions\redhat.java-1.23.0-win32-x64\jre\17.0.8.1-win32-x86_64\bin\verify.dll
Event: 4.375 Loaded shared library C:\Users\ASUS\AppData\Roaming\Code\User\globalStorage\redhat.java\1.23.0\config_win\org.eclipse.equinox.launcher\org.eclipse.equinox.launcher.win32.win32.x86_64_1.2.700.v20221108-1024\eclipse_11801.dll
Event: 32.952 Loaded shared library C:\Users\ASUS\.vscode\extensions\redhat.java-1.23.0-win32-x64\jre\17.0.8.1-win32-x86_64\bin\management.dll
Event: 32.957 Loaded shared library C:\Users\ASUS\.vscode\extensions\redhat.java-1.23.0-win32-x64\jre\17.0.8.1-win32-x86_64\bin\management_ext.dll
Event: 48.940 Loaded shared library C:\Users\ASUS\AppData\Local\Temp\jna-2018896\jna877460040696453692.dll

Deoptimization events (20 events):
Event: 59.852 Thread 0x00000174adc37830 Uncommon trap: trap_request=0xffffff45 fr.pc=0x000001749ddb6fec relative=0x000000000000012c
Event: 59.852 Thread 0x00000174adc37830 Uncommon trap: reason=unstable_if action=reinterpret pc=0x000001749ddb6fec method=java.nio.charset.CharsetDecoder.decode(Ljava/nio/ByteBuffer;Ljava/nio/CharBuffer;Z)Ljava/nio/charset/CoderResult; @ 1 c2
Event: 59.853 Thread 0x00000174adc37830 DEOPT PACKING pc=0x000001749ddb6fec sp=0x0000000a3c3fe050
Event: 59.853 Thread 0x00000174adc37830 DEOPT UNPACKING pc=0x000001749d6b9ea3 sp=0x0000000a3c3fe008 mode 2
Event: 60.006 Thread 0x00000174adc37830 DEOPT PACKING pc=0x0000017496aaa9bf sp=0x0000000a3c3f72f0
Event: 60.006 Thread 0x00000174adc37830 DEOPT UNPACKING pc=0x000001749d6ba9e3 sp=0x0000000a3c3f67f8 mode 0
Event: 60.622 Thread 0x00000174ad458eb0 Uncommon trap: trap_request=0xffffffde fr.pc=0x000001749dd42b5c relative=0x0000000000000e3c
Event: 60.622 Thread 0x00000174ad458eb0 Uncommon trap: reason=class_check action=maybe_recompile pc=0x000001749dd42b5c method=java.util.concurrent.ConcurrentHashMap.putVal(Ljava/lang/Object;Ljava/lang/Object;Z)Ljava/lang/Object; @ 242 c2
Event: 60.622 Thread 0x00000174ad458eb0 DEOPT PACKING pc=0x000001749dd42b5c sp=0x0000000a3befe6a0
Event: 60.622 Thread 0x00000174ad458eb0 DEOPT UNPACKING pc=0x000001749d6b9ea3 sp=0x0000000a3befe630 mode 2
Event: 60.787 Thread 0x00000174ad45b220 DEOPT PACKING pc=0x00000174964a5c3d sp=0x0000000a3bcfec00
Event: 60.787 Thread 0x00000174ad45b220 DEOPT UNPACKING pc=0x000001749d6ba9e3 sp=0x0000000a3bcfe098 mode 0
Event: 61.242 Thread 0x00000174ad458490 Uncommon trap: trap_request=0xffffff45 fr.pc=0x000001749de70ab0 relative=0x00000000000002f0
Event: 61.242 Thread 0x00000174ad458490 Uncommon trap: reason=unstable_if action=reinterpret pc=0x000001749de70ab0 method=java.lang.ThreadLocal$ThreadLocalMap.set(Ljava/lang/ThreadLocal;Ljava/lang/Object;)V @ 116 c2
Event: 61.248 Thread 0x00000174ad458490 DEOPT PACKING pc=0x000001749de70ab0 sp=0x0000000a3bdff0f0
Event: 61.248 Thread 0x00000174ad458490 DEOPT UNPACKING pc=0x000001749d6b9ea3 sp=0x0000000a3bdff090 mode 2
Event: 61.643 Thread 0x00000174adc37830 Uncommon trap: trap_request=0xffffff45 fr.pc=0x000001749dd2c980 relative=0x00000000000002e0
Event: 61.643 Thread 0x00000174adc37830 Uncommon trap: reason=unstable_if action=reinterpret pc=0x000001749dd2c980 method=java.util.HashMap$HashIterator.<init>(Ljava/util/HashMap;)V @ 45 c2
Event: 61.643 Thread 0x00000174adc37830 DEOPT PACKING pc=0x000001749dd2c980 sp=0x0000000a3c3fe1b0
Event: 61.644 Thread 0x00000174adc37830 DEOPT UNPACKING pc=0x000001749d6b9ea3 sp=0x0000000a3c3fe078 mode 2

Classes unloaded (7 events):
Event: 32.972 Thread 0x0000017491d23360 Unloading class 0x0000000100254000 'java/lang/invoke/LambdaForm$MH+0x0000000100254000'
Event: 32.972 Thread 0x0000017491d23360 Unloading class 0x0000000100253c00 'java/lang/invoke/LambdaForm$MH+0x0000000100253c00'
Event: 32.972 Thread 0x0000017491d23360 Unloading class 0x0000000100253800 'java/lang/invoke/LambdaForm$MH+0x0000000100253800'
Event: 32.972 Thread 0x0000017491d23360 Unloading class 0x0000000100253400 'java/lang/invoke/LambdaForm$MH+0x0000000100253400'
Event: 32.972 Thread 0x0000017491d23360 Unloading class 0x0000000100253000 'java/lang/invoke/LambdaForm$BMH+0x0000000100253000'
Event: 32.972 Thread 0x0000017491d23360 Unloading class 0x0000000100252c00 'java/lang/invoke/LambdaForm$DMH+0x0000000100252c00'
Event: 32.972 Thread 0x0000017491d23360 Unloading class 0x0000000100250000 'java/lang/invoke/LambdaForm$DMH+0x0000000100250000'

Classes redefined (0 events):
No events

Internal exceptions (20 events):
Event: 60.548 Thread 0x00000174adc37830 Exception <a 'sun/nio/fs/WindowsException'{0x00000000ebf58678}> (0x00000000ebf58678) 
thrown [s\src\hotspot\share\prims\jni.cpp, line 516]
Event: 60.617 Thread 0x00000174ad458eb0 Exception <a 'java/lang/NoSuchMethodError'{0x00000000ebfedcd0}: 'int java.lang.invoke.DirectMethodHandle$Holder.invokeSpecialIFC(java.lang.Object, java.lang.Object, java.lang.Object, java.lang.Object)'> (0x00000000ebfedcd0) 
thrown [s\src\hotspot\share\interpreter\linkResolver.cpp, line 759]
Event: 61.242 Thread 0x00000174adc37830 Exception <a 'sun/nio/fs/WindowsException'{0x00000000eac47828}> (0x00000000eac47828) 
thrown [s\src\hotspot\share\prims\jni.cpp, line 516]
Event: 61.243 Thread 0x00000174adc37830 Exception <a 'sun/nio/fs/WindowsException'{0x00000000eac512f8}> (0x00000000eac512f8) 
thrown [s\src\hotspot\share\prims\jni.cpp, line 516]
Event: 61.243 Thread 0x00000174adc37830 Exception <a 'sun/nio/fs/WindowsException'{0x00000000eac518b8}> (0x00000000eac518b8) 
thrown [s\src\hotspot\share\prims\jni.cpp, line 516]
Event: 61.259 Thread 0x00000174ad458490 Exception <a 'sun/nio/fs/WindowsException'{0x00000000eac7c868}> (0x00000000eac7c868) 
thrown [s\src\hotspot\share\prims\jni.cpp, line 516]
Event: 61.276 Thread 0x00000174ad458490 Exception <a 'sun/nio/fs/WindowsException'{0x00000000ead1e1b0}> (0x00000000ead1e1b0) 
thrown [s\src\hotspot\share\prims\jni.cpp, line 516]
Event: 61.282 Thread 0x00000174adc37830 Exception <a 'sun/nio/fs/WindowsException'{0x00000000ead67380}> (0x00000000ead67380) 
thrown [s\src\hotspot\share\prims\jni.cpp, line 516]
Event: 61.283 Thread 0x00000174adc37830 Exception <a 'sun/nio/fs/WindowsException'{0x00000000ead6f060}> (0x00000000ead6f060) 
thrown [s\src\hotspot\share\prims\jni.cpp, line 516]
Event: 61.283 Thread 0x00000174adc37830 Exception <a 'sun/nio/fs/WindowsException'{0x00000000ead6f618}> (0x00000000ead6f618) 
thrown [s\src\hotspot\share\prims\jni.cpp, line 516]
Event: 61.288 Thread 0x00000174ad458490 Exception <a 'sun/nio/fs/WindowsException'{0x00000000ead2d358}> (0x00000000ead2d358) 
thrown [s\src\hotspot\share\prims\jni.cpp, line 516]
Event: 61.706 Thread 0x00000174ad45b220 Exception <a 'java/lang/NoSuchMethodError'{0x00000000eb1191b0}: 'int java.lang.invoke.DirectMethodHandle$Holder.invokeInterface(java.lang.Object, java.lang.Object)'> (0x00000000eb1191b0) 
thrown [s\src\hotspot\share\interpreter\linkResolver.cpp, line 759]
Event: 61.706 Thread 0x00000174ad45b220 Exception <a 'java/lang/IncompatibleClassChangeError'{0x00000000eb11c498}: Found class java.lang.Object, but interface was expected> (0x00000000eb11c498) 
thrown [s\src\hotspot\share\interpreter\linkResolver.cpp, line 826]
Event: 61.784 Thread 0x00000174ad45b220 Exception <a 'sun/nio/fs/WindowsException'{0x00000000eb3a0140}> (0x00000000eb3a0140) 
thrown [s\src\hotspot\share\prims\jni.cpp, line 516]
Event: 61.822 Thread 0x00000174ad45b220 Exception <a 'sun/nio/fs/WindowsException'{0x00000000eb3ba9a0}> (0x00000000eb3ba9a0) 
thrown [s\src\hotspot\share\prims\jni.cpp, line 516]
Event: 61.871 Thread 0x00000174ad45b220 Exception <a 'sun/nio/fs/WindowsException'{0x00000000eb3c1080}> (0x00000000eb3c1080) 
thrown [s\src\hotspot\share\prims\jni.cpp, line 516]
Event: 61.873 Thread 0x00000174ad45b220 Exception <a 'sun/nio/fs/WindowsException'{0x00000000eb3c46e8}> (0x00000000eb3c46e8) 
thrown [s\src\hotspot\share\prims\jni.cpp, line 516]
Event: 61.873 Thread 0x00000174ad45b220 Exception <a 'sun/nio/fs/WindowsException'{0x00000000eb3c5498}> (0x00000000eb3c5498) 
thrown [s\src\hotspot\share\prims\jni.cpp, line 516]
Event: 61.882 Thread 0x00000174ad45b220 Exception <a 'sun/nio/fs/WindowsException'{0x00000000eb3fafd0}> (0x00000000eb3fafd0) 
thrown [s\src\hotspot\share\prims\jni.cpp, line 516]
Event: 61.892 Thread 0x00000174ad45b220 Exception <a 'sun/nio/fs/WindowsException'{0x00000000eb40b330}> (0x00000000eb40b330) 
thrown [s\src\hotspot\share\prims\jni.cpp, line 516]

VM Operations (20 events):
Event: 58.088 Executing VM operation: ParallelGCFailedAllocation
Event: 58.093 Executing VM operation: ParallelGCFailedAllocation done
Event: 58.375 Executing VM operation: HandshakeAllThreads
Event: 58.375 Executing VM operation: HandshakeAllThreads done
Event: 58.450 Executing VM operation: HandshakeAllThreads
Event: 58.450 Executing VM operation: HandshakeAllThreads done
Event: 58.758 Executing VM operation: HandshakeAllThreads
Event: 58.966 Executing VM operation: HandshakeAllThreads done
Event: 59.492 Executing VM operation: HandshakeAllThreads
Event: 59.503 Executing VM operation: HandshakeAllThreads done
Event: 59.503 Executing VM operation: Cleanup
Event: 59.530 Executing VM operation: Cleanup done
Event: 59.789 Executing VM operation: HandshakeAllThreads
Event: 59.814 Executing VM operation: HandshakeAllThreads done
Event: 59.840 Executing VM operation: HandshakeAllThreads
Event: 59.840 Executing VM operation: HandshakeAllThreads done
Event: 60.201 Executing VM operation: HandshakeAllThreads
Event: 60.201 Executing VM operation: HandshakeAllThreads done
Event: 61.053 Executing VM operation: ParallelGCFailedAllocation
Event: 61.056 Executing VM operation: ParallelGCFailedAllocation done

Events (20 events):
Event: 60.625 loading class jdk/internal/math/FormattedFloatingDecimal$Form
Event: 60.626 loading class jdk/internal/math/FormattedFloatingDecimal$Form done
Event: 60.626 loading class jdk/internal/math/FormattedFloatingDecimal
Event: 60.626 loading class jdk/internal/math/FormattedFloatingDecimal done
Event: 60.626 loading class jdk/internal/math/FormattedFloatingDecimal$1
Event: 60.626 loading class jdk/internal/math/FormattedFloatingDecimal$1 done
Event: 60.627 loading class jdk/internal/math/FormattedFloatingDecimal$2
Event: 60.627 loading class jdk/internal/math/FormattedFloatingDecimal$2 done
Event: 61.704 loading class java/util/TreeMap$ValueSpliterator
Event: 61.704 loading class java/util/TreeMap$TreeMapSpliterator
Event: 61.704 loading class java/util/TreeMap$TreeMapSpliterator done
Event: 61.704 loading class java/util/TreeMap$ValueSpliterator done
Event: 61.706 loading class java/util/AbstractList$RandomAccessSpliterator
Event: 61.706 loading class java/util/AbstractList$RandomAccessSpliterator done
Event: 61.733 loading class java/nio/file/DirectoryNotEmptyException
Event: 61.733 loading class java/nio/file/DirectoryNotEmptyException done
Event: 61.766 loading class java/nio/file/attribute/DosFileAttributeView
Event: 61.766 loading class java/nio/file/attribute/DosFileAttributeView done
Event: 61.766 loading class sun/nio/fs/WindowsFileAttributeViews$Dos
Event: 61.767 loading class sun/nio/fs/WindowsFileAttributeViews$Dos done


Dynamic libraries:
0x00007ff763da0000 - 0x00007ff763dae000 	c:\Users\ASUS\.vscode\extensions\redhat.java-1.23.0-win32-x64\jre\17.0.8.1-win32-x86_64\bin\java.exe
0x00007fff6e9d0000 - 0x00007fff6ebe4000 	C:\WINDOWS\SYSTEM32\ntdll.dll
0x00007fff6d700000 - 0x00007fff6d7c4000 	C:\WINDOWS\System32\KERNEL32.DLL
0x00007fff6bd80000 - 0x00007fff6c124000 	C:\WINDOWS\System32\KERNELBASE.dll
0x00007fff68d10000 - 0x00007fff68da7000 	C:\WINDOWS\SYSTEM32\apphelp.dll
0x00007fff6c130000 - 0x00007fff6c241000 	C:\WINDOWS\System32\ucrtbase.dll
0x00007fff54a40000 - 0x00007fff54a57000 	c:\Users\ASUS\.vscode\extensions\redhat.java-1.23.0-win32-x64\jre\17.0.8.1-win32-x86_64\bin\jli.dll
0x00007fff6da60000 - 0x00007fff6dc0e000 	C:\WINDOWS\System32\USER32.dll
0x00007fff6c4b0000 - 0x00007fff6c4d6000 	C:\WINDOWS\System32\win32u.dll
0x00007fff6d5b0000 - 0x00007fff6d5d9000 	C:\WINDOWS\System32\GDI32.dll
0x00007fff6c310000 - 0x00007fff6c428000 	C:\WINDOWS\System32\gdi32full.dll
0x00007fff6c4e0000 - 0x00007fff6c57a000 	C:\WINDOWS\System32\msvcp_win.dll
0x00007fff545c0000 - 0x00007fff545d9000 	c:\Users\ASUS\.vscode\extensions\redhat.java-1.23.0-win32-x64\jre\17.0.8.1-win32-x86_64\bin\VCRUNTIME140.dll
0x00007fff61b10000 - 0x00007fff61da3000 	C:\WINDOWS\WinSxS\amd64_microsoft.windows.common-controls_6595b64144ccf1df_6.0.22621.2215_none_270d72677387dfc3\COMCTL32.dll
0x00007fff6cf20000 - 0x00007fff6cfc7000 	C:\WINDOWS\System32\msvcrt.dll
0x00007fff6cbe0000 - 0x00007fff6cc11000 	C:\WINDOWS\System32\IMM32.DLL
0x00007fff68b00000 - 0x00007fff68b0c000 	c:\Users\ASUS\.vscode\extensions\redhat.java-1.23.0-win32-x64\jre\17.0.8.1-win32-x86_64\bin\vcruntime140_1.dll
0x00007fff0c0f0000 - 0x00007fff0c181000 	c:\Users\ASUS\.vscode\extensions\redhat.java-1.23.0-win32-x64\jre\17.0.8.1-win32-x86_64\bin\msvcp140.dll
0x00007fff04730000 - 0x00007fff0537c000 	c:\Users\ASUS\.vscode\extensions\redhat.java-1.23.0-win32-x64\jre\17.0.8.1-win32-x86_64\bin\server\jvm.dll
0x00007fff6d920000 - 0x00007fff6d9d0000 	C:\WINDOWS\System32\ADVAPI32.dll
0x00007fff6ce50000 - 0x00007fff6cef6000 	C:\WINDOWS\System32\sechost.dll
0x00007fff6d5e0000 - 0x00007fff6d6f7000 	C:\WINDOWS\System32\RPCRT4.dll
0x00007fff6bc50000 - 0x00007fff6bc9d000 	C:\WINDOWS\SYSTEM32\POWRPROF.dll
0x00007fff41890000 - 0x00007fff41899000 	C:\WINDOWS\SYSTEM32\WSOCK32.dll
0x00007fff6cc20000 - 0x00007fff6cc91000 	C:\WINDOWS\System32\WS2_32.dll
0x00007fff657c0000 - 0x00007fff657f4000 	C:\WINDOWS\SYSTEM32\WINMM.dll
0x00007fff64a60000 - 0x00007fff64a6a000 	C:\WINDOWS\SYSTEM32\VERSION.dll
0x00007fff6bc30000 - 0x00007fff6bc43000 	C:\WINDOWS\SYSTEM32\UMPDC.dll
0x00007fff6ad40000 - 0x00007fff6ad58000 	C:\WINDOWS\SYSTEM32\kernel.appcore.dll
0x00007fff61a90000 - 0x00007fff61a9a000 	c:\Users\ASUS\.vscode\extensions\redhat.java-1.23.0-win32-x64\jre\17.0.8.1-win32-x86_64\bin\jimage.dll
0x00007fff69100000 - 0x00007fff6932e000 	C:\WINDOWS\SYSTEM32\DBGHELP.DLL
0x00007fff6dc10000 - 0x00007fff6df9a000 	C:\WINDOWS\System32\combase.dll
0x00007fff6d4c0000 - 0x00007fff6d597000 	C:\WINDOWS\System32\OLEAUT32.dll
0x00007fff57470000 - 0x00007fff574a2000 	C:\WINDOWS\SYSTEM32\dbgcore.DLL
0x00007fff6c430000 - 0x00007fff6c4aa000 	C:\WINDOWS\System32\bcryptPrimitives.dll
0x00007fff61a80000 - 0x00007fff61a8e000 	c:\Users\ASUS\.vscode\extensions\redhat.java-1.23.0-win32-x64\jre\17.0.8.1-win32-x86_64\bin\instrument.dll
0x00007fff2ae10000 - 0x00007fff2ae35000 	c:\Users\ASUS\.vscode\extensions\redhat.java-1.23.0-win32-x64\jre\17.0.8.1-win32-x86_64\bin\java.dll
0x00007fff14e00000 - 0x00007fff14e18000 	c:\Users\ASUS\.vscode\extensions\redhat.java-1.23.0-win32-x64\jre\17.0.8.1-win32-x86_64\bin\zip.dll
0x00007fff6e160000 - 0x00007fff6e983000 	C:\WINDOWS\System32\SHELL32.dll
0x00007fff69cc0000 - 0x00007fff6a5aa000 	C:\WINDOWS\SYSTEM32\windows.storage.dll
0x00007fff69b80000 - 0x00007fff69cbe000 	C:\WINDOWS\SYSTEM32\wintypes.dll
0x00007fff6cd50000 - 0x00007fff6ce43000 	C:\WINDOWS\System32\SHCORE.dll
0x00007fff6d8c0000 - 0x00007fff6d91e000 	C:\WINDOWS\System32\shlwapi.dll
0x00007fff6bcb0000 - 0x00007fff6bcd6000 	C:\WINDOWS\SYSTEM32\profapi.dll
0x00007fff0c370000 - 0x00007fff0c389000 	C:\Users\ASUS\.vscode\extensions\redhat.java-1.23.0-win32-x64\jre\17.0.8.1-win32-x86_64\bin\net.dll
0x00007fff64370000 - 0x00007fff644a7000 	C:\WINDOWS\SYSTEM32\WINHTTP.dll
0x00007fff6b210000 - 0x00007fff6b279000 	C:\WINDOWS\system32\mswsock.dll
0x00007fff0c350000 - 0x00007fff0c365000 	C:\Users\ASUS\.vscode\extensions\redhat.java-1.23.0-win32-x64\jre\17.0.8.1-win32-x86_64\bin\nio.dll
0x00007fff49300000 - 0x00007fff49310000 	c:\Users\ASUS\.vscode\extensions\redhat.java-1.23.0-win32-x64\jre\17.0.8.1-win32-x86_64\bin\verify.dll
0x00007fff0c200000 - 0x00007fff0c23e000 	C:\Users\ASUS\AppData\Roaming\Code\User\globalStorage\redhat.java\1.23.0\config_win\org.eclipse.equinox.launcher\org.eclipse.equinox.launcher.win32.win32.x86_64_1.2.700.v20221108-1024\eclipse_11801.dll
0x00007fff6dfa0000 - 0x00007fff6e13e000 	C:\WINDOWS\System32\ole32.dll
0x00007fff48c70000 - 0x00007fff48c79000 	C:\Users\ASUS\.vscode\extensions\redhat.java-1.23.0-win32-x64\jre\17.0.8.1-win32-x86_64\bin\management.dll
0x00007fff41090000 - 0x00007fff4109b000 	C:\Users\ASUS\.vscode\extensions\redhat.java-1.23.0-win32-x64\jre\17.0.8.1-win32-x86_64\bin\management_ext.dll
0x00007fff6cf00000 - 0x00007fff6cf08000 	C:\WINDOWS\System32\PSAPI.DLL
0x00007fff6b440000 - 0x00007fff6b45b000 	C:\WINDOWS\SYSTEM32\CRYPTSP.dll
0x00007fff6ad00000 - 0x00007fff6ad35000 	C:\WINDOWS\system32\rsaenh.dll
0x00007fff6b2d0000 - 0x00007fff6b2fc000 	C:\WINDOWS\SYSTEM32\USERENV.dll
0x00007fff6b660000 - 0x00007fff6b688000 	C:\WINDOWS\SYSTEM32\bcrypt.dll
0x00007fff6b430000 - 0x00007fff6b43c000 	C:\WINDOWS\SYSTEM32\CRYPTBASE.dll
0x00007fff6a810000 - 0x00007fff6a83d000 	C:\WINDOWS\SYSTEM32\IPHLPAPI.DLL
0x00007fff6d5a0000 - 0x00007fff6d5a9000 	C:\WINDOWS\System32\NSI.dll
0x00007fff64270000 - 0x00007fff64289000 	C:\WINDOWS\SYSTEM32\dhcpcsvc6.DLL
0x00007fff64250000 - 0x00007fff6426f000 	C:\WINDOWS\SYSTEM32\dhcpcsvc.DLL
0x00007fff6a8d0000 - 0x00007fff6a9c2000 	C:\WINDOWS\SYSTEM32\DNSAPI.dll
0x00007fff046e0000 - 0x00007fff04725000 	C:\Users\ASUS\AppData\Local\Temp\jna-2018896\jna877460040696453692.dll

dbghelp: loaded successfully - version: 4.0.5 - missing functions: none
symbol engine: initialized successfully - sym options: 0x614 - pdb path: .;c:\Users\ASUS\.vscode\extensions\redhat.java-1.23.0-win32-x64\jre\17.0.8.1-win32-x86_64\bin;C:\WINDOWS\SYSTEM32;C:\WINDOWS\WinSxS\amd64_microsoft.windows.common-controls_6595b64144ccf1df_6.0.22621.2215_none_270d72677387dfc3;c:\Users\ASUS\.vscode\extensions\redhat.java-1.23.0-win32-x64\jre\17.0.8.1-win32-x86_64\bin\server;C:\Users\ASUS\AppData\Roaming\Code\User\globalStorage\redhat.java\1.23.0\config_win\org.eclipse.equinox.launcher\org.eclipse.equinox.launcher.win32.win32.x86_64_1.2.700.v20221108-1024;C:\Users\ASUS\AppData\Local\Temp\jna-2018896

VM Arguments:
jvm_args: --add-modules=ALL-SYSTEM --add-opens=java.base/java.util=ALL-UNNAMED --add-opens=java.base/java.lang=ALL-UNNAMED --add-opens=java.base/sun.nio.fs=ALL-UNNAMED -Declipse.application=org.eclipse.jdt.ls.core.id1 -Dosgi.bundles.defaultStartLevel=4 -Declipse.product=org.eclipse.jdt.ls.core.product -Djava.import.generatesMetadataFilesAtProjectRoot=false -DDetectVMInstallationsJob.disabled=true -Dfile.encoding=utf8 -XX:+UseParallelGC -XX:GCTimeRatio=4 -XX:AdaptiveSizePolicyWeight=90 -Dsun.zip.disableMemoryMapping=true -Xmx1G -Xms100m -Xlog:disable -javaagent:c:\Users\ASUS\.vscode\extensions\redhat.java-1.23.0-win32-x64\lombok\lombok-1.18.30.jar -XX:+HeapDumpOnOutOfMemoryError -XX:HeapDumpPath=c:\Users\ASUS\AppData\Roaming\Code\User\workspaceStorage\59a8f471ec710ae8468369d5717800e7\redhat.java -Daether.dependencyCollector.impl=bf 
java_command: c:\Users\ASUS\.vscode\extensions\redhat.java-1.23.0-win32-x64\server\plugins\org.eclipse.equinox.launcher_1.6.500.v20230717-2134.jar -configuration c:\Users\ASUS\AppData\Roaming\Code\User\globalStorage\redhat.java\1.23.0\config_win -data c:\Users\ASUS\AppData\Roaming\Code\User\workspaceStorage\59a8f471ec710ae8468369d5717800e7\redhat.java\jdt_ws
java_class_path (initial): c:\Users\ASUS\.vscode\extensions\redhat.java-1.23.0-win32-x64\server\plugins\org.eclipse.equinox.launcher_1.6.500.v20230717-2134.jar
Launcher Type: SUN_STANDARD

[Global flags]
    uintx AdaptiveSizePolicyWeight                 = 90                                        {product} {command line}
     intx CICompilerCount                          = 3                                         {product} {ergonomic}
    uintx GCTimeRatio                              = 4                                         {product} {command line}
     bool HeapDumpOnOutOfMemoryError               = true                                   {manageable} {command line}
    ccstr HeapDumpPath                             = c:\Users\ASUS\AppData\Roaming\Code\User\workspaceStorage\59a8f471ec710ae8468369d5717800e7\redhat.java         {manageable} {command line}
   size_t InitialHeapSize                          = 104857600                                 {product} {command line}
   size_t MaxHeapSize                              = 1073741824                                {product} {command line}
   size_t MaxNewSize                               = 357564416                                 {product} {ergonomic}
   size_t MinHeapDeltaBytes                        = 524288                                    {product} {ergonomic}
   size_t MinHeapSize                              = 104857600                                 {product} {command line}
   size_t NewSize                                  = 34603008                                  {product} {ergonomic}
    uintx NonNMethodCodeHeapSize                   = 5832780                                {pd product} {ergonomic}
    uintx NonProfiledCodeHeapSize                  = 122912730                              {pd product} {ergonomic}
   size_t OldSize                                  = 70254592                                  {product} {ergonomic}
    uintx ProfiledCodeHeapSize                     = 122912730                              {pd product} {ergonomic}
    uintx ReservedCodeCacheSize                    = 251658240                              {pd product} {ergonomic}
     bool SegmentedCodeCache                       = true                                      {product} {ergonomic}
   size_t SoftMaxHeapSize                          = 1073741824                             {manageable} {ergonomic}
     bool UseCompressedClassPointers               = true                           {product lp64_product} {ergonomic}
     bool UseCompressedOops                        = true                           {product lp64_product} {ergonomic}
     bool UseLargePagesIndividualAllocation        = false                                  {pd product} {ergonomic}
     bool UseParallelGC                            = true                                      {product} {command line}

Logging:
Log output configuration:
 #0: stdout all=off uptime,level,tags
 #1: stderr all=off uptime,level,tags

Environment Variables:
JAVA_HOME=C:\Program Files\Eclipse Adoptium\jdk-17.0.4.101-hotspot\
PATH=C:\Program Files\Eclipse Adoptium\jdk-17.0.4.101-hotspot\bin;C:\Program Files\Python310\Scripts\;C:\Program Files\Python310\;C:\WINDOWS\system32;C:\WINDOWS;C:\WINDOWS\System32\Wbem;C:\WINDOWS\System32\WindowsPowerShell\v1.0\;C:\WINDOWS\System32\OpenSSH\;C:\Program Files\Git\cmd;C:\Users\ASUS\AppData\Roaming\Python\Python310\Scripts;C:\Users\ASUS\Downloads\jdk-11.0.16.1_windows-x64_bin\jdk-11.0.16.1\bin;C:\Program Files\nodejs\;C:\Program Files\PowerShell\7\;C:\Program Files\MySQL\MySQL Shell 8.0\bin\;C:\Users\ASUS\AppData\Local\Microsoft\WindowsApps;C:\Users\ASUS\AppData\Roaming\Python\Python310\Scripts;C:\Users\ASUS\Downloads\jdk-11.0.16.1_windows-x64_bin\jdk-11.0.16.1\bin;C:\Users\ASUS\AppData\Roaming\npm;D:\IntelliJ IDEA Community Edition 2023.2\bin;
USERNAME=ASUS
OS=Windows_NT
PROCESSOR_IDENTIFIER=Intel64 Family 6 Model 126 Stepping 5, GenuineIntel
TMP=C:\Users\ASUS\AppData\Local\Temp
TEMP=C:\Users\ASUS\AppData\Local\Temp



---------------  S Y S T E M  ---------------

OS:
 Windows 11 , 64 bit Build 22621 (10.0.22621.2215)
OS uptime: 0 days 9:47 hours
Hyper-V role detected

CPU: total 4 (initial active 4) (2 cores per cpu, 2 threads per core) family 6 model 126 stepping 5 microcode 0xa6, cx8, cmov, fxsr, ht, mmx, 3dnowpref, sse, sse2, sse3, ssse3, sse4.1, sse4.2, popcnt, lzcnt, tsc, tscinvbit, avx, avx2, aes, erms, clmul, bmi1, bmi2, adx, avx512f, avx512dq, avx512cd, avx512bw, avx512vl, sha, fma, vzeroupper, avx512_vpopcntdq, avx512_vpclmulqdq, avx512_vaes, avx512_vnni, clflush, clflushopt, avx512_vbmi2, avx512_vbmi, hv
Processor Information for all 4 processors :
  Max Mhz: 1201, Current Mhz: 1201, Mhz Limit: 1201

Memory: 4k page, system-wide physical 7932M (304M free)
TotalPageFile size 9980M (AvailPageFile size 32M)
current process WorkingSet (physical memory assigned to process): 186M, peak: 186M
current process commit charge ("private bytes"): 259M, peak: 265M

vm_info: OpenJDK 64-Bit Server VM (17.0.8.1+1) for windows-amd64 JRE (17.0.8.1+1), built on Aug 23 2023 15:29:17 by "admin" with MS VC++ 16.7 (VS2019)

END.
