#
# There is insufficient memory for the Java Runtime Environment to continue.
# Native memory allocation (malloc) failed to allocate 1870016 bytes for Chunk::new
# Possible reasons:
#   The system is out of physical RAM or swap space
#   The process is running with CompressedOops enabled, and the Java Heap may be blocking the growth of the native heap
# Possible solutions:
#   Reduce memory load on the system
#   Increase physical memory or swap space
#   Check if swap backing store is full
#   Decrease Java heap size (-Xmx/-Xms)
#   Decrease number of Java threads
#   Decrease Java thread stack sizes (-Xss)
#   Set larger code cache with -XX:ReservedCodeCacheSize=
#   JVM is running with Unscaled Compressed Oops mode in which the Java heap is
#     placed in the first 4GB address space. The Java Heap base address is the
#     maximum limit for the native heap growth. Please use -XX:HeapBaseMinAddress
#     to set the Java Heap base and to place the Java Heap above 4GB virtual address.
# This output file may be truncated or incomplete.
#
#  Out of Memory Error (arena.cpp:189), pid=14920, tid=1008
#
# JRE version: OpenJDK Runtime Environment Temurin-17.0.4.1+1 (17.0.4.1+1) (build 17.0.4.1+1)
# Java VM: OpenJDK 64-Bit Server VM Temurin-17.0.4.1+1 (17.0.4.1+1, mixed mode, sharing, tiered, compressed oops, compressed class ptrs, g1 gc, windows-amd64)
# No core dump will be written. Minidumps are not enabled by default on client versions of Windows
#

---------------  S U M M A R Y ------------

Command Line: -XX:+ShowCodeDetailsInExceptionMessages com.store.backend.BackendApplication

Host: Intel(R) Core(TM) i3-1005G1 CPU @ 1.20GHz, 4 cores, 7G,  Windows 11 , 64 bit Build 22621 (10.0.22621.2215)
Time: Thu Oct  5 10:09:07 2023 India Standard Time elapsed time: 434.634440 seconds (0d 0h 7m 14s)

---------------  T H R E A D  ---------------

Current thread (0x000001fc2af197f0):  JavaThread "C2 CompilerThread0" daemon [_thread_in_native, id=1008, stack(0x000000bcb2a00000,0x000000bcb2b00000)]


Current CompileTask:
C2: 434634 5853       4       org.springframework.boot.devtools.filewatch.DirectorySnapshot::collectFiles (99 bytes)

Stack: [0x000000bcb2a00000,0x000000bcb2b00000]
Native frames: (J=compiled Java code, j=interpreted, Vv=VM code, C=native code)
V  [jvm.dll+0x67731a]
V  [jvm.dll+0x832284]
V  [jvm.dll+0x833a2e]
V  [jvm.dll+0x834093]
V  [jvm.dll+0x245775]
V  [jvm.dll+0xabd7b]
V  [jvm.dll+0xac30c]
V  [jvm.dll+0x363a97]
V  [jvm.dll+0x32e011]
V  [jvm.dll+0x32d4ba]
V  [jvm.dll+0x218681]
V  [jvm.dll+0x217aa1]
V  [jvm.dll+0x1a3f8d]
V  [jvm.dll+0x227498]
V  [jvm.dll+0x2255e5]
V  [jvm.dll+0x7e7e9b]
V  [jvm.dll+0x7e240a]
V  [jvm.dll+0x6761a5]
C  [ucrtbase.dll+0x29363]
C  [KERNEL32.DLL+0x1257d]
C  [ntdll.dll+0x5aa68]


---------------  P R O C E S S  ---------------

Threads class SMR info:
_java_thread_list=0x000001fc322e09e0, length=31, elements={
0x000001fc2aefd5a0, 0x000001fc2aefef60, 0x000001fc2af147e0, 0x000001fc2af15190,
0x000001fc2af15b40, 0x000001fc2af164f0, 0x000001fc2af197f0, 0x000001fc2af276e0,
0x000001fc2af285f0, 0x000001fc2b9c7880, 0x000001fc2b9cc340, 0x000001fc2f9a3bc0,
0x000001fc2f9a4090, 0x000001fc2f9a4f00, 0x000001fc2f9a4560, 0x000001fc2f9a4a30,
0x000001fc2e405ed0, 0x000001fc2e408550, 0x000001fc2e406870, 0x000001fc2e406d40,
0x000001fc2e407210, 0x000001fc2e4076e0, 0x000001fc2e407bb0, 0x000001fc2e408080,
0x000001fc2e405530, 0x000001fc2e4063a0, 0x000001fc2e408a20, 0x000001fc2e71b9f0,
0x000001fc2e71f3b0, 0x000001fc2e71bec0, 0x000001fc2e71ea10
}

Java Threads: ( => current thread )
  0x000001fc2aefd5a0 JavaThread "Reference Handler" daemon [_thread_blocked, id=13900, stack(0x000000bcb2400000,0x000000bcb2500000)]
  0x000001fc2aefef60 JavaThread "Finalizer" daemon [_thread_blocked, id=3032, stack(0x000000bcb2500000,0x000000bcb2600000)]
  0x000001fc2af147e0 JavaThread "Signal Dispatcher" daemon [_thread_blocked, id=12676, stack(0x000000bcb2600000,0x000000bcb2700000)]
  0x000001fc2af15190 JavaThread "Attach Listener" daemon [_thread_blocked, id=14924, stack(0x000000bcb2700000,0x000000bcb2800000)]
  0x000001fc2af15b40 JavaThread "Service Thread" daemon [_thread_blocked, id=5188, stack(0x000000bcb2800000,0x000000bcb2900000)]
  0x000001fc2af164f0 JavaThread "Monitor Deflation Thread" daemon [_thread_blocked, id=14836, stack(0x000000bcb2900000,0x000000bcb2a00000)]
=>0x000001fc2af197f0 JavaThread "C2 CompilerThread0" daemon [_thread_in_native, id=1008, stack(0x000000bcb2a00000,0x000000bcb2b00000)]
  0x000001fc2af276e0 JavaThread "C1 CompilerThread0" daemon [_thread_blocked, id=7220, stack(0x000000bcb2b00000,0x000000bcb2c00000)]
  0x000001fc2af285f0 JavaThread "Sweeper thread" daemon [_thread_blocked, id=3812, stack(0x000000bcb2c00000,0x000000bcb2d00000)]
  0x000001fc2b9c7880 JavaThread "Notification Thread" daemon [_thread_blocked, id=2436, stack(0x000000bcb2d00000,0x000000bcb2e00000)]
  0x000001fc2b9cc340 JavaThread "Common-Cleaner" daemon [_thread_blocked, id=4484, stack(0x000000bcb2f00000,0x000000bcb3000000)]
  0x000001fc2f9a3bc0 JavaThread "Catalina-utility-1" [_thread_blocked, id=8396, stack(0x000000bcb3700000,0x000000bcb3800000)]
  0x000001fc2f9a4090 JavaThread "Catalina-utility-2" [_thread_blocked, id=14832, stack(0x000000bcb3800000,0x000000bcb3900000)]
  0x000001fc2f9a4f00 JavaThread "container-0" [_thread_blocked, id=13736, stack(0x000000bcb3900000,0x000000bcb3a00000)]
  0x000001fc2f9a4560 JavaThread "mysql-cj-abandoned-connection-cleanup" daemon [_thread_blocked, id=10324, stack(0x000000bcb3a00000,0x000000bcb3b00000)]
  0x000001fc2f9a4a30 JavaThread "HikariPool-1 housekeeper" daemon [_thread_blocked, id=4092, stack(0x000000bcb3c00000,0x000000bcb3d00000)]
  0x000001fc2e405ed0 JavaThread "File Watcher" daemon [_thread_blocked, id=7240, stack(0x000000bcb3e00000,0x000000bcb3f00000)]
  0x000001fc2e408550 JavaThread "Live Reload Server" daemon [_thread_in_native, id=9760, stack(0x000000bcb4000000,0x000000bcb4100000)]
  0x000001fc2e406870 JavaThread "http-nio-8080-exec-1" daemon [_thread_blocked, id=11468, stack(0x000000bcb3f00000,0x000000bcb4000000)]
  0x000001fc2e406d40 JavaThread "http-nio-8080-exec-2" daemon [_thread_blocked, id=14124, stack(0x000000bcb4100000,0x000000bcb4200000)]
  0x000001fc2e407210 JavaThread "http-nio-8080-exec-3" daemon [_thread_blocked, id=3540, stack(0x000000bcb4200000,0x000000bcb4300000)]
  0x000001fc2e4076e0 JavaThread "http-nio-8080-exec-4" daemon [_thread_blocked, id=10748, stack(0x000000bcb4300000,0x000000bcb4400000)]
  0x000001fc2e407bb0 JavaThread "http-nio-8080-exec-5" daemon [_thread_blocked, id=7412, stack(0x000000bcb4400000,0x000000bcb4500000)]
  0x000001fc2e408080 JavaThread "http-nio-8080-exec-6" daemon [_thread_blocked, id=14472, stack(0x000000bcb4500000,0x000000bcb4600000)]
  0x000001fc2e405530 JavaThread "http-nio-8080-exec-7" daemon [_thread_blocked, id=8268, stack(0x000000bcb4600000,0x000000bcb4700000)]
  0x000001fc2e4063a0 JavaThread "http-nio-8080-exec-8" daemon [_thread_blocked, id=4608, stack(0x000000bcb4700000,0x000000bcb4800000)]
  0x000001fc2e408a20 JavaThread "http-nio-8080-exec-9" daemon [_thread_blocked, id=13012, stack(0x000000bcb4800000,0x000000bcb4900000)]
  0x000001fc2e71b9f0 JavaThread "http-nio-8080-exec-10" daemon [_thread_blocked, id=10792, stack(0x000000bcb4900000,0x000000bcb4a00000)]
  0x000001fc2e71f3b0 JavaThread "http-nio-8080-Poller" daemon [_thread_in_native, id=2220, stack(0x000000bcb4a00000,0x000000bcb4b00000)]
  0x000001fc2e71bec0 JavaThread "http-nio-8080-Acceptor" daemon [_thread_in_native, id=12024, stack(0x000000bcb4b00000,0x000000bcb4c00000)]
  0x000001fc2e71ea10 JavaThread "DestroyJavaVM" [_thread_blocked, id=1916, stack(0x000000bcb1d00000,0x000000bcb1e00000)]

Other Threads:
  0x000001fc2aef8c00 VMThread "VM Thread" [stack: 0x000000bcb2300000,0x000000bcb2400000] [id=4156]
  0x000001fc0d6781d0 WatcherThread [stack: 0x000000bcb2e00000,0x000000bcb2f00000] [id=11188]
  0x000001fc0d654c00 GCTaskThread "GC Thread#0" [stack: 0x000000bcb1e00000,0x000000bcb1f00000] [id=14724]
  0x000001fc2c3fa0d0 GCTaskThread "GC Thread#1" [stack: 0x000000bcb3100000,0x000000bcb3200000] [id=7060]
  0x000001fc2c2b4dd0 GCTaskThread "GC Thread#2" [stack: 0x000000bcb3200000,0x000000bcb3300000] [id=7660]
  0x000001fc2c2a7650 GCTaskThread "GC Thread#3" [stack: 0x000000bcb3300000,0x000000bcb3400000] [id=12432]
  0x000001fc0d665340 ConcurrentGCThread "G1 Main Marker" [stack: 0x000000bcb1f00000,0x000000bcb2000000] [id=4960]
  0x000001fc0d665d50 ConcurrentGCThread "G1 Conc#0" [stack: 0x000000bcb2000000,0x000000bcb2100000] [id=1064]
  0x000001fc0d6ad6b0 ConcurrentGCThread "G1 Refine#0" [stack: 0x000000bcb2100000,0x000000bcb2200000] [id=15204]
  0x000001fc2c2a7900 ConcurrentGCThread "G1 Refine#1" [stack: 0x000000bcb3400000,0x000000bcb3500000] [id=12916]
  0x000001fc2adb60d0 ConcurrentGCThread "G1 Service" [stack: 0x000000bcb2200000,0x000000bcb2300000] [id=2772]

Threads with active compile tasks:
C2 CompilerThread0   434746 5853       4       org.springframework.boot.devtools.filewatch.DirectorySnapshot::collectFiles (99 bytes)

VM state: not at safepoint (normal execution)

VM Mutex/Monitor currently owned by a thread: None

Heap address: 0x0000000084000000, size: 1984 MB, Compressed Oops mode: 32-bit

CDS archive(s) mapped at: [0x0000000800000000-0x0000000800bc0000-0x0000000800bc0000), size 12320768, SharedBaseAddress: 0x0000000800000000, ArchiveRelocationMode: 0.
Compressed class space mapped at: 0x0000000800c00000-0x0000000840c00000, reserved size: 1073741824
Narrow klass base: 0x0000000800000000, Narrow klass shift: 0, Narrow klass range: 0x100000000

GC Precious Log:
 CPUs: 4 total, 4 available
 Memory: 7932M
 Large Page Support: Disabled
 NUMA Support: Disabled
 Compressed Oops: Enabled (32-bit)
 Heap Region Size: 1M
 Heap Min Capacity: 8M
 Heap Initial Capacity: 124M
 Heap Max Capacity: 1984M
 Pre-touch: Disabled
 Parallel Workers: 4
 Concurrent Workers: 1
 Concurrent Refinement Workers: 4
 Periodic GC: Disabled

Heap:
 garbage-first heap   total 51200K, used 32872K [0x0000000084000000, 0x0000000100000000)
  region size 1024K, 7 young (7168K), 1 survivors (1024K)
 Metaspace       used 60288K, committed 60800K, reserved 1105920K
  class space    used 8215K, committed 8448K, reserved 1048576K

Heap Regions: E=young(eden), S=young(survivor), O=old, HS=humongous(starts), HC=humongous(continues), CS=collection set, F=free, OA=open archive, CA=closed archive, TAMS=top-at-mark-start (previous, next)
|   0|0x0000000084000000, 0x0000000084100000, 0x0000000084100000|100%|HS|  |TAMS 0x0000000084100000, 0x0000000084000000| Complete 
|   1|0x0000000084100000, 0x0000000084200000, 0x0000000084200000|100%| O|  |TAMS 0x0000000084200000, 0x0000000084100000| Untracked 
|   2|0x0000000084200000, 0x0000000084300000, 0x0000000084300000|100%| O|  |TAMS 0x0000000084300000, 0x0000000084200000| Untracked 
|   3|0x0000000084300000, 0x0000000084400000, 0x0000000084400000|100%| O|  |TAMS 0x0000000084400000, 0x0000000084300000| Untracked 
|   4|0x0000000084400000, 0x0000000084500000, 0x0000000084500000|100%| O|  |TAMS 0x0000000084500000, 0x0000000084400000| Untracked 
|   5|0x0000000084500000, 0x00000000845f0600, 0x0000000084600000| 93%| O|  |TAMS 0x00000000845f0600, 0x0000000084500000| Untracked 
|   6|0x0000000084600000, 0x0000000084700000, 0x0000000084700000|100%| O|  |TAMS 0x0000000084700000, 0x0000000084600000| Untracked 
|   7|0x0000000084700000, 0x0000000084800000, 0x0000000084800000|100%| O|  |TAMS 0x0000000084800000, 0x0000000084700000| Untracked 
|   8|0x0000000084800000, 0x0000000084900000, 0x0000000084900000|100%| O|  |TAMS 0x0000000084900000, 0x0000000084800000| Untracked 
|   9|0x0000000084900000, 0x0000000084a00000, 0x0000000084a00000|100%| O|  |TAMS 0x0000000084a00000, 0x0000000084900000| Untracked 
|  10|0x0000000084a00000, 0x0000000084b00000, 0x0000000084b00000|100%| O|  |TAMS 0x0000000084b00000, 0x0000000084a00000| Untracked 
|  11|0x0000000084b00000, 0x0000000084c00000, 0x0000000084c00000|100%| O|  |TAMS 0x0000000084c00000, 0x0000000084b00000| Untracked 
|  12|0x0000000084c00000, 0x0000000084d00000, 0x0000000084d00000|100%| O|  |TAMS 0x0000000084d00000, 0x0000000084c00000| Untracked 
|  13|0x0000000084d00000, 0x0000000084e00000, 0x0000000084e00000|100%| O|  |TAMS 0x0000000084e00000, 0x0000000084d00000| Untracked 
|  14|0x0000000084e00000, 0x0000000084f00000, 0x0000000084f00000|100%| O|  |TAMS 0x0000000084f00000, 0x0000000084e00000| Untracked 
|  15|0x0000000084f00000, 0x0000000085000000, 0x0000000085000000|100%| O|  |TAMS 0x0000000085000000, 0x0000000084f00000| Untracked 
|  16|0x0000000085000000, 0x0000000085100000, 0x0000000085100000|100%| O|  |TAMS 0x0000000085100000, 0x0000000085000000| Untracked 
|  17|0x0000000085100000, 0x0000000085200000, 0x0000000085200000|100%| O|  |TAMS 0x0000000085200000, 0x0000000085100000| Untracked 
|  18|0x0000000085200000, 0x0000000085300000, 0x0000000085300000|100%| O|  |TAMS 0x0000000085300000, 0x0000000085200000| Untracked 
|  19|0x0000000085300000, 0x0000000085400000, 0x0000000085400000|100%| O|  |TAMS 0x0000000085400000, 0x0000000085300000| Untracked 
|  20|0x0000000085400000, 0x0000000085500000, 0x0000000085500000|100%| O|  |TAMS 0x0000000085500000, 0x0000000085400000| Untracked 
|  21|0x0000000085500000, 0x0000000085600000, 0x0000000085600000|100%| O|  |TAMS 0x0000000085600000, 0x0000000085500000| Untracked 
|  22|0x0000000085600000, 0x0000000085700000, 0x0000000085700000|100%| O|  |TAMS 0x0000000085700000, 0x0000000085600000| Untracked 
|  23|0x0000000085700000, 0x0000000085800000, 0x0000000085800000|100%| O|  |TAMS 0x0000000085800000, 0x0000000085700000| Untracked 
|  24|0x0000000085800000, 0x0000000085900000, 0x0000000085900000|100%| O|  |TAMS 0x0000000085900000, 0x0000000085800000| Untracked 
|  25|0x0000000085900000, 0x0000000085a00000, 0x0000000085a00000|100%| O|  |TAMS 0x0000000085900000, 0x0000000085900000| Untracked 
|  26|0x0000000085a00000, 0x0000000085a39800, 0x0000000085b00000| 22%| O|  |TAMS 0x0000000085a00000, 0x0000000085a00000| Untracked 
|  27|0x0000000085b00000, 0x0000000085b00000, 0x0000000085c00000|  0%| F|  |TAMS 0x0000000085b00000, 0x0000000085b00000| Untracked 
|  28|0x0000000085c00000, 0x0000000085c00000, 0x0000000085d00000|  0%| F|  |TAMS 0x0000000085c00000, 0x0000000085c00000| Untracked 
|  29|0x0000000085d00000, 0x0000000085d00000, 0x0000000085e00000|  0%| F|  |TAMS 0x0000000085d00000, 0x0000000085d00000| Untracked 
|  30|0x0000000085e00000, 0x0000000085e00000, 0x0000000085f00000|  0%| F|  |TAMS 0x0000000085e00000, 0x0000000085e00000| Untracked 
|  31|0x0000000085f00000, 0x0000000085f00000, 0x0000000086000000|  0%| F|  |TAMS 0x0000000085f00000, 0x0000000085f00000| Untracked 
|  32|0x0000000086000000, 0x0000000086000000, 0x0000000086100000|  0%| F|  |TAMS 0x0000000086000000, 0x0000000086000000| Untracked 
|  33|0x0000000086100000, 0x0000000086100000, 0x0000000086200000|  0%| F|  |TAMS 0x0000000086100000, 0x0000000086100000| Untracked 
|  34|0x0000000086200000, 0x0000000086200000, 0x0000000086300000|  0%| F|  |TAMS 0x0000000086200000, 0x0000000086200000| Untracked 
|  35|0x0000000086300000, 0x0000000086300000, 0x0000000086400000|  0%| F|  |TAMS 0x0000000086300000, 0x0000000086300000| Untracked 
|  36|0x0000000086400000, 0x0000000086400000, 0x0000000086500000|  0%| F|  |TAMS 0x0000000086400000, 0x0000000086400000| Untracked 
|  37|0x0000000086500000, 0x0000000086500000, 0x0000000086600000|  0%| F|  |TAMS 0x0000000086500000, 0x0000000086500000| Untracked 
|  38|0x0000000086600000, 0x00000000866f0500, 0x0000000086700000| 93%| S|CS|TAMS 0x0000000086600000, 0x0000000086600000| Complete 
|  39|0x0000000086700000, 0x0000000086700000, 0x0000000086800000|  0%| F|  |TAMS 0x0000000086700000, 0x0000000086700000| Untracked 
|  40|0x0000000086800000, 0x0000000086800000, 0x0000000086900000|  0%| F|  |TAMS 0x0000000086800000, 0x0000000086800000| Untracked 
|  41|0x0000000086900000, 0x0000000086900000, 0x0000000086a00000|  0%| F|  |TAMS 0x0000000086900000, 0x0000000086900000| Untracked 
|  57|0x0000000087900000, 0x0000000087900000, 0x0000000087a00000|  0%| F|  |TAMS 0x0000000087900000, 0x0000000087900000| Untracked 
|  58|0x0000000087a00000, 0x0000000087a00000, 0x0000000087b00000|  0%| F|  |TAMS 0x0000000087a00000, 0x0000000087a00000| Untracked 
|  59|0x0000000087b00000, 0x0000000087b45318, 0x0000000087c00000| 27%| E|  |TAMS 0x0000000087b00000, 0x0000000087b00000| Complete 
|  60|0x0000000087c00000, 0x0000000087d00000, 0x0000000087d00000|100%| E|CS|TAMS 0x0000000087c00000, 0x0000000087c00000| Complete 
|  61|0x0000000087d00000, 0x0000000087e00000, 0x0000000087e00000|100%| E|CS|TAMS 0x0000000087d00000, 0x0000000087d00000| Complete 
|  62|0x0000000087e00000, 0x0000000087f00000, 0x0000000087f00000|100%| E|CS|TAMS 0x0000000087e00000, 0x0000000087e00000| Complete 
|  63|0x0000000087f00000, 0x0000000088000000, 0x0000000088000000|100%| E|CS|TAMS 0x0000000087f00000, 0x0000000087f00000| Complete 
| 123|0x000000008bb00000, 0x000000008bc00000, 0x000000008bc00000|100%| E|CS|TAMS 0x000000008bb00000, 0x000000008bb00000| Complete 

Card table byte_map: [0x000001fc244a0000,0x000001fc24880000] _byte_map_base: 0x000001fc24080000

Marking Bits (Prev, Next): (CMBitMap*) 0x000001fc0d655210, (CMBitMap*) 0x000001fc0d655250
 Prev Bits: [0x000001fc24c60000, 0x000001fc26b60000)
 Next Bits: [0x000001fc26b60000, 0x000001fc28a60000)

Polling page: 0x000001fc0b550000

Metaspace:

Usage:
  Non-class:     50.85 MB used.
      Class:      8.02 MB used.
       Both:     58.88 MB used.

Virtual space:
  Non-class space:       56.00 MB reserved,      51.12 MB ( 91%) committed,  7 nodes.
      Class space:        1.00 GB reserved,       8.25 MB ( <1%) committed,  1 nodes.
             Both:        1.05 GB reserved,      59.38 MB (  5%) committed. 

Chunk freelists:
   Non-Class:  784.00 KB
       Class:  3.56 MB
        Both:  4.33 MB

MaxMetaspaceSize: unlimited
CompressedClassSpaceSize: 1.00 GB
Initial GC threshold: 21.00 MB
Current GC threshold: 97.75 MB
CDS: on
MetaspaceReclaimPolicy: balanced
 - commit_granule_bytes: 65536.
 - commit_granule_words: 8192.
 - virtual_space_node_default_size: 1048576.
 - enlarge_chunks_in_place: 1.
 - new_chunks_are_fully_committed: 0.
 - uncommit_free_chunks: 1.
 - use_allocation_guard: 0.
 - handle_deallocations: 1.


Internal statistics:

num_allocs_failed_limit: 6.
num_arena_births: 720.
num_arena_deaths: 0.
num_vsnodes_births: 8.
num_vsnodes_deaths: 0.
num_space_committed: 950.
num_space_uncommitted: 0.
num_chunks_returned_to_freelist: 6.
num_chunks_taken_from_freelist: 2938.
num_chunk_merges: 6.
num_chunk_splits: 2121.
num_chunks_enlarged: 1668.
num_purges: 0.
num_inconsistent_stats: 0.

CodeHeap 'non-profiled nmethods': size=120000Kb used=3453Kb max_used=3453Kb free=116547Kb
 bounds [0x000001fc1cb90000, 0x000001fc1cef0000, 0x000001fc240c0000]
CodeHeap 'profiled nmethods': size=120000Kb used=9921Kb max_used=10153Kb free=110078Kb
 bounds [0x000001fc15660000, 0x000001fc16050000, 0x000001fc1cb90000]
CodeHeap 'non-nmethods': size=5760Kb used=1333Kb max_used=1384Kb free=4427Kb
 bounds [0x000001fc150c0000, 0x000001fc15330000, 0x000001fc15660000]
 total_blobs=5746 nmethods=5093 adapters=565
 compilation: enabled
              stopped_count=0, restarted_count=0
 full_count=0

Compilation events (20 events):
Event: 373.902 Thread 0x000001fc2af197f0 nmethod 5843 0x000001fc1ceed810 code [0x000001fc1ceeda40, 0x000001fc1ceee898]
Event: 394.094 Thread 0x000001fc2af276e0 5847   !   3       sun.nio.ch.WEPollSelectorImpl::processUpdateQueue (203 bytes)
Event: 394.097 Thread 0x000001fc2af276e0 nmethod 5847 0x000001fc15f19b10 code [0x000001fc15f19da0, 0x000001fc15f1ada8]
Event: 394.097 Thread 0x000001fc2af276e0 5844       3       sun.nio.ch.SelectorImpl::select (35 bytes)
Event: 394.097 Thread 0x000001fc2af276e0 nmethod 5844 0x000001fc15f19590 code [0x000001fc15f19740, 0x000001fc15f19a18]
Event: 394.097 Thread 0x000001fc2af276e0 5845   !   3       sun.nio.ch.SelectorImpl::lockAndDoSelect (87 bytes)
Event: 394.098 Thread 0x000001fc2af276e0 nmethod 5845 0x000001fc15f18910 code [0x000001fc15f18b20, 0x000001fc15f19188]
Event: 394.098 Thread 0x000001fc2af276e0 5846   !   3       sun.nio.ch.WEPollSelectorImpl::doSelect (107 bytes)
Event: 394.099 Thread 0x000001fc2af276e0 nmethod 5846 0x000001fc15f17790 code [0x000001fc15f17a20, 0x000001fc15f18438]
Event: 394.099 Thread 0x000001fc2af276e0 5848       3       sun.nio.ch.SelectorImpl::begin (9 bytes)
Event: 394.100 Thread 0x000001fc2af276e0 nmethod 5848 0x000001fc15f17390 code [0x000001fc15f17540, 0x000001fc15f176a8]
Event: 395.105 Thread 0x000001fc2af276e0 5849       3       java.util.concurrent.atomic.AtomicLong::set (12 bytes)
Event: 395.106 Thread 0x000001fc2af276e0 nmethod 5849 0x000001fc15f17010 code [0x000001fc15f171a0, 0x000001fc15f172d8]
Event: 395.106 Thread 0x000001fc2af276e0 5850   !   3       org.apache.tomcat.util.net.NioEndpoint$Poller::timeout (500 bytes)
Event: 395.108 Thread 0x000001fc2af276e0 nmethod 5850 0x000001fc1567ec90 code [0x000001fc1567f120, 0x000001fc15681e98]
Event: 402.024 Thread 0x000001fc2af276e0 5851       3       org.springframework.boot.devtools.filewatch.FileSystemWatcher$Watcher::getCurrentSnapshots (63 bytes)
Event: 402.024 Thread 0x000001fc2af276e0 nmethod 5851 0x000001fc1567de10 code [0x000001fc1567e040, 0x000001fc1567e998]
Event: 410.156 Thread 0x000001fc2af197f0 5852       4       jdk.internal.misc.Unsafe::putIntOpaque (9 bytes)
Event: 410.156 Thread 0x000001fc2af197f0 nmethod 5852 0x000001fc1ceef110 code [0x000001fc1ceef280, 0x000001fc1ceef318]
Event: 434.458 Thread 0x000001fc2af197f0 5853       4       org.springframework.boot.devtools.filewatch.DirectorySnapshot::collectFiles (99 bytes)

GC Heap History (20 events):
Event: 6.606 GC heap before
{Heap before GC invocations=8 (full 0):
 garbage-first heap   total 48128K, used 26937K [0x0000000084000000, 0x0000000100000000)
  region size 1024K, 14 young (14336K), 3 survivors (3072K)
 Metaspace       used 35576K, committed 35968K, reserved 1081344K
  class space    used 4629K, committed 4800K, reserved 1048576K
}
Event: 6.611 GC heap after
{Heap after GC invocations=9 (full 0):
 garbage-first heap   total 48128K, used 18668K [0x0000000084000000, 0x0000000100000000)
  region size 1024K, 2 young (2048K), 2 survivors (2048K)
 Metaspace       used 35576K, committed 35968K, reserved 1081344K
  class space    used 4629K, committed 4800K, reserved 1048576K
}
Event: 7.479 GC heap before
{Heap before GC invocations=10 (full 0):
 garbage-first heap   total 48128K, used 35052K [0x0000000084000000, 0x0000000100000000)
  region size 1024K, 19 young (19456K), 2 survivors (2048K)
 Metaspace       used 39858K, committed 40384K, reserved 1089536K
  class space    used 5239K, committed 5504K, reserved 1048576K
}
Event: 7.483 GC heap after
{Heap after GC invocations=11 (full 0):
 garbage-first heap   total 48128K, used 20518K [0x0000000084000000, 0x0000000100000000)
  region size 1024K, 3 young (3072K), 3 survivors (3072K)
 Metaspace       used 39858K, committed 40384K, reserved 1089536K
  class space    used 5239K, committed 5504K, reserved 1048576K
}
Event: 7.937 GC heap before
{Heap before GC invocations=11 (full 0):
 garbage-first heap   total 48128K, used 35878K [0x0000000084000000, 0x0000000100000000)
  region size 1024K, 18 young (18432K), 3 survivors (3072K)
 Metaspace       used 45104K, committed 45568K, reserved 1089536K
  class space    used 6028K, committed 6272K, reserved 1048576K
}
Event: 7.942 GC heap after
{Heap after GC invocations=12 (full 0):
 garbage-first heap   total 48128K, used 21376K [0x0000000084000000, 0x0000000100000000)
  region size 1024K, 1 young (1024K), 1 survivors (1024K)
 Metaspace       used 45104K, committed 45568K, reserved 1089536K
  class space    used 6028K, committed 6272K, reserved 1048576K
}
Event: 8.536 GC heap before
{Heap before GC invocations=12 (full 0):
 garbage-first heap   total 48128K, used 37760K [0x0000000084000000, 0x0000000100000000)
  region size 1024K, 17 young (17408K), 1 survivors (1024K)
 Metaspace       used 47787K, committed 48320K, reserved 1097728K
  class space    used 6504K, committed 6784K, reserved 1048576K
}
Event: 8.539 GC heap after
{Heap after GC invocations=13 (full 0):
 garbage-first heap   total 48128K, used 21739K [0x0000000084000000, 0x0000000100000000)
  region size 1024K, 2 young (2048K), 2 survivors (2048K)
 Metaspace       used 47787K, committed 48320K, reserved 1097728K
  class space    used 6504K, committed 6784K, reserved 1048576K
}
Event: 9.253 GC heap before
{Heap before GC invocations=13 (full 0):
 garbage-first heap   total 48128K, used 37099K [0x0000000084000000, 0x0000000100000000)
  region size 1024K, 18 young (18432K), 2 survivors (2048K)
 Metaspace       used 51374K, committed 51968K, reserved 1097728K
  class space    used 6960K, committed 7232K, reserved 1048576K
}
Event: 9.257 GC heap after
{Heap after GC invocations=14 (full 0):
 garbage-first heap   total 48128K, used 23146K [0x0000000084000000, 0x0000000100000000)
  region size 1024K, 3 young (3072K), 3 survivors (3072K)
 Metaspace       used 51374K, committed 51968K, reserved 1097728K
  class space    used 6960K, committed 7232K, reserved 1048576K
}
Event: 9.843 GC heap before
{Heap before GC invocations=14 (full 0):
 garbage-first heap   total 48128K, used 38506K [0x0000000084000000, 0x0000000100000000)
  region size 1024K, 18 young (18432K), 3 survivors (3072K)
 Metaspace       used 54085K, committed 54592K, reserved 1097728K
  class space    used 7355K, committed 7616K, reserved 1048576K
}
Event: 9.848 GC heap after
{Heap after GC invocations=15 (full 0):
 garbage-first heap   total 48128K, used 24265K [0x0000000084000000, 0x0000000100000000)
  region size 1024K, 3 young (3072K), 3 survivors (3072K)
 Metaspace       used 54085K, committed 54592K, reserved 1097728K
  class space    used 7355K, committed 7616K, reserved 1048576K
}
Event: 10.454 GC heap before
{Heap before GC invocations=15 (full 0):
 garbage-first heap   total 48128K, used 37577K [0x0000000084000000, 0x0000000100000000)
  region size 1024K, 16 young (16384K), 3 survivors (3072K)
 Metaspace       used 55153K, committed 55680K, reserved 1097728K
  class space    used 7495K, committed 7744K, reserved 1048576K
}
Event: 10.458 GC heap after
{Heap after GC invocations=16 (full 0):
 garbage-first heap   total 48128K, used 25716K [0x0000000084000000, 0x0000000100000000)
  region size 1024K, 2 young (2048K), 2 survivors (2048K)
 Metaspace       used 55153K, committed 55680K, reserved 1097728K
  class space    used 7495K, committed 7744K, reserved 1048576K
}
Event: 10.985 GC heap before
{Heap before GC invocations=17 (full 0):
 garbage-first heap   total 48128K, used 38004K [0x0000000084000000, 0x0000000100000000)
  region size 1024K, 14 young (14336K), 2 survivors (2048K)
 Metaspace       used 56271K, committed 56832K, reserved 1105920K
  class space    used 7697K, committed 7936K, reserved 1048576K
}
Event: 10.990 GC heap after
{Heap after GC invocations=18 (full 0):
 garbage-first heap   total 48128K, used 26842K [0x0000000084000000, 0x0000000100000000)
  region size 1024K, 2 young (2048K), 2 survivors (2048K)
 Metaspace       used 56271K, committed 56832K, reserved 1105920K
  class space    used 7697K, committed 7936K, reserved 1048576K
}
Event: 22.698 GC heap before
{Heap before GC invocations=18 (full 0):
 garbage-first heap   total 48128K, used 37082K [0x0000000084000000, 0x0000000100000000)
  region size 1024K, 13 young (13312K), 2 survivors (2048K)
 Metaspace       used 59155K, committed 59712K, reserved 1105920K
  class space    used 8071K, committed 8320K, reserved 1048576K
}
Event: 22.702 GC heap after
{Heap after GC invocations=19 (full 0):
 garbage-first heap   total 48128K, used 27589K [0x0000000084000000, 0x0000000100000000)
  region size 1024K, 1 young (1024K), 1 survivors (1024K)
 Metaspace       used 59155K, committed 59712K, reserved 1105920K
  class space    used 8071K, committed 8320K, reserved 1048576K
}
Event: 263.994 GC heap before
{Heap before GC invocations=20 (full 0):
 garbage-first heap   total 51200K, used 38853K [0x0000000084000000, 0x0000000100000000)
  region size 1024K, 12 young (12288K), 1 survivors (1024K)
 Metaspace       used 60254K, committed 60800K, reserved 1105920K
  class space    used 8215K, committed 8448K, reserved 1048576K
}
Event: 264.000 GC heap after
{Heap after GC invocations=21 (full 0):
 garbage-first heap   total 51200K, used 27752K [0x0000000084000000, 0x0000000100000000)
  region size 1024K, 1 young (1024K), 1 survivors (1024K)
 Metaspace       used 60254K, committed 60800K, reserved 1105920K
  class space    used 8215K, committed 8448K, reserved 1048576K
}

Deoptimization events (20 events):
Event: 10.915 Thread 0x000001fc2c2be7f0 DEOPT PACKING pc=0x000001fc1cc6f7d4 sp=0x000000bcb36fc8e0
Event: 10.915 Thread 0x000001fc2c2be7f0 DEOPT UNPACKING pc=0x000001fc15115c23 sp=0x000000bcb36fc890 mode 2
Event: 10.915 Thread 0x000001fc2c2be7f0 Uncommon trap: trap_request=0xffffffd6 fr.pc=0x000001fc1cc6f7d4 relative=0x0000000000000714
Event: 10.915 Thread 0x000001fc2c2be7f0 Uncommon trap: reason=array_check action=maybe_recompile pc=0x000001fc1cc6f7d4 method=java.util.AbstractCollection.toArray([Ljava/lang/Object;)[Ljava/lang/Object; @ 116 c2
Event: 10.915 Thread 0x000001fc2c2be7f0 DEOPT PACKING pc=0x000001fc1cc6f7d4 sp=0x000000bcb36fcab0
Event: 10.915 Thread 0x000001fc2c2be7f0 DEOPT UNPACKING pc=0x000001fc15115c23 sp=0x000000bcb36fca60 mode 2
Event: 11.081 Thread 0x000001fc2c2be7f0 DEOPT PACKING pc=0x000001fc15884923 sp=0x000000bcb36fcbf0
Event: 11.081 Thread 0x000001fc2c2be7f0 DEOPT UNPACKING pc=0x000001fc15116763 sp=0x000000bcb36fc060 mode 0
Event: 11.111 Thread 0x000001fc2c2be7f0 Uncommon trap: trap_request=0xffffff45 fr.pc=0x000001fc1cbf7360 relative=0x0000000000000060
Event: 11.111 Thread 0x000001fc2c2be7f0 Uncommon trap: reason=unstable_if action=reinterpret pc=0x000001fc1cbf7360 method=org.springframework.util.ConcurrentReferenceHashMap$Segment.clear()V @ 7 c2
Event: 11.111 Thread 0x000001fc2c2be7f0 DEOPT PACKING pc=0x000001fc1cbf7360 sp=0x000000bcb36fe490
Event: 11.111 Thread 0x000001fc2c2be7f0 DEOPT UNPACKING pc=0x000001fc15115c23 sp=0x000000bcb36fe420 mode 2
Event: 11.119 Thread 0x000001fc2c2be7f0 Uncommon trap: trap_request=0xffffff54 fr.pc=0x000001fc1cc1ca80 relative=0x0000000000000340
Event: 11.119 Thread 0x000001fc2c2be7f0 Uncommon trap: reason=speculate_null_assert action=make_not_entrant pc=0x000001fc1cc1ca80 method=org.springframework.util.ConcurrentReferenceHashMap$Segment.restructureIfNecessary(Z)V @ 41 c2
Event: 11.119 Thread 0x000001fc2c2be7f0 DEOPT PACKING pc=0x000001fc1cc1ca80 sp=0x000000bcb36fe4f0
Event: 11.119 Thread 0x000001fc2c2be7f0 DEOPT UNPACKING pc=0x000001fc15115c23 sp=0x000000bcb36fe4b8 mode 2
Event: 22.625 Thread 0x000001fc2e406d40 Uncommon trap: trap_request=0xfffffff4 fr.pc=0x000001fc1cb967e8 relative=0x0000000000000068
Event: 22.625 Thread 0x000001fc2e406d40 Uncommon trap: reason=null_check action=make_not_entrant pc=0x000001fc1cb967e8 method=java.lang.Class.isAnnotation()Z @ 1 c2
Event: 22.625 Thread 0x000001fc2e406d40 DEOPT PACKING pc=0x000001fc1cb967e8 sp=0x000000bcb41fd360
Event: 22.625 Thread 0x000001fc2e406d40 DEOPT UNPACKING pc=0x000001fc15115c23 sp=0x000000bcb41fd2f0 mode 2

Classes unloaded (0 events):
No events

Classes redefined (0 events):
No events

Internal exceptions (20 events):
Event: 9.604 Thread 0x000001fc2c2be7f0 Exception <a 'java/lang/IncompatibleClassChangeError'{0x00000000866f4f58}: Found class java.lang.Object, but interface was expected> (0x00000000866f4f58) 
thrown [s\src\hotspot\share\interpreter\linkResolver.cpp, line 826]
Event: 9.678 Thread 0x000001fc2c2be7f0 Exception <a 'java/lang/NoSuchMethodError'{0x0000000086472cd0}: 'java.lang.Object java.lang.invoke.DirectMethodHandle$Holder.invokeStatic(java.lang.Object, int, java.lang.Object)'> (0x0000000086472cd0) 
thrown [s\src\hotspot\share\interpreter\linkResolver.cpp, line 759]
Event: 9.754 Thread 0x000001fc2c2be7f0 Exception <a 'java/lang/reflect/InvocationTargetException'{0x00000000862ed650}> (0x00000000862ed650) 
thrown [s\src\hotspot\share\runtime\reflection.cpp, line 1121]
Event: 9.761 Thread 0x000001fc2c2be7f0 Exception <a 'java/lang/reflect/InvocationTargetException'{0x00000000862f8128}> (0x00000000862f8128) 
thrown [s\src\hotspot\share\runtime\reflection.cpp, line 1121]
Event: 9.768 Thread 0x000001fc2c2be7f0 Exception <a 'java/lang/reflect/InvocationTargetException'{0x0000000086117140}> (0x0000000086117140) 
thrown [s\src\hotspot\share\runtime\reflection.cpp, line 1121]
Event: 9.835 Thread 0x000001fc2c2be7f0 Exception <a 'java/lang/reflect/InvocationTargetException'{0x00000000860c1190}> (0x00000000860c1190) 
thrown [s\src\hotspot\share\runtime\reflection.cpp, line 1121]
Event: 9.895 Thread 0x000001fc2c2be7f0 Exception <a 'java/lang/reflect/InvocationTargetException'{0x0000000087f548e8}> (0x0000000087f548e8) 
thrown [s\src\hotspot\share\runtime\reflection.cpp, line 1121]
Event: 10.043 Thread 0x000001fc2c2be7f0 Exception <a 'java/lang/reflect/InvocationTargetException'{0x0000000087d8a680}> (0x0000000087d8a680) 
thrown [s\src\hotspot\share\runtime\reflection.cpp, line 1121]
Event: 10.328 Thread 0x000001fc2c2be7f0 Exception <a 'sun/nio/fs/WindowsException'{0x00000000866b1d80}> (0x00000000866b1d80) 
thrown [s\src\hotspot\share\prims\jni.cpp, line 516]
Event: 10.436 Thread 0x000001fc2c2be7f0 Exception <a 'java/lang/NoSuchMethodError'{0x0000000086251430}: 'void java.lang.invoke.DirectMethodHandle$Holder.invokeVirtual(java.lang.Object, java.lang.Object, long)'> (0x0000000086251430) 
thrown [s\src\hotspot\share\interpreter\linkResolver.cpp, line 759]
Event: 10.736 Thread 0x000001fc2c2be7f0 Exception <a 'java/lang/IncompatibleClassChangeError'{0x0000000087a0bb30}: Found class java.lang.Object, but interface was expected> (0x0000000087a0bb30) 
thrown [s\src\hotspot\share\interpreter\linkResolver.cpp, line 826]
Event: 10.799 Thread 0x000001fc2c2be7f0 Exception <a 'java/lang/NoSuchMethodError'{0x000000008798d490}: 'int java.lang.invoke.DirectMethodHandle$Holder.invokeStaticInit(java.lang.Object, java.lang.Object, java.lang.Object, java.lang.Object)'> (0x000000008798d490) 
thrown [s\src\hotspot\share\interpreter\linkResolver.cpp, line 759]
Event: 11.009 Thread 0x000001fc2c2be7f0 Exception <a 'java/lang/NoSuchMethodError'{0x000000008bba10d0}: 'java.lang.Object java.lang.invoke.DirectMethodHandle$Holder.newInvokeSpecial(java.lang.Object, java.lang.Object, int, java.lang.Object, java.lang.Object)'> (0x000000008bba10d0) 
thrown [s\src\hotspot\share\interpreter\linkResolver.cpp, line 759]
Event: 11.010 Thread 0x000001fc2c2be7f0 Exception <a 'java/lang/NoSuchMethodError'{0x000000008bbac748}: 'java.lang.Object java.lang.invoke.DirectMethodHandle$Holder.invokeSpecial(java.lang.Object, java.lang.Object, int, java.lang.Object, int, java.lang.Object)'> (0x000000008bbac748) 
thrown [s\src\hotspot\share\interpreter\linkResolver.cpp, line 759]
Event: 11.011 Thread 0x000001fc2c2be7f0 Exception <a 'java/lang/NoSuchMethodError'{0x000000008bbb47f8}: 'java.lang.Object java.lang.invoke.DirectMethodHandle$Holder.newInvokeSpecial(java.lang.Object, java.lang.Object, int, java.lang.Object, int)'> (0x000000008bbb47f8) 
thrown [s\src\hotspot\share\interpreter\linkResolver.cpp, line 759]
Event: 11.011 Thread 0x000001fc2c2be7f0 Exception <a 'java/lang/NoSuchMethodError'{0x000000008bbb88f8}: 'java.lang.Object java.lang.invoke.DirectMethodHandle$Holder.invokeSpecial(java.lang.Object, java.lang.Object, java.lang.Object, int, java.lang.Object, int)'> (0x000000008bbb88f8) 
thrown [s\src\hotspot\share\interpreter\linkResolver.cpp, line 759]
Event: 22.534 Thread 0x000001fc2e406d40 Exception <a 'java/lang/NoSuchMethodError'{0x0000000087cb16a0}: 'java.lang.Object java.lang.invoke.DirectMethodHandle$Holder.invokeSpecial(java.lang.Object, java.lang.Object, java.lang.Object, java.lang.Object, java.lang.Object, long)'> (0x0000000087cb16a0) 
thrown [s\src\hotspot\share\interpreter\linkResolver.cpp, line 759]
Event: 22.534 Thread 0x000001fc2e406d40 Exception <a 'java/lang/NoSuchMethodError'{0x0000000087cb50e0}: 'java.lang.Object java.lang.invoke.Invokers$Holder.linkToTargetMethod(java.lang.Object, java.lang.Object, java.lang.Object, long, java.lang.Object)'> (0x0000000087cb50e0) 
thrown [s\src\hotspot\share\interpreter\linkResolver.cpp, line 759]
Event: 22.751 Thread 0x000001fc2e406d40 Exception <a 'java/lang/NoSuchMethodError'{0x0000000087f65ce8}: 'void java.lang.invoke.DirectMethodHandle$Holder.invokeSpecial(java.lang.Object, java.lang.Object, java.lang.Object, java.lang.Object, java.lang.Object, java.lang.Object, java.lang.Object, java.lang.Object, java.lang.Object)'> (0x0000000087f65ce8) 
thrown [s\src\hotspot\share\interpreter\linkResolver.cpp, line 759]
Event: 22.754 Thread 0x000001fc2e406d40 Exception <a 'java/lang/NoSuchMethodError'{0x0000000087f85bf0}: 'int java.lang.invoke.DirectMethodHandle$Holder.invokeStatic(java.lang.Object, java.lang.Object, int, int)'> (0x0000000087f85bf0) 
thrown [s\src\hotspot\share\interpreter\linkResolver.cpp, line 759]

VM Operations (20 events):
Event: 210.067 Executing VM operation: Cleanup
Event: 210.067 Executing VM operation: Cleanup done
Event: 214.100 Executing VM operation: Cleanup
Event: 214.100 Executing VM operation: Cleanup done
Event: 215.104 Executing VM operation: Cleanup
Event: 215.104 Executing VM operation: Cleanup done
Event: 236.217 Executing VM operation: Cleanup
Event: 236.217 Executing VM operation: Cleanup done
Event: 256.333 Executing VM operation: Cleanup
Event: 256.333 Executing VM operation: Cleanup done
Event: 263.993 Executing VM operation: G1CollectForAllocation
Event: 264.000 Executing VM operation: G1CollectForAllocation done
Event: 266.001 Executing VM operation: Cleanup
Event: 266.001 Executing VM operation: Cleanup done
Event: 308.252 Executing VM operation: Cleanup
Event: 308.253 Executing VM operation: Cleanup done
Event: 311.274 Executing VM operation: Cleanup
Event: 311.275 Executing VM operation: Cleanup done
Event: 341.430 Executing VM operation: Cleanup
Event: 341.430 Executing VM operation: Cleanup done

Events (20 events):
Event: 22.616 loading class jdk/internal/access/foreign/MemorySegmentProxy
Event: 22.616 loading class jdk/internal/access/foreign/MemorySegmentProxy done
Event: 22.641 loading class java/io/PushbackInputStream
Event: 22.641 loading class java/io/PushbackInputStream done
Event: 22.642 loading class java/util/OptionalLong
Event: 22.642 loading class java/util/OptionalLong done
Event: 22.642 loading class java/util/OptionalDouble
Event: 22.642 loading class java/util/OptionalDouble done
Event: 22.647 loading class org/w3c/dom/Node
Event: 22.647 loading class org/w3c/dom/Node done
Event: 22.647 loading class org/w3c/dom/Document
Event: 22.647 loading class org/w3c/dom/Document done
Event: 22.792 Thread 0x000001fc2cb1dae0 Thread added: 0x000001fc2cb1dae0
Event: 22.944 loading class java/util/stream/LongStream
Event: 22.944 loading class java/util/stream/LongStream done
Event: 22.944 loading class java/util/stream/DoubleStream
Event: 22.944 loading class java/util/stream/DoubleStream done
Event: 22.952 loading class java/util/AbstractMap$SimpleEntry
Event: 22.953 loading class java/util/AbstractMap$SimpleEntry done
Event: 28.053 Thread 0x000001fc2cb1dae0 Thread exited: 0x000001fc2cb1dae0


Dynamic libraries:
0x00007ff700bd0000 - 0x00007ff700bde000 	C:\Program Files\Eclipse Adoptium\jdk-17.0.4.101-hotspot\bin\java.exe
0x00007fff6e9d0000 - 0x00007fff6ebe4000 	C:\WINDOWS\SYSTEM32\ntdll.dll
0x00007fff6d700000 - 0x00007fff6d7c4000 	C:\WINDOWS\System32\KERNEL32.DLL
0x00007fff6bd80000 - 0x00007fff6c124000 	C:\WINDOWS\System32\KERNELBASE.dll
0x00007fff68d10000 - 0x00007fff68da7000 	C:\WINDOWS\SYSTEM32\apphelp.dll
0x00007fff6c130000 - 0x00007fff6c241000 	C:\WINDOWS\System32\ucrtbase.dll
0x00007fff68b70000 - 0x00007fff68b88000 	C:\Program Files\Eclipse Adoptium\jdk-17.0.4.101-hotspot\bin\jli.dll
0x00007fff68b90000 - 0x00007fff68ba9000 	C:\Program Files\Eclipse Adoptium\jdk-17.0.4.101-hotspot\bin\VCRUNTIME140.dll
0x00007fff6da60000 - 0x00007fff6dc0e000 	C:\WINDOWS\System32\USER32.dll
0x00007fff61b10000 - 0x00007fff61da3000 	C:\WINDOWS\WinSxS\amd64_microsoft.windows.common-controls_6595b64144ccf1df_6.0.22621.2215_none_270d72677387dfc3\COMCTL32.dll
0x00007fff6c4b0000 - 0x00007fff6c4d6000 	C:\WINDOWS\System32\win32u.dll
0x00007fff6cf20000 - 0x00007fff6cfc7000 	C:\WINDOWS\System32\msvcrt.dll
0x00007fff6d5b0000 - 0x00007fff6d5d9000 	C:\WINDOWS\System32\GDI32.dll
0x00007fff6c310000 - 0x00007fff6c428000 	C:\WINDOWS\System32\gdi32full.dll
0x00007fff6c4e0000 - 0x00007fff6c57a000 	C:\WINDOWS\System32\msvcp_win.dll
0x00007fff6cbe0000 - 0x00007fff6cc11000 	C:\WINDOWS\System32\IMM32.DLL
0x00007fff68bd0000 - 0x00007fff68bdc000 	C:\Program Files\Eclipse Adoptium\jdk-17.0.4.101-hotspot\bin\vcruntime140_1.dll
0x00007fff62d70000 - 0x00007fff62e01000 	C:\Program Files\Eclipse Adoptium\jdk-17.0.4.101-hotspot\bin\msvcp140.dll
0x00007ffef9b80000 - 0x00007ffefa7c6000 	C:\Program Files\Eclipse Adoptium\jdk-17.0.4.101-hotspot\bin\server\jvm.dll
0x00007fff6d920000 - 0x00007fff6d9d0000 	C:\WINDOWS\System32\ADVAPI32.dll
0x00007fff6ce50000 - 0x00007fff6cef6000 	C:\WINDOWS\System32\sechost.dll
0x00007fff6d5e0000 - 0x00007fff6d6f7000 	C:\WINDOWS\System32\RPCRT4.dll
0x00007fff6cf00000 - 0x00007fff6cf08000 	C:\WINDOWS\System32\PSAPI.DLL
0x00007fff657c0000 - 0x00007fff657f4000 	C:\WINDOWS\SYSTEM32\WINMM.dll
0x00007fff41890000 - 0x00007fff41899000 	C:\WINDOWS\SYSTEM32\WSOCK32.dll
0x00007fff64a60000 - 0x00007fff64a6a000 	C:\WINDOWS\SYSTEM32\VERSION.dll
0x00007fff6cc20000 - 0x00007fff6cc91000 	C:\WINDOWS\System32\WS2_32.dll
0x00007fff6ad40000 - 0x00007fff6ad58000 	C:\WINDOWS\SYSTEM32\kernel.appcore.dll
0x00007fff68b60000 - 0x00007fff68b6a000 	C:\Program Files\Eclipse Adoptium\jdk-17.0.4.101-hotspot\bin\jimage.dll
0x00007fff69100000 - 0x00007fff6932e000 	C:\WINDOWS\SYSTEM32\DBGHELP.DLL
0x00007fff6dc10000 - 0x00007fff6df9a000 	C:\WINDOWS\System32\combase.dll
0x00007fff6d4c0000 - 0x00007fff6d597000 	C:\WINDOWS\System32\OLEAUT32.dll
0x00007fff57470000 - 0x00007fff574a2000 	C:\WINDOWS\SYSTEM32\dbgcore.DLL
0x00007fff6c430000 - 0x00007fff6c4aa000 	C:\WINDOWS\System32\bcryptPrimitives.dll
0x00007fff68b30000 - 0x00007fff68b55000 	C:\Program Files\Eclipse Adoptium\jdk-17.0.4.101-hotspot\bin\java.dll
0x00007fff62c90000 - 0x00007fff62d66000 	C:\Program Files\Eclipse Adoptium\jdk-17.0.4.101-hotspot\bin\jsvml.dll
0x00007fff6e160000 - 0x00007fff6e983000 	C:\WINDOWS\System32\SHELL32.dll
0x00007fff69cc0000 - 0x00007fff6a5aa000 	C:\WINDOWS\SYSTEM32\windows.storage.dll
0x00007fff69b80000 - 0x00007fff69cbe000 	C:\WINDOWS\SYSTEM32\wintypes.dll
0x00007fff6cd50000 - 0x00007fff6ce43000 	C:\WINDOWS\System32\SHCORE.dll
0x00007fff6d8c0000 - 0x00007fff6d91e000 	C:\WINDOWS\System32\shlwapi.dll
0x00007fff6bcb0000 - 0x00007fff6bcd6000 	C:\WINDOWS\SYSTEM32\profapi.dll
0x00007fff67560000 - 0x00007fff67579000 	C:\Program Files\Eclipse Adoptium\jdk-17.0.4.101-hotspot\bin\net.dll
0x00007fff64370000 - 0x00007fff644a7000 	C:\WINDOWS\SYSTEM32\WINHTTP.dll
0x00007fff6b210000 - 0x00007fff6b279000 	C:\WINDOWS\system32\mswsock.dll
0x00007fff67540000 - 0x00007fff67555000 	C:\Program Files\Eclipse Adoptium\jdk-17.0.4.101-hotspot\bin\nio.dll
0x00007fff63100000 - 0x00007fff63118000 	C:\Program Files\Eclipse Adoptium\jdk-17.0.4.101-hotspot\bin\zip.dll
0x00007fff684d0000 - 0x00007fff684d9000 	C:\Program Files\Eclipse Adoptium\jdk-17.0.4.101-hotspot\bin\management.dll
0x00007fff67430000 - 0x00007fff6743b000 	C:\Program Files\Eclipse Adoptium\jdk-17.0.4.101-hotspot\bin\management_ext.dll
0x00007fff6b440000 - 0x00007fff6b45b000 	C:\WINDOWS\SYSTEM32\CRYPTSP.dll
0x00007fff6ad00000 - 0x00007fff6ad35000 	C:\WINDOWS\system32\rsaenh.dll
0x00007fff6b2d0000 - 0x00007fff6b2fc000 	C:\WINDOWS\SYSTEM32\USERENV.dll
0x00007fff6b660000 - 0x00007fff6b688000 	C:\WINDOWS\SYSTEM32\bcrypt.dll
0x00007fff6b430000 - 0x00007fff6b43c000 	C:\WINDOWS\SYSTEM32\CRYPTBASE.dll
0x00007fff6a810000 - 0x00007fff6a83d000 	C:\WINDOWS\SYSTEM32\IPHLPAPI.DLL
0x00007fff6d5a0000 - 0x00007fff6d5a9000 	C:\WINDOWS\System32\NSI.dll
0x00007fff64270000 - 0x00007fff64289000 	C:\WINDOWS\SYSTEM32\dhcpcsvc6.DLL
0x00007fff64250000 - 0x00007fff6426f000 	C:\WINDOWS\SYSTEM32\dhcpcsvc.DLL
0x00007fff6a8d0000 - 0x00007fff6a9c2000 	C:\WINDOWS\SYSTEM32\DNSAPI.dll
0x00007fff62c80000 - 0x00007fff62c8e000 	C:\Program Files\Eclipse Adoptium\jdk-17.0.4.101-hotspot\bin\sunmscapi.dll
0x00007fff6c580000 - 0x00007fff6c6e6000 	C:\WINDOWS\System32\CRYPT32.dll
0x00007fff6b630000 - 0x00007fff6b65e000 	C:\WINDOWS\SYSTEM32\ncrypt.dll
0x00007fff6b5f0000 - 0x00007fff6b627000 	C:\WINDOWS\SYSTEM32\NTASN1.dll
0x00007fff62c70000 - 0x00007fff62c80000 	C:\Program Files\Eclipse Adoptium\jdk-17.0.4.101-hotspot\bin\verify.dll
0x00007fff59960000 - 0x00007fff5996a000 	C:\Windows\System32\rasadhlp.dll
0x00007fff63950000 - 0x00007fff639d4000 	C:\WINDOWS\System32\fwpuclnt.dll
0x00007fff4a210000 - 0x00007fff4a218000 	C:\WINDOWS\system32\wshunix.dll

dbghelp: loaded successfully - version: 4.0.5 - missing functions: none
symbol engine: initialized successfully - sym options: 0x614 - pdb path: .;C:\Program Files\Eclipse Adoptium\jdk-17.0.4.101-hotspot\bin;C:\WINDOWS\SYSTEM32;C:\WINDOWS\WinSxS\amd64_microsoft.windows.common-controls_6595b64144ccf1df_6.0.22621.2215_none_270d72677387dfc3;C:\Program Files\Eclipse Adoptium\jdk-17.0.4.101-hotspot\bin\server

VM Arguments:
jvm_args: -XX:+ShowCodeDetailsInExceptionMessages 
java_command: com.store.backend.BackendApplication
java_class_path (initial): F:\Vinsys\Angular\ShoppingStoreAngSpring\backend\target\classes;C:\Users\ASUS\.m2\repository\org\springframework\boot\spring-boot-starter-data-jpa\3.1.4\spring-boot-starter-data-jpa-3.1.4.jar;C:\Users\ASUS\.m2\repository\org\springframework\boot\spring-boot-starter-aop\3.1.4\spring-boot-starter-aop-3.1.4.jar;C:\Users\ASUS\.m2\repository\org\springframework\spring-aop\6.0.12\spring-aop-6.0.12.jar;C:\Users\ASUS\.m2\repository\org\aspectj\aspectjweaver\1.9.20\aspectjweaver-1.9.20.jar;C:\Users\ASUS\.m2\repository\org\springframework\boot\spring-boot-starter-jdbc\3.1.4\spring-boot-starter-jdbc-3.1.4.jar;C:\Users\ASUS\.m2\repository\com\zaxxer\HikariCP\5.0.1\HikariCP-5.0.1.jar;C:\Users\ASUS\.m2\repository\org\springframework\spring-jdbc\6.0.12\spring-jdbc-6.0.12.jar;C:\Users\ASUS\.m2\repository\org\hibernate\orm\hibernate-core\6.2.9.Final\hibernate-core-6.2.9.Final.jar;C:\Users\ASUS\.m2\repository\jakarta\persistence\jakarta.persistence-api\3.1.0\jakarta.persistence-api-3.1.0.jar;C:\Users\ASUS\.m2\repository\jakarta\transaction\jakarta.transaction-api\2.0.1\jakarta.transaction-api-2.0.1.jar;C:\Users\ASUS\.m2\repository\org\jboss\logging\jboss-logging\3.5.3.Final\jboss-logging-3.5.3.Final.jar;C:\Users\ASUS\.m2\repository\org\hibernate\common\hibernate-commons-annotations\6.0.6.Final\hibernate-commons-annotations-6.0.6.Final.jar;C:\Users\ASUS\.m2\repository\io\smallrye\jandex\3.0.5\jandex-3.0.5.jar;C:\Users\ASUS\.m2\repository\com\fasterxml\classmate\1.5.1\classmate-1.5.1.jar;C:\Users\ASUS\.m2\repository\net\bytebuddy\byte-buddy\1.14.8\byte-buddy-1.14.8.jar;C:\Users\ASUS\.m2\repository\org\glassfish\jaxb\jaxb-runtime\4.0.3\jaxb-runtime-4.0.3.jar;C:\Users\ASUS\.m2\repository\org\glassfish\jaxb\jaxb-core\4.0.3\jaxb-core-4.0.3.jar;C:\Users\ASUS\.m2\repository\org\eclipse\angus\angus-activation\2.0.1\angus-activation-2.0.1.jar;C:\Users\ASUS\.m2\repository\org\glassfish\jaxb\txw2\4.0.3\txw2-4.0.3.jar;C:\Users\ASUS\.m2\repository\com\sun\istack\istack
Launcher Type: SUN_STANDARD

[Global flags]
     intx CICompilerCount                          = 3                                         {product} {ergonomic}
     uint ConcGCThreads                            = 1                                         {product} {ergonomic}
     uint G1ConcRefinementThreads                  = 4                                         {product} {ergonomic}
   size_t G1HeapRegionSize                         = 1048576                                   {product} {ergonomic}
    uintx GCDrainStackTargetSize                   = 64                                        {product} {ergonomic}
   size_t InitialHeapSize                          = 130023424                                 {product} {ergonomic}
   size_t MarkStackSize                            = 4194304                                   {product} {ergonomic}
   size_t MaxHeapSize                              = 2080374784                                {product} {ergonomic}
   size_t MaxNewSize                               = 1247805440                                {product} {ergonomic}
   size_t MinHeapDeltaBytes                        = 1048576                                   {product} {ergonomic}
   size_t MinHeapSize                              = 8388608                                   {product} {ergonomic}
    uintx NonNMethodCodeHeapSize                   = 5832780                                {pd product} {ergonomic}
    uintx NonProfiledCodeHeapSize                  = 122912730                              {pd product} {ergonomic}
    uintx ProfiledCodeHeapSize                     = 122912730                              {pd product} {ergonomic}
    uintx ReservedCodeCacheSize                    = 251658240                              {pd product} {ergonomic}
     bool SegmentedCodeCache                       = true                                      {product} {ergonomic}
     bool ShowCodeDetailsInExceptionMessages       = true                                   {manageable} {command line}
   size_t SoftMaxHeapSize                          = 2080374784                             {manageable} {ergonomic}
     bool UseCompressedClassPointers               = true                           {product lp64_product} {ergonomic}
     bool UseCompressedOops                        = true                           {product lp64_product} {ergonomic}
     bool UseG1GC                                  = true                                      {product} {ergonomic}
     bool UseLargePagesIndividualAllocation        = false                                  {pd product} {ergonomic}

Logging:
Log output configuration:
 #0: stdout all=warning uptime,level,tags
 #1: stderr all=off uptime,level,tags

Environment Variables:
JAVA_HOME=C:\Program Files\Eclipse Adoptium\jdk-17.0.4.101-hotspot\
PATH=C:\Program Files\PowerShell\7;C:\Program Files\Eclipse Adoptium\jdk-17.0.4.101-hotspot\bin;C:\Program Files\Python310\Scripts\;C:\Program Files\Python310\;C:\WINDOWS\system32;C:\WINDOWS;C:\WINDOWS\System32\Wbem;C:\WINDOWS\System32\WindowsPowerShell\v1.0\;C:\WINDOWS\System32\OpenSSH\;C:\Program Files\Git\cmd;C:\Users\ASUS\AppData\Roaming\Python\Python310\Scripts;C:\Users\ASUS\Downloads\jdk-11.0.16.1_windows-x64_bin\jdk-11.0.16.1\bin;C:\Program Files\nodejs\;C:\Program Files\PowerShell\7\;C:\Program Files\MySQL\MySQL Shell 8.0\bin\;C:\Users\ASUS\AppData\Local\Microsoft\WindowsApps;C:\Users\ASUS\AppData\Roaming\Python\Python310\Scripts;C:\Users\ASUS\Downloads\jdk-11.0.16.1_windows-x64_bin\jdk-11.0.16.1\bin;C:\Users\ASUS\AppData\Roaming\npm;D:\IntelliJ IDEA Community Edition 2023.2\bin;
USERNAME=ASUS
LANG=en_US.UTF-8
OS=Windows_NT
PROCESSOR_IDENTIFIER=Intel64 Family 6 Model 126 Stepping 5, GenuineIntel
TMP=C:\Users\ASUS\AppData\Local\Temp
TEMP=C:\Users\ASUS\AppData\Local\Temp



---------------  S Y S T E M  ---------------

OS:
 Windows 11 , 64 bit Build 22621 (10.0.22621.2215)
OS uptime: 0 days 10:20 hours
Hyper-V role detected

CPU: total 4 (initial active 4) (2 cores per cpu, 2 threads per core) family 6 model 126 stepping 5 microcode 0xa6, cx8, cmov, fxsr, ht, mmx, 3dnowpref, sse, sse2, sse3, ssse3, sse4.1, sse4.2, popcnt, lzcnt, tsc, tscinvbit, avx, avx2, aes, erms, clmul, bmi1, bmi2, adx, avx512f, avx512dq, avx512cd, avx512bw, avx512vl, sha, fma, vzeroupper, avx512_vpopcntdq, avx512_vpclmulqdq, avx512_vaes, avx512_vnni, clflush, clflushopt, avx512_vbmi2, avx512_vbmi, hv

Memory: 4k page, system-wide physical 7932M (644M free)
TotalPageFile size 9980M (AvailPageFile size 7M)
current process WorkingSet (physical memory assigned to process): 210M, peak: 237M
current process commit charge ("private bytes"): 241M, peak: 267M

vm_info: OpenJDK 64-Bit Server VM (17.0.4.1+1) for windows-amd64 JRE (17.0.4.1+1), built on Aug 17 2022 07:42:43 by "temurin" with MS VC++ 16.7 (VS2019)

END.
