#
# There is insufficient memory for the Java Runtime Environment to continue.
# Native memory allocation (malloc) failed to allocate 1048576 bytes for AllocateHeap
# Possible reasons:
#   The system is out of physical RAM or swap space
#   The process is running with CompressedOops enabled, and the Java Heap may be blocking the growth of the native heap
# Possible solutions:
#   Reduce memory load on the system
#   Increase physical memory or swap space
#   Check if swap backing store is full
#   Decrease Java heap size (-Xmx/-Xms)
#   Decrease number of Java threads
#   Decrease Java thread stack sizes (-Xss)
#   Set larger code cache with -XX:ReservedCodeCacheSize=
#   JVM is running with Unscaled Compressed Oops mode in which the Java heap is
#     placed in the first 4GB address space. The Java Heap base address is the
#     maximum limit for the native heap growth. Please use -XX:HeapBaseMinAddress
#     to set the Java Heap base and to place the Java Heap above 4GB virtual address.
# This output file may be truncated or incomplete.
#
#  Out of Memory Error (allocation.cpp:44), pid=8140, tid=9016
#
# JRE version:  (17.0.8.1+1) (build )
# Java VM: OpenJDK 64-Bit Server VM (17.0.8.1+1, mixed mode, tiered, compressed oops, compressed class ptrs, parallel gc, windows-amd64)
# No core dump will be written. Minidumps are not enabled by default on client versions of Windows
#

---------------  S U M M A R Y ------------

Command Line: --add-modules=ALL-SYSTEM --add-opens=java.base/java.util=ALL-UNNAMED --add-opens=java.base/java.lang=ALL-UNNAMED --add-opens=java.base/sun.nio.fs=ALL-UNNAMED -Declipse.application=org.eclipse.jdt.ls.core.id1 -Dosgi.bundles.defaultStartLevel=4 -Declipse.product=org.eclipse.jdt.ls.core.product -Djava.import.generatesMetadataFilesAtProjectRoot=false -DDetectVMInstallationsJob.disabled=true -Dfile.encoding=utf8 -XX:+UseParallelGC -XX:GCTimeRatio=4 -XX:AdaptiveSizePolicyWeight=90 -Dsun.zip.disableMemoryMapping=true -Xmx1G -Xms100m -Xlog:disable -javaagent:c:\Users\ASUS\.vscode\extensions\redhat.java-1.23.0-win32-x64\lombok\lombok-1.18.30.jar c:\Users\ASUS\.vscode\extensions\redhat.java-1.23.0-win32-x64\server\plugins\org.eclipse.equinox.launcher_1.6.500.v20230717-2134.jar -configuration c:\Users\ASUS\AppData\Roaming\Code\User\globalStorage\redhat.java\1.23.0\config_ss_win -data c:\Users\ASUS\AppData\Roaming\Code\User\workspaceStorage\59a8f471ec710ae8468369d5717800e7\redhat.java\ss_ws

Host: Intel(R) Core(TM) i3-1005G1 CPU @ 1.20GHz, 4 cores, 7G,  Windows 11 , 64 bit Build 22621 (10.0.22621.2215)
Time: Thu Oct  5 09:33:31 2023 India Standard Time elapsed time: 0.088820 seconds (0d 0h 0m 0s)

---------------  T H R E A D  ---------------

Current thread (0x00000217cb646d70):  JavaThread "Unknown thread" [_thread_in_vm, id=9016, stack(0x0000004ec2500000,0x0000004ec2600000)]

Stack: [0x0000004ec2500000,0x0000004ec2600000]
Native frames: (J=compiled Java code, j=interpreted, Vv=VM code, C=native code)
V  [jvm.dll+0x678b0a]
V  [jvm.dll+0x835e84]
V  [jvm.dll+0x83762e]
V  [jvm.dll+0x837c93]
V  [jvm.dll+0x24746f]
V  [jvm.dll+0xa697b]
V  [jvm.dll+0x6b6463]
V  [jvm.dll+0x6b6fcf]
V  [jvm.dll+0x685238]
V  [jvm.dll+0x80864b]
V  [jvm.dll+0x36bba4]
V  [jvm.dll+0x7e733c]
V  [jvm.dll+0x3ee4af]
V  [jvm.dll+0x3f00c1]
C  [jli.dll+0x528b]
C  [ucrtbase.dll+0x29363]
C  [KERNEL32.DLL+0x1257d]
C  [ntdll.dll+0x5aa68]


---------------  P R O C E S S  ---------------

Threads class SMR info:
_java_thread_list=0x00007fff051aa018, length=0, elements={
}

Java Threads: ( => current thread )

Other Threads:
  0x00000217cb65ad30 GCTaskThread "GC Thread#0" [stack: 0x0000004ec2600000,0x0000004ec2700000] [id=12024]

=>0x00000217cb646d70 (exited) JavaThread "Unknown thread" [_thread_in_vm, id=9016, stack(0x0000004ec2500000,0x0000004ec2600000)]

Threads with active compile tasks:

VM state: not at safepoint (normal execution)

VM Mutex/Monitor currently owned by a thread: None

Heap address: 0x00000000c0000000, size: 1024 MB, Compressed Oops mode: 32-bit

CDS archive(s) not mapped
Compressed class space mapped at: 0x0000000100000000-0x0000000140000000, reserved size: 1073741824
Narrow klass base: 0x0000000000000000, Narrow klass shift: 3, Narrow klass range: 0x140000000

GC Precious Log:
 CPUs: 4 total, 4 available
 Memory: 7932M
 Large Page Support: Disabled
 NUMA Support: Disabled
 Compressed Oops: Enabled (32-bit)
 Alignments: Space 512K, Generation 512K, Heap 2M
 Heap Min Capacity: 100M
 Heap Initial Capacity: 100M
 Heap Max Capacity: 1G
 Pre-touch: Disabled
 Parallel Workers: 4

Heap:
 PSYoungGen      total 29696K, used 512K [0x00000000eab00000, 0x00000000ecc00000, 0x0000000100000000)
  eden space 25600K, 2% used [0x00000000eab00000,0x00000000eab80070,0x00000000ec400000)
  from space 4096K, 0% used [0x00000000ec800000,0x00000000ec800000,0x00000000ecc00000)
  to   space 4096K, 0% used [0x00000000ec400000,0x00000000ec400000,0x00000000ec800000)
 ParOldGen       total 68608K, used 0K [0x00000000c0000000, 0x00000000c4300000, 0x00000000eab00000)
  object space 68608K, 0% used [0x00000000c0000000,0x00000000c0000000,0x00000000c4300000)
 Metaspace       used 1149K, committed 1216K, reserved 1114112K
  class space    used 101K, committed 128K, reserved 1048576K

Card table byte_map: [0x00000217cafd0000,0x00000217cb1e0000] _byte_map_base: 0x00000217ca9d0000

Marking Bits: (ParMarkBitMap*) 0x00007fff052183a0
 Begin Bits: [0x00000217dd2b0000, 0x00000217de2b0000)
 End Bits:   [0x00000217de2b0000, 0x00000217df2b0000)

Polling page: 0x00000217c9550000

Metaspace:

Usage:
  Non-class:      1.02 MB used.
      Class:    101.05 KB used.
       Both:      1.12 MB used.

Virtual space:
  Non-class space:       64.00 MB reserved,       1.06 MB (  2%) committed,  1 nodes.
      Class space:        1.00 GB reserved,     128.00 KB ( <1%) committed,  1 nodes.
             Both:        1.06 GB reserved,       1.19 MB ( <1%) committed. 

Chunk freelists:
   Non-Class:  12.00 MB
       Class:  15.75 MB
        Both:  27.75 MB

MaxMetaspaceSize: unlimited
CompressedClassSpaceSize: 1.00 GB
Initial GC threshold: 21.00 MB
Current GC threshold: 17179869184.00 GB
CDS: off
MetaspaceReclaimPolicy: balanced
 - commit_granule_bytes: 65536.
 - commit_granule_words: 8192.
 - virtual_space_node_default_size: 8388608.
 - enlarge_chunks_in_place: 1.
 - new_chunks_are_fully_committed: 0.
 - uncommit_free_chunks: 1.
 - use_allocation_guard: 0.
 - handle_deallocations: 1.


Internal statistics:

num_allocs_failed_limit: 0.
num_arena_births: 2.
num_arena_deaths: 0.
num_vsnodes_births: 2.
num_vsnodes_deaths: 0.
num_space_committed: 19.
num_space_uncommitted: 0.
num_chunks_returned_to_freelist: 0.
num_chunks_taken_from_freelist: 3.
num_chunk_merges: 0.
num_chunk_splits: 2.
num_chunks_enlarged: 0.
num_inconsistent_stats: 0.

CodeHeap 'non-profiled nmethods': size=120000Kb used=0Kb max_used=0Kb free=120000Kb
 bounds [0x00000217d5d80000, 0x00000217d5ff0000, 0x00000217dd2b0000]
CodeHeap 'profiled nmethods': size=120000Kb used=0Kb max_used=0Kb free=120000Kb
 bounds [0x00000217ce2b0000, 0x00000217ce520000, 0x00000217d57e0000]
CodeHeap 'non-nmethods': size=5760Kb used=208Kb max_used=360Kb free=5551Kb
 bounds [0x00000217d57e0000, 0x00000217d5a50000, 0x00000217d5d80000]
 total_blobs=66 nmethods=0 adapters=47
 compilation: enabled
              stopped_count=0, restarted_count=0
 full_count=0

Compilation events (0 events):
No events

GC Heap History (0 events):
No events

Dll operation events (1 events):
Event: 0.022 Loaded shared library c:\Users\ASUS\.vscode\extensions\redhat.java-1.23.0-win32-x64\jre\17.0.8.1-win32-x86_64\bin\java.dll

Deoptimization events (0 events):
No events

Classes unloaded (0 events):
No events

Classes redefined (0 events):
No events

Internal exceptions (0 events):
No events

VM Operations (0 events):
No events

Events (20 events):
Event: 0.069 loading class java/lang/Long
Event: 0.069 loading class java/lang/Long done
Event: 0.069 loading class java/util/Iterator
Event: 0.069 loading class java/util/Iterator done
Event: 0.069 loading class java/lang/reflect/RecordComponent
Event: 0.069 loading class java/lang/reflect/RecordComponent done
Event: 0.069 loading class jdk/internal/vm/vector/VectorSupport
Event: 0.070 loading class jdk/internal/vm/vector/VectorSupport done
Event: 0.070 loading class jdk/internal/vm/vector/VectorSupport$VectorPayload
Event: 0.070 loading class jdk/internal/vm/vector/VectorSupport$VectorPayload done
Event: 0.070 loading class jdk/internal/vm/vector/VectorSupport$Vector
Event: 0.070 loading class jdk/internal/vm/vector/VectorSupport$Vector done
Event: 0.070 loading class jdk/internal/vm/vector/VectorSupport$VectorMask
Event: 0.070 loading class jdk/internal/vm/vector/VectorSupport$VectorMask done
Event: 0.070 loading class jdk/internal/vm/vector/VectorSupport$VectorShuffle
Event: 0.070 loading class jdk/internal/vm/vector/VectorSupport$VectorShuffle done
Event: 0.073 loading class java/lang/NullPointerException
Event: 0.074 loading class java/lang/NullPointerException done
Event: 0.074 loading class java/lang/ArithmeticException
Event: 0.074 loading class java/lang/ArithmeticException done


Dynamic libraries:
0x00007ff763da0000 - 0x00007ff763dae000 	c:\Users\ASUS\.vscode\extensions\redhat.java-1.23.0-win32-x64\jre\17.0.8.1-win32-x86_64\bin\java.exe
0x00007fff6e9d0000 - 0x00007fff6ebe4000 	C:\WINDOWS\SYSTEM32\ntdll.dll
0x00007fff6d700000 - 0x00007fff6d7c4000 	C:\WINDOWS\System32\KERNEL32.DLL
0x00007fff6bd80000 - 0x00007fff6c124000 	C:\WINDOWS\System32\KERNELBASE.dll
0x00007fff68d10000 - 0x00007fff68da7000 	C:\WINDOWS\SYSTEM32\apphelp.dll
0x00007fff6c130000 - 0x00007fff6c241000 	C:\WINDOWS\System32\ucrtbase.dll
0x00007fff14e00000 - 0x00007fff14e17000 	c:\Users\ASUS\.vscode\extensions\redhat.java-1.23.0-win32-x64\jre\17.0.8.1-win32-x86_64\bin\jli.dll
0x00007fff6da60000 - 0x00007fff6dc0e000 	C:\WINDOWS\System32\USER32.dll
0x00007fff6c4b0000 - 0x00007fff6c4d6000 	C:\WINDOWS\System32\win32u.dll
0x00007fff6d5b0000 - 0x00007fff6d5d9000 	C:\WINDOWS\System32\GDI32.dll
0x00007fff6c310000 - 0x00007fff6c428000 	C:\WINDOWS\System32\gdi32full.dll
0x00007fff6c4e0000 - 0x00007fff6c57a000 	C:\WINDOWS\System32\msvcp_win.dll
0x00007fff229c0000 - 0x00007fff229d9000 	c:\Users\ASUS\.vscode\extensions\redhat.java-1.23.0-win32-x64\jre\17.0.8.1-win32-x86_64\bin\VCRUNTIME140.dll
0x00007fff61b10000 - 0x00007fff61da3000 	C:\WINDOWS\WinSxS\amd64_microsoft.windows.common-controls_6595b64144ccf1df_6.0.22621.2215_none_270d72677387dfc3\COMCTL32.dll
0x00007fff6cf20000 - 0x00007fff6cfc7000 	C:\WINDOWS\System32\msvcrt.dll
0x00007fff6cbe0000 - 0x00007fff6cc11000 	C:\WINDOWS\System32\IMM32.DLL
0x00007fff49300000 - 0x00007fff4930c000 	c:\Users\ASUS\.vscode\extensions\redhat.java-1.23.0-win32-x64\jre\17.0.8.1-win32-x86_64\bin\vcruntime140_1.dll
0x00007fff052e0000 - 0x00007fff05371000 	c:\Users\ASUS\.vscode\extensions\redhat.java-1.23.0-win32-x64\jre\17.0.8.1-win32-x86_64\bin\msvcp140.dll
0x00007fff04690000 - 0x00007fff052dc000 	c:\Users\ASUS\.vscode\extensions\redhat.java-1.23.0-win32-x64\jre\17.0.8.1-win32-x86_64\bin\server\jvm.dll
0x00007fff6d920000 - 0x00007fff6d9d0000 	C:\WINDOWS\System32\ADVAPI32.dll
0x00007fff6ce50000 - 0x00007fff6cef6000 	C:\WINDOWS\System32\sechost.dll
0x00007fff6d5e0000 - 0x00007fff6d6f7000 	C:\WINDOWS\System32\RPCRT4.dll
0x00007fff6bc50000 - 0x00007fff6bc9d000 	C:\WINDOWS\SYSTEM32\POWRPROF.dll
0x00007fff41890000 - 0x00007fff41899000 	C:\WINDOWS\SYSTEM32\WSOCK32.dll
0x00007fff6cc20000 - 0x00007fff6cc91000 	C:\WINDOWS\System32\WS2_32.dll
0x00007fff657c0000 - 0x00007fff657f4000 	C:\WINDOWS\SYSTEM32\WINMM.dll
0x00007fff64a60000 - 0x00007fff64a6a000 	C:\WINDOWS\SYSTEM32\VERSION.dll
0x00007fff6bc30000 - 0x00007fff6bc43000 	C:\WINDOWS\SYSTEM32\UMPDC.dll
0x00007fff6ad40000 - 0x00007fff6ad58000 	C:\WINDOWS\SYSTEM32\kernel.appcore.dll
0x00007fff41020000 - 0x00007fff4102a000 	c:\Users\ASUS\.vscode\extensions\redhat.java-1.23.0-win32-x64\jre\17.0.8.1-win32-x86_64\bin\jimage.dll
0x00007fff69100000 - 0x00007fff6932e000 	C:\WINDOWS\SYSTEM32\DBGHELP.DLL
0x00007fff6dc10000 - 0x00007fff6df9a000 	C:\WINDOWS\System32\combase.dll
0x00007fff6d4c0000 - 0x00007fff6d597000 	C:\WINDOWS\System32\OLEAUT32.dll
0x00007fff57470000 - 0x00007fff574a2000 	C:\WINDOWS\SYSTEM32\dbgcore.DLL
0x00007fff6c430000 - 0x00007fff6c4aa000 	C:\WINDOWS\System32\bcryptPrimitives.dll
0x00007fff40b60000 - 0x00007fff40b6e000 	c:\Users\ASUS\.vscode\extensions\redhat.java-1.23.0-win32-x64\jre\17.0.8.1-win32-x86_64\bin\instrument.dll
0x00007fff04660000 - 0x00007fff04685000 	c:\Users\ASUS\.vscode\extensions\redhat.java-1.23.0-win32-x64\jre\17.0.8.1-win32-x86_64\bin\java.dll
0x00007fff05460000 - 0x00007fff05478000 	c:\Users\ASUS\.vscode\extensions\redhat.java-1.23.0-win32-x64\jre\17.0.8.1-win32-x86_64\bin\zip.dll

dbghelp: loaded successfully - version: 4.0.5 - missing functions: none
symbol engine: initialized successfully - sym options: 0x614 - pdb path: .;c:\Users\ASUS\.vscode\extensions\redhat.java-1.23.0-win32-x64\jre\17.0.8.1-win32-x86_64\bin;C:\WINDOWS\SYSTEM32;C:\WINDOWS\WinSxS\amd64_microsoft.windows.common-controls_6595b64144ccf1df_6.0.22621.2215_none_270d72677387dfc3;c:\Users\ASUS\.vscode\extensions\redhat.java-1.23.0-win32-x64\jre\17.0.8.1-win32-x86_64\bin\server

VM Arguments:
jvm_args: --add-modules=ALL-SYSTEM --add-opens=java.base/java.util=ALL-UNNAMED --add-opens=java.base/java.lang=ALL-UNNAMED --add-opens=java.base/sun.nio.fs=ALL-UNNAMED -Declipse.application=org.eclipse.jdt.ls.core.id1 -Dosgi.bundles.defaultStartLevel=4 -Declipse.product=org.eclipse.jdt.ls.core.product -Djava.import.generatesMetadataFilesAtProjectRoot=false -DDetectVMInstallationsJob.disabled=true -Dfile.encoding=utf8 -XX:+UseParallelGC -XX:GCTimeRatio=4 -XX:AdaptiveSizePolicyWeight=90 -Dsun.zip.disableMemoryMapping=true -Xmx1G -Xms100m -Xlog:disable -javaagent:c:\Users\ASUS\.vscode\extensions\redhat.java-1.23.0-win32-x64\lombok\lombok-1.18.30.jar 
java_command: c:\Users\ASUS\.vscode\extensions\redhat.java-1.23.0-win32-x64\server\plugins\org.eclipse.equinox.launcher_1.6.500.v20230717-2134.jar -configuration c:\Users\ASUS\AppData\Roaming\Code\User\globalStorage\redhat.java\1.23.0\config_ss_win -data c:\Users\ASUS\AppData\Roaming\Code\User\workspaceStorage\59a8f471ec710ae8468369d5717800e7\redhat.java\ss_ws
java_class_path (initial): c:\Users\ASUS\.vscode\extensions\redhat.java-1.23.0-win32-x64\server\plugins\org.eclipse.equinox.launcher_1.6.500.v20230717-2134.jar
Launcher Type: SUN_STANDARD

[Global flags]
    uintx AdaptiveSizePolicyWeight                 = 90                                        {product} {command line}
     intx CICompilerCount                          = 3                                         {product} {ergonomic}
    uintx GCTimeRatio                              = 4                                         {product} {command line}
   size_t InitialHeapSize                          = 104857600                                 {product} {command line}
   size_t MaxHeapSize                              = 1073741824                                {product} {command line}
   size_t MaxNewSize                               = 357564416                                 {product} {ergonomic}
   size_t MinHeapDeltaBytes                        = 524288                                    {product} {ergonomic}
   size_t MinHeapSize                              = 104857600                                 {product} {command line}
   size_t NewSize                                  = 34603008                                  {product} {ergonomic}
    uintx NonNMethodCodeHeapSize                   = 5832780                                {pd product} {ergonomic}
    uintx NonProfiledCodeHeapSize                  = 122912730                              {pd product} {ergonomic}
   size_t OldSize                                  = 70254592                                  {product} {ergonomic}
    uintx ProfiledCodeHeapSize                     = 122912730                              {pd product} {ergonomic}
    uintx ReservedCodeCacheSize                    = 251658240                              {pd product} {ergonomic}
     bool SegmentedCodeCache                       = true                                      {product} {ergonomic}
   size_t SoftMaxHeapSize                          = 1073741824                             {manageable} {ergonomic}
     bool UseCompressedClassPointers               = true                           {product lp64_product} {ergonomic}
     bool UseCompressedOops                        = true                           {product lp64_product} {ergonomic}
     bool UseLargePagesIndividualAllocation        = false                                  {pd product} {ergonomic}
     bool UseParallelGC                            = true                                      {product} {command line}

Logging:
Log output configuration:
 #0: stdout all=off uptime,level,tags
 #1: stderr all=off uptime,level,tags

Environment Variables:
JAVA_HOME=C:\Program Files\Eclipse Adoptium\jdk-17.0.4.101-hotspot\
PATH=C:\Program Files\Eclipse Adoptium\jdk-17.0.4.101-hotspot\bin;C:\Program Files\Python310\Scripts\;C:\Program Files\Python310\;C:\WINDOWS\system32;C:\WINDOWS;C:\WINDOWS\System32\Wbem;C:\WINDOWS\System32\WindowsPowerShell\v1.0\;C:\WINDOWS\System32\OpenSSH\;C:\Program Files\Git\cmd;C:\Users\ASUS\AppData\Roaming\Python\Python310\Scripts;C:\Users\ASUS\Downloads\jdk-11.0.16.1_windows-x64_bin\jdk-11.0.16.1\bin;C:\Program Files\nodejs\;C:\Program Files\PowerShell\7\;C:\Program Files\MySQL\MySQL Shell 8.0\bin\;C:\Users\ASUS\AppData\Local\Microsoft\WindowsApps;C:\Users\ASUS\AppData\Roaming\Python\Python310\Scripts;C:\Users\ASUS\Downloads\jdk-11.0.16.1_windows-x64_bin\jdk-11.0.16.1\bin;C:\Users\ASUS\AppData\Roaming\npm;D:\IntelliJ IDEA Community Edition 2023.2\bin;
USERNAME=ASUS
OS=Windows_NT
PROCESSOR_IDENTIFIER=Intel64 Family 6 Model 126 Stepping 5, GenuineIntel
TMP=C:\Users\ASUS\AppData\Local\Temp
TEMP=C:\Users\ASUS\AppData\Local\Temp



---------------  S Y S T E M  ---------------

OS:
 Windows 11 , 64 bit Build 22621 (10.0.22621.2215)
OS uptime: 0 days 9:45 hours
Hyper-V role detected

CPU: total 4 (initial active 4) (2 cores per cpu, 2 threads per core) family 6 model 126 stepping 5 microcode 0xa6, cx8, cmov, fxsr, ht, mmx, 3dnowpref, sse, sse2, sse3, ssse3, sse4.1, sse4.2, popcnt, lzcnt, tsc, tscinvbit, avx, avx2, aes, erms, clmul, bmi1, bmi2, adx, avx512f, avx512dq, avx512cd, avx512bw, avx512vl, sha, fma, vzeroupper, avx512_vpopcntdq, avx512_vpclmulqdq, avx512_vaes, avx512_vnni, clflush, clflushopt, avx512_vbmi2, avx512_vbmi, hv
Processor Information for processor 0
  Max Mhz: 1201, Current Mhz: 1000, Mhz Limit: 1201
Processor Information for processor 1
  Max Mhz: 1201, Current Mhz: 1201, Mhz Limit: 1201
Processor Information for processor 2
  Max Mhz: 1201, Current Mhz: 1201, Mhz Limit: 1201
Processor Information for processor 3
  Max Mhz: 1201, Current Mhz: 1201, Mhz Limit: 1201

Memory: 4k page, system-wide physical 7932M (602M free)
TotalPageFile size 9980M (AvailPageFile size 7M)
current process WorkingSet (physical memory assigned to process): 17M, peak: 17M
current process commit charge ("private bytes"): 162M, peak: 163M

vm_info: OpenJDK 64-Bit Server VM (17.0.8.1+1) for windows-amd64 JRE (17.0.8.1+1), built on Aug 23 2023 15:29:17 by "admin" with MS VC++ 16.7 (VS2019)

END.
